libibcm: couldn't read ABI version
[1588474290.046572] [node8:626222:0]       cm_iface.c:310  UCX  ERROR ib_cm_open_device() failed: No such file or directory. Check if ib_ucm.ko module is loaded.
[1588474290.046218] [node8:626223:0]       cm_iface.c:310  UCX  ERROR ib_cm_open_device() failed: No such file or directory. Check if ib_ucm.ko module is loaded.
libibcm: couldn't read ABI version
[node8:626223] pml_ucx.c:209 Error: Failed to create UCP worker
[node8:626222] pml_ucx.c:209 Error: Failed to create UCP worker
--------------------------------------------------------------------------
Open MPI failed an OFI Libfabric library call (fi_endpoint).  This is highly
unusual; your job may behave unpredictably (and/or abort) after this.

  Local host: node8
  Location: mtl_ofi_component.c:463
  Error: No such file or directory (2314885392840523778)
--------------------------------------------------------------------------
================================================================================
HPLinpack 2.3  --  High-Performance Linpack benchmark  --   December 2, 2018
Written by A. Petitet and R. Clint Whaley,  Innovative Computing Laboratory, UTK
Modified by Piotr Luszczek, Innovative Computing Laboratory, UTK
Modified by Julien Langou, University of Colorado Denver
================================================================================

An explanation of the input/output parameters follows:
T/V    : Wall time / encoded variant.
N      : The order of the coefficient matrix A.
NB     : The partitioning blocking factor.
P      : The number of process rows.
Q      : The number of process columns.
Time   : Time in seconds to solve the linear system.
Gflops : Rate of execution for solving the linear system.

The following parameter values will be used:

N      :   10000 
NB     :     240 
PMAP   : Row-major process mapping
P      :       1 
Q      :       2 
PFACT  :    Left    Crout    Right 
NBMIN  :       2        4 
NDIV   :       2 
RFACT  :    Left    Crout    Right 
BCAST  :   1ring 
DEPTH  :       0 
SWAP   : Mix (threshold = 64)
L1     : transposed form
U      : transposed form
EQUIL  : yes
ALIGN  : 8 double precision words

--------------------------------------------------------------------------------

- The matrix A is randomly generated for each test.
- The following scaled residual check will be computed:
      ||Ax-b||_oo / ( eps * ( || x ||_oo * || A ||_oo + || b ||_oo ) * N )
- The relative machine precision (eps) is taken to be               1.110223e-16
- Computational tests pass if scaled residuals are less than                16.0

[node8:626218] 1 more process has sent help message help-mtl-ofi.txt / OFI call fail
[node8:626218] Set MCA parameter "orte_base_help_aggregate" to 0 to see all help / error messages
================================================================================
T/V                N    NB     P     Q               Time                 Gflops
--------------------------------------------------------------------------------
WR00L2L2       10000   240     1     2               9.25             7.2116e+01
HPL_pdgesv() start time Sun May  3 05:51:31 2020

HPL_pdgesv() end time   Sun May  3 05:51:41 2020

--------------------------------------------------------------------------------
||Ax-b||_oo/(eps*(||A||_oo*||x||_oo+||b||_oo)*N)=   3.14404657e-03 ...... PASSED
================================================================================
T/V                N    NB     P     Q               Time                 Gflops
--------------------------------------------------------------------------------
WR00L2L4       10000   240     1     2               8.92             7.4776e+01
HPL_pdgesv() start time Sun May  3 05:51:44 2020

HPL_pdgesv() end time   Sun May  3 05:51:53 2020

--------------------------------------------------------------------------------
||Ax-b||_oo/(eps*(||A||_oo*||x||_oo+||b||_oo)*N)=   2.74159082e-03 ...... PASSED
================================================================================
T/V                N    NB     P     Q               Time                 Gflops
--------------------------------------------------------------------------------
WR00L2C2       10000   240     1     2               8.97             7.4299e+01
HPL_pdgesv() start time Sun May  3 05:51:57 2020

HPL_pdgesv() end time   Sun May  3 05:52:05 2020

--------------------------------------------------------------------------------
||Ax-b||_oo/(eps*(||A||_oo*||x||_oo+||b||_oo)*N)=   3.14404657e-03 ...... PASSED
================================================================================
T/V                N    NB     P     Q               Time                 Gflops
--------------------------------------------------------------------------------
WR00L2C4       10000   240     1     2               8.95             7.4486e+01
HPL_pdgesv() start time Sun May  3 05:52:09 2020

HPL_pdgesv() end time   Sun May  3 05:52:18 2020

--------------------------------------------------------------------------------
||Ax-b||_oo/(eps*(||A||_oo*||x||_oo+||b||_oo)*N)=   2.74159082e-03 ...... PASSED
================================================================================
T/V                N    NB     P     Q               Time                 Gflops
--------------------------------------------------------------------------------
WR00L2R2       10000   240     1     2               9.03             7.3846e+01
HPL_pdgesv() start time Sun May  3 05:52:21 2020

HPL_pdgesv() end time   Sun May  3 05:52:30 2020

--------------------------------------------------------------------------------
||Ax-b||_oo/(eps*(||A||_oo*||x||_oo+||b||_oo)*N)=   3.08277645e-03 ...... PASSED
================================================================================
T/V                N    NB     P     Q               Time                 Gflops
--------------------------------------------------------------------------------
WR00L2R4       10000   240     1     2               8.96             7.4393e+01
HPL_pdgesv() start time Sun May  3 05:52:34 2020

HPL_pdgesv() end time   Sun May  3 05:52:43 2020

--------------------------------------------------------------------------------
||Ax-b||_oo/(eps*(||A||_oo*||x||_oo+||b||_oo)*N)=   2.43792696e-03 ...... PASSED
================================================================================
T/V                N    NB     P     Q               Time                 Gflops
--------------------------------------------------------------------------------
WR00C2L2       10000   240     1     2               9.17             7.2753e+01
HPL_pdgesv() start time Sun May  3 05:52:46 2020

HPL_pdgesv() end time   Sun May  3 05:52:55 2020

--------------------------------------------------------------------------------
||Ax-b||_oo/(eps*(||A||_oo*||x||_oo+||b||_oo)*N)=   3.14404657e-03 ...... PASSED
================================================================================
T/V                N    NB     P     Q               Time                 Gflops
--------------------------------------------------------------------------------
WR00C2L4       10000   240     1     2               9.08             7.3424e+01
HPL_pdgesv() start time Sun May  3 05:52:59 2020

HPL_pdgesv() end time   Sun May  3 05:53:08 2020

--------------------------------------------------------------------------------
||Ax-b||_oo/(eps*(||A||_oo*||x||_oo+||b||_oo)*N)=   2.74159082e-03 ...... PASSED
================================================================================
T/V                N    NB     P     Q               Time                 Gflops
--------------------------------------------------------------------------------
WR00C2C2       10000   240     1     2               8.79             7.5899e+01
HPL_pdgesv() start time Sun May  3 05:53:11 2020

HPL_pdgesv() end time   Sun May  3 05:53:20 2020

--------------------------------------------------------------------------------
||Ax-b||_oo/(eps*(||A||_oo*||x||_oo+||b||_oo)*N)=   3.14404657e-03 ...... PASSED
================================================================================
T/V                N    NB     P     Q               Time                 Gflops
--------------------------------------------------------------------------------
WR00C2C4       10000   240     1     2               8.97             7.4373e+01
HPL_pdgesv() start time Sun May  3 05:53:24 2020

HPL_pdgesv() end time   Sun May  3 05:53:33 2020

--------------------------------------------------------------------------------
||Ax-b||_oo/(eps*(||A||_oo*||x||_oo+||b||_oo)*N)=   2.74159082e-03 ...... PASSED
================================================================================
T/V                N    NB     P     Q               Time                 Gflops
--------------------------------------------------------------------------------
WR00C2R2       10000   240     1     2               8.99             7.4169e+01
HPL_pdgesv() start time Sun May  3 05:53:36 2020

HPL_pdgesv() end time   Sun May  3 05:53:45 2020

--------------------------------------------------------------------------------
||Ax-b||_oo/(eps*(||A||_oo*||x||_oo+||b||_oo)*N)=   3.08277645e-03 ...... PASSED
================================================================================
T/V                N    NB     P     Q               Time                 Gflops
--------------------------------------------------------------------------------
WR00C2R4       10000   240     1     2               8.98             7.4227e+01
HPL_pdgesv() start time Sun May  3 05:53:48 2020

HPL_pdgesv() end time   Sun May  3 05:53:57 2020

--------------------------------------------------------------------------------
||Ax-b||_oo/(eps*(||A||_oo*||x||_oo+||b||_oo)*N)=   2.43792696e-03 ...... PASSED
================================================================================
T/V                N    NB     P     Q               Time                 Gflops
--------------------------------------------------------------------------------
WR00R2L2       10000   240     1     2               8.97             7.4299e+01
HPL_pdgesv() start time Sun May  3 05:54:01 2020

HPL_pdgesv() end time   Sun May  3 05:54:10 2020

--------------------------------------------------------------------------------
||Ax-b||_oo/(eps*(||A||_oo*||x||_oo+||b||_oo)*N)=   3.14404657e-03 ...... PASSED
================================================================================
T/V                N    NB     P     Q               Time                 Gflops
--------------------------------------------------------------------------------
WR00R2L4       10000   240     1     2               8.91             7.4845e+01
HPL_pdgesv() start time Sun May  3 05:54:13 2020

HPL_pdgesv() end time   Sun May  3 05:54:22 2020

--------------------------------------------------------------------------------
||Ax-b||_oo/(eps*(||A||_oo*||x||_oo+||b||_oo)*N)=   2.74159082e-03 ...... PASSED
================================================================================
T/V                N    NB     P     Q               Time                 Gflops
--------------------------------------------------------------------------------
WR00R2C2       10000   240     1     2               9.03             7.3881e+01
HPL_pdgesv() start time Sun May  3 05:54:26 2020

HPL_pdgesv() end time   Sun May  3 05:54:35 2020

--------------------------------------------------------------------------------
||Ax-b||_oo/(eps*(||A||_oo*||x||_oo+||b||_oo)*N)=   3.14404657e-03 ...... PASSED
================================================================================
T/V                N    NB     P     Q               Time                 Gflops
--------------------------------------------------------------------------------
WR00R2C4       10000   240     1     2               9.19             7.2582e+01
HPL_pdgesv() start time Sun May  3 05:54:38 2020

HPL_pdgesv() end time   Sun May  3 05:54:47 2020

--------------------------------------------------------------------------------
||Ax-b||_oo/(eps*(||A||_oo*||x||_oo+||b||_oo)*N)=   2.74159082e-03 ...... PASSED
================================================================================
T/V                N    NB     P     Q               Time                 Gflops
--------------------------------------------------------------------------------
WR00R2R2       10000   240     1     2               9.01             7.4033e+01
HPL_pdgesv() start time Sun May  3 05:54:51 2020

HPL_pdgesv() end time   Sun May  3 05:55:00 2020

--------------------------------------------------------------------------------
||Ax-b||_oo/(eps*(||A||_oo*||x||_oo+||b||_oo)*N)=   3.08277645e-03 ...... PASSED
================================================================================
T/V                N    NB     P     Q               Time                 Gflops
--------------------------------------------------------------------------------
WR00R2R4       10000   240     1     2               8.86             7.5284e+01
HPL_pdgesv() start time Sun May  3 05:55:03 2020

HPL_pdgesv() end time   Sun May  3 05:55:12 2020

--------------------------------------------------------------------------------
||Ax-b||_oo/(eps*(||A||_oo*||x||_oo+||b||_oo)*N)=   2.43792696e-03 ...... PASSED
================================================================================

Finished     18 tests with the following results:
             18 tests completed and passed residual checks,
              0 tests completed and failed residual checks,
              0 tests skipped because of illegal input values.
--------------------------------------------------------------------------------

End of Tests.
================================================================================
