================================================================================
HPLinpack 2.3  --  High-Performance Linpack benchmark  --   December 2, 2018
Written by A. Petitet and R. Clint Whaley,  Innovative Computing Laboratory, UTK
Modified by Piotr Luszczek, Innovative Computing Laboratory, UTK
Modified by Julien Langou, University of Colorado Denver
================================================================================

An explanation of the input/output parameters follows:
T/V    : Wall time / encoded variant.
N      : The order of the coefficient matrix A.
NB     : The partitioning blocking factor.
P      : The number of process rows.
Q      : The number of process columns.
Time   : Time in seconds to solve the linear system.
Gflops : Rate of execution for solving the linear system.

The following parameter values will be used:

N      :   10000    15000    20000    25000    30000 
NB     :      10       50      150 
PMAP   : Row-major process mapping
P      :       1        2        3        6 
Q      :       6        3        2        1 
PFACT  :    Left    Crout    Right 
NBMIN  :       2        4 
NDIV   :       2 
RFACT  :    Left    Crout    Right 
BCAST  :   1ring 
DEPTH  :       0 
SWAP   : Mix (threshold = 64)
L1     : transposed form
U      : transposed form
EQUIL  : yes
ALIGN  : 8 double precision words

--------------------------------------------------------------------------------

- The matrix A is randomly generated for each test.
- The following scaled residual check will be computed:
      ||Ax-b||_oo / ( eps * ( || x ||_oo * || A ||_oo + || b ||_oo ) * N )
- The relative machine precision (eps) is taken to be               1.110223e-16
- Computational tests pass if scaled residuals are less than                16.0

================================================================================
T/V                N    NB     P     Q               Time                 Gflops
--------------------------------------------------------------------------------
WR00L2L2       10000    10     1     6              20.93             3.1859e+01
HPL_pdgesv() start time Tue May  5 02:32:52 2020

HPL_pdgesv() end time   Tue May  5 02:33:13 2020

--------------------------------------------------------------------------------
||Ax-b||_oo/(eps*(||A||_oo*||x||_oo+||b||_oo)*N)=   2.31640583e-03 ...... PASSED
================================================================================
T/V                N    NB     P     Q               Time                 Gflops
--------------------------------------------------------------------------------
WR00L2L4       10000    10     1     6              19.47             3.4240e+01
HPL_pdgesv() start time Tue May  5 02:33:15 2020

HPL_pdgesv() end time   Tue May  5 02:33:34 2020

--------------------------------------------------------------------------------
||Ax-b||_oo/(eps*(||A||_oo*||x||_oo+||b||_oo)*N)=   1.90480898e-03 ...... PASSED
================================================================================
T/V                N    NB     P     Q               Time                 Gflops
--------------------------------------------------------------------------------
WR00L2C2       10000    10     1     6              19.31             3.4533e+01
HPL_pdgesv() start time Tue May  5 02:33:35 2020

HPL_pdgesv() end time   Tue May  5 02:33:55 2020

--------------------------------------------------------------------------------
||Ax-b||_oo/(eps*(||A||_oo*||x||_oo+||b||_oo)*N)=   2.31640583e-03 ...... PASSED
================================================================================
T/V                N    NB     P     Q               Time                 Gflops
--------------------------------------------------------------------------------
WR00L2C4       10000    10     1     6              20.10             3.3172e+01
HPL_pdgesv() start time Tue May  5 02:33:56 2020

HPL_pdgesv() end time   Tue May  5 02:34:16 2020

--------------------------------------------------------------------------------
||Ax-b||_oo/(eps*(||A||_oo*||x||_oo+||b||_oo)*N)=   1.90480898e-03 ...... PASSED
================================================================================
T/V                N    NB     P     Q               Time                 Gflops
--------------------------------------------------------------------------------
WR00L2R2       10000    10     1     6              18.90             3.5279e+01
HPL_pdgesv() start time Tue May  5 02:34:18 2020

HPL_pdgesv() end time   Tue May  5 02:34:36 2020

--------------------------------------------------------------------------------
||Ax-b||_oo/(eps*(||A||_oo*||x||_oo+||b||_oo)*N)=   1.98695541e-03 ...... PASSED
================================================================================
T/V                N    NB     P     Q               Time                 Gflops
--------------------------------------------------------------------------------
WR00L2R4       10000    10     1     6              19.09             3.4929e+01
HPL_pdgesv() start time Tue May  5 02:34:38 2020

HPL_pdgesv() end time   Tue May  5 02:34:57 2020

--------------------------------------------------------------------------------
||Ax-b||_oo/(eps*(||A||_oo*||x||_oo+||b||_oo)*N)=   1.95669093e-03 ...... PASSED
================================================================================
T/V                N    NB     P     Q               Time                 Gflops
--------------------------------------------------------------------------------
WR00C2L2       10000    10     1     6              19.59             3.4034e+01
HPL_pdgesv() start time Tue May  5 02:34:58 2020

HPL_pdgesv() end time   Tue May  5 02:35:18 2020

--------------------------------------------------------------------------------
||Ax-b||_oo/(eps*(||A||_oo*||x||_oo+||b||_oo)*N)=   2.31640583e-03 ...... PASSED
================================================================================
T/V                N    NB     P     Q               Time                 Gflops
--------------------------------------------------------------------------------
WR00C2L4       10000    10     1     6              19.57             3.4079e+01
HPL_pdgesv() start time Tue May  5 02:35:19 2020

HPL_pdgesv() end time   Tue May  5 02:35:39 2020

--------------------------------------------------------------------------------
||Ax-b||_oo/(eps*(||A||_oo*||x||_oo+||b||_oo)*N)=   1.90480898e-03 ...... PASSED
================================================================================
T/V                N    NB     P     Q               Time                 Gflops
--------------------------------------------------------------------------------
WR00C2C2       10000    10     1     6              19.26             3.4621e+01
HPL_pdgesv() start time Tue May  5 02:35:40 2020

HPL_pdgesv() end time   Tue May  5 02:35:59 2020

--------------------------------------------------------------------------------
||Ax-b||_oo/(eps*(||A||_oo*||x||_oo+||b||_oo)*N)=   2.31640583e-03 ...... PASSED
================================================================================
T/V                N    NB     P     Q               Time                 Gflops
--------------------------------------------------------------------------------
WR00C2C4       10000    10     1     6              19.66             3.3913e+01
HPL_pdgesv() start time Tue May  5 02:36:01 2020

HPL_pdgesv() end time   Tue May  5 02:36:20 2020

--------------------------------------------------------------------------------
||Ax-b||_oo/(eps*(||A||_oo*||x||_oo+||b||_oo)*N)=   1.90480898e-03 ...... PASSED
================================================================================
T/V                N    NB     P     Q               Time                 Gflops
--------------------------------------------------------------------------------
WR00C2R2       10000    10     1     6              18.88             3.5310e+01
HPL_pdgesv() start time Tue May  5 02:36:22 2020

HPL_pdgesv() end time   Tue May  5 02:36:41 2020

--------------------------------------------------------------------------------
||Ax-b||_oo/(eps*(||A||_oo*||x||_oo+||b||_oo)*N)=   1.98695541e-03 ...... PASSED
================================================================================
T/V                N    NB     P     Q               Time                 Gflops
--------------------------------------------------------------------------------
WR00C2R4       10000    10     1     6              19.14             3.4835e+01
HPL_pdgesv() start time Tue May  5 02:36:42 2020

HPL_pdgesv() end time   Tue May  5 02:37:01 2020

--------------------------------------------------------------------------------
||Ax-b||_oo/(eps*(||A||_oo*||x||_oo+||b||_oo)*N)=   1.95669093e-03 ...... PASSED
================================================================================
T/V                N    NB     P     Q               Time                 Gflops
--------------------------------------------------------------------------------
WR00R2L2       10000    10     1     6              18.55             3.5940e+01
HPL_pdgesv() start time Tue May  5 02:37:02 2020

HPL_pdgesv() end time   Tue May  5 02:37:21 2020

--------------------------------------------------------------------------------
||Ax-b||_oo/(eps*(||A||_oo*||x||_oo+||b||_oo)*N)=   2.31640583e-03 ...... PASSED
================================================================================
T/V                N    NB     P     Q               Time                 Gflops
--------------------------------------------------------------------------------
WR00R2L4       10000    10     1     6              20.39             3.2697e+01
HPL_pdgesv() start time Tue May  5 02:37:22 2020

HPL_pdgesv() end time   Tue May  5 02:37:43 2020

--------------------------------------------------------------------------------
||Ax-b||_oo/(eps*(||A||_oo*||x||_oo+||b||_oo)*N)=   1.90480898e-03 ...... PASSED
================================================================================
T/V                N    NB     P     Q               Time                 Gflops
--------------------------------------------------------------------------------
WR00R2C2       10000    10     1     6              19.30             3.4549e+01
HPL_pdgesv() start time Tue May  5 02:37:44 2020

HPL_pdgesv() end time   Tue May  5 02:38:03 2020

--------------------------------------------------------------------------------
||Ax-b||_oo/(eps*(||A||_oo*||x||_oo+||b||_oo)*N)=   2.31640583e-03 ...... PASSED
================================================================================
T/V                N    NB     P     Q               Time                 Gflops
--------------------------------------------------------------------------------
WR00R2C4       10000    10     1     6              19.32             3.4510e+01
HPL_pdgesv() start time Tue May  5 02:38:05 2020

HPL_pdgesv() end time   Tue May  5 02:38:24 2020

--------------------------------------------------------------------------------
||Ax-b||_oo/(eps*(||A||_oo*||x||_oo+||b||_oo)*N)=   1.90480898e-03 ...... PASSED
================================================================================
T/V                N    NB     P     Q               Time                 Gflops
--------------------------------------------------------------------------------
WR00R2R2       10000    10     1     6              18.97             3.5156e+01
HPL_pdgesv() start time Tue May  5 02:38:25 2020

HPL_pdgesv() end time   Tue May  5 02:38:44 2020

--------------------------------------------------------------------------------
||Ax-b||_oo/(eps*(||A||_oo*||x||_oo+||b||_oo)*N)=   1.98695541e-03 ...... PASSED
================================================================================
T/V                N    NB     P     Q               Time                 Gflops
--------------------------------------------------------------------------------
WR00R2R4       10000    10     1     6              19.17             3.4776e+01
HPL_pdgesv() start time Tue May  5 02:38:46 2020

HPL_pdgesv() end time   Tue May  5 02:39:05 2020

--------------------------------------------------------------------------------
||Ax-b||_oo/(eps*(||A||_oo*||x||_oo+||b||_oo)*N)=   1.95669093e-03 ...... PASSED
================================================================================
T/V                N    NB     P     Q               Time                 Gflops
--------------------------------------------------------------------------------
WR00L2L2       10000    50     1     6               8.42             7.9191e+01
HPL_pdgesv() start time Tue May  5 02:39:06 2020

HPL_pdgesv() end time   Tue May  5 02:39:15 2020

--------------------------------------------------------------------------------
||Ax-b||_oo/(eps*(||A||_oo*||x||_oo+||b||_oo)*N)=   1.91679124e-03 ...... PASSED
================================================================================
T/V                N    NB     P     Q               Time                 Gflops
--------------------------------------------------------------------------------
WR00L2L4       10000    50     1     6               8.59             7.7639e+01
HPL_pdgesv() start time Tue May  5 02:39:16 2020

HPL_pdgesv() end time   Tue May  5 02:39:24 2020

--------------------------------------------------------------------------------
||Ax-b||_oo/(eps*(||A||_oo*||x||_oo+||b||_oo)*N)=   1.95076157e-03 ...... PASSED
================================================================================
T/V                N    NB     P     Q               Time                 Gflops
--------------------------------------------------------------------------------
WR00L2C2       10000    50     1     6               8.37             7.9650e+01
HPL_pdgesv() start time Tue May  5 02:39:26 2020

HPL_pdgesv() end time   Tue May  5 02:39:34 2020

--------------------------------------------------------------------------------
||Ax-b||_oo/(eps*(||A||_oo*||x||_oo+||b||_oo)*N)=   1.91679124e-03 ...... PASSED
================================================================================
T/V                N    NB     P     Q               Time                 Gflops
--------------------------------------------------------------------------------
WR00L2C4       10000    50     1     6               8.70             7.6682e+01
HPL_pdgesv() start time Tue May  5 02:39:35 2020

HPL_pdgesv() end time   Tue May  5 02:39:44 2020

--------------------------------------------------------------------------------
||Ax-b||_oo/(eps*(||A||_oo*||x||_oo+||b||_oo)*N)=   1.95076157e-03 ...... PASSED
================================================================================
T/V                N    NB     P     Q               Time                 Gflops
--------------------------------------------------------------------------------
WR00L2R2       10000    50     1     6               8.34             7.9989e+01
HPL_pdgesv() start time Tue May  5 02:39:45 2020

HPL_pdgesv() end time   Tue May  5 02:39:54 2020

--------------------------------------------------------------------------------
||Ax-b||_oo/(eps*(||A||_oo*||x||_oo+||b||_oo)*N)=   1.99374947e-03 ...... PASSED
================================================================================
T/V                N    NB     P     Q               Time                 Gflops
--------------------------------------------------------------------------------
WR00L2R4       10000    50     1     6               8.53             7.8176e+01
HPL_pdgesv() start time Tue May  5 02:39:55 2020

HPL_pdgesv() end time   Tue May  5 02:40:03 2020

--------------------------------------------------------------------------------
||Ax-b||_oo/(eps*(||A||_oo*||x||_oo+||b||_oo)*N)=   1.98436131e-03 ...... PASSED
================================================================================
T/V                N    NB     P     Q               Time                 Gflops
--------------------------------------------------------------------------------
WR00C2L2       10000    50     1     6               8.66             7.7031e+01
HPL_pdgesv() start time Tue May  5 02:40:05 2020

HPL_pdgesv() end time   Tue May  5 02:40:13 2020

--------------------------------------------------------------------------------
||Ax-b||_oo/(eps*(||A||_oo*||x||_oo+||b||_oo)*N)=   1.91679124e-03 ...... PASSED
================================================================================
T/V                N    NB     P     Q               Time                 Gflops
--------------------------------------------------------------------------------
WR00C2L4       10000    50     1     6               8.68             7.6815e+01
HPL_pdgesv() start time Tue May  5 02:40:15 2020

HPL_pdgesv() end time   Tue May  5 02:40:23 2020

--------------------------------------------------------------------------------
||Ax-b||_oo/(eps*(||A||_oo*||x||_oo+||b||_oo)*N)=   1.95076157e-03 ...... PASSED
================================================================================
T/V                N    NB     P     Q               Time                 Gflops
--------------------------------------------------------------------------------
WR00C2C2       10000    50     1     6               8.50             7.8465e+01
HPL_pdgesv() start time Tue May  5 02:40:25 2020

HPL_pdgesv() end time   Tue May  5 02:40:33 2020

--------------------------------------------------------------------------------
||Ax-b||_oo/(eps*(||A||_oo*||x||_oo+||b||_oo)*N)=   1.91679124e-03 ...... PASSED
================================================================================
T/V                N    NB     P     Q               Time                 Gflops
--------------------------------------------------------------------------------
WR00C2C4       10000    50     1     6               8.75             7.6184e+01
HPL_pdgesv() start time Tue May  5 02:40:34 2020

HPL_pdgesv() end time   Tue May  5 02:40:43 2020

--------------------------------------------------------------------------------
||Ax-b||_oo/(eps*(||A||_oo*||x||_oo+||b||_oo)*N)=   1.95076157e-03 ...... PASSED
================================================================================
T/V                N    NB     P     Q               Time                 Gflops
--------------------------------------------------------------------------------
WR00C2R2       10000    50     1     6               8.61             7.7426e+01
HPL_pdgesv() start time Tue May  5 02:40:44 2020

HPL_pdgesv() end time   Tue May  5 02:40:53 2020

--------------------------------------------------------------------------------
||Ax-b||_oo/(eps*(||A||_oo*||x||_oo+||b||_oo)*N)=   1.99374947e-03 ...... PASSED
================================================================================
T/V                N    NB     P     Q               Time                 Gflops
--------------------------------------------------------------------------------
WR00C2R4       10000    50     1     6               8.66             7.7033e+01
HPL_pdgesv() start time Tue May  5 02:40:54 2020

HPL_pdgesv() end time   Tue May  5 02:41:03 2020

--------------------------------------------------------------------------------
||Ax-b||_oo/(eps*(||A||_oo*||x||_oo+||b||_oo)*N)=   1.98436131e-03 ...... PASSED
================================================================================
T/V                N    NB     P     Q               Time                 Gflops
--------------------------------------------------------------------------------
WR00R2L2       10000    50     1     6               8.46             7.8782e+01
HPL_pdgesv() start time Tue May  5 02:41:04 2020

HPL_pdgesv() end time   Tue May  5 02:41:13 2020

--------------------------------------------------------------------------------
||Ax-b||_oo/(eps*(||A||_oo*||x||_oo+||b||_oo)*N)=   1.91679124e-03 ...... PASSED
================================================================================
T/V                N    NB     P     Q               Time                 Gflops
--------------------------------------------------------------------------------
WR00R2L4       10000    50     1     6               8.34             7.9982e+01
HPL_pdgesv() start time Tue May  5 02:41:14 2020

HPL_pdgesv() end time   Tue May  5 02:41:22 2020

--------------------------------------------------------------------------------
||Ax-b||_oo/(eps*(||A||_oo*||x||_oo+||b||_oo)*N)=   1.95076157e-03 ...... PASSED
================================================================================
T/V                N    NB     P     Q               Time                 Gflops
--------------------------------------------------------------------------------
WR00R2C2       10000    50     1     6               8.78             7.5919e+01
HPL_pdgesv() start time Tue May  5 02:41:23 2020

HPL_pdgesv() end time   Tue May  5 02:41:32 2020

--------------------------------------------------------------------------------
||Ax-b||_oo/(eps*(||A||_oo*||x||_oo+||b||_oo)*N)=   1.91679124e-03 ...... PASSED
================================================================================
T/V                N    NB     P     Q               Time                 Gflops
--------------------------------------------------------------------------------
WR00R2C4       10000    50     1     6               8.46             7.8802e+01
HPL_pdgesv() start time Tue May  5 02:41:34 2020

HPL_pdgesv() end time   Tue May  5 02:41:42 2020

--------------------------------------------------------------------------------
||Ax-b||_oo/(eps*(||A||_oo*||x||_oo+||b||_oo)*N)=   1.95076157e-03 ...... PASSED
================================================================================
T/V                N    NB     P     Q               Time                 Gflops
--------------------------------------------------------------------------------
WR00R2R2       10000    50     1     6               8.47             7.8705e+01
HPL_pdgesv() start time Tue May  5 02:41:43 2020

HPL_pdgesv() end time   Tue May  5 02:41:52 2020

--------------------------------------------------------------------------------
||Ax-b||_oo/(eps*(||A||_oo*||x||_oo+||b||_oo)*N)=   1.99374947e-03 ...... PASSED
================================================================================
T/V                N    NB     P     Q               Time                 Gflops
--------------------------------------------------------------------------------
WR00R2R4       10000    50     1     6               8.40             7.9347e+01
HPL_pdgesv() start time Tue May  5 02:41:53 2020

HPL_pdgesv() end time   Tue May  5 02:42:01 2020

--------------------------------------------------------------------------------
||Ax-b||_oo/(eps*(||A||_oo*||x||_oo+||b||_oo)*N)=   1.98436131e-03 ...... PASSED
================================================================================
T/V                N    NB     P     Q               Time                 Gflops
--------------------------------------------------------------------------------
WR00L2L2       10000   150     1     6               5.63             1.1843e+02
HPL_pdgesv() start time Tue May  5 02:42:03 2020

HPL_pdgesv() end time   Tue May  5 02:42:08 2020

--------------------------------------------------------------------------------
||Ax-b||_oo/(eps*(||A||_oo*||x||_oo+||b||_oo)*N)=   2.11221327e-03 ...... PASSED
================================================================================
T/V                N    NB     P     Q               Time                 Gflops
--------------------------------------------------------------------------------
WR00L2L4       10000   150     1     6               5.54             1.2030e+02
HPL_pdgesv() start time Tue May  5 02:42:10 2020

HPL_pdgesv() end time   Tue May  5 02:42:15 2020

--------------------------------------------------------------------------------
||Ax-b||_oo/(eps*(||A||_oo*||x||_oo+||b||_oo)*N)=   1.83291541e-03 ...... PASSED
================================================================================
T/V                N    NB     P     Q               Time                 Gflops
--------------------------------------------------------------------------------
WR00L2C2       10000   150     1     6               5.68             1.1742e+02
HPL_pdgesv() start time Tue May  5 02:42:17 2020

HPL_pdgesv() end time   Tue May  5 02:42:22 2020

--------------------------------------------------------------------------------
||Ax-b||_oo/(eps*(||A||_oo*||x||_oo+||b||_oo)*N)=   2.11221327e-03 ...... PASSED
================================================================================
T/V                N    NB     P     Q               Time                 Gflops
--------------------------------------------------------------------------------
WR00L2C4       10000   150     1     6               5.99             1.1140e+02
HPL_pdgesv() start time Tue May  5 02:42:24 2020

HPL_pdgesv() end time   Tue May  5 02:42:30 2020

--------------------------------------------------------------------------------
||Ax-b||_oo/(eps*(||A||_oo*||x||_oo+||b||_oo)*N)=   1.83291541e-03 ...... PASSED
================================================================================
T/V                N    NB     P     Q               Time                 Gflops
--------------------------------------------------------------------------------
WR00L2R2       10000   150     1     6               5.86             1.1374e+02
HPL_pdgesv() start time Tue May  5 02:42:31 2020

HPL_pdgesv() end time   Tue May  5 02:42:37 2020

--------------------------------------------------------------------------------
||Ax-b||_oo/(eps*(||A||_oo*||x||_oo+||b||_oo)*N)=   2.25414748e-03 ...... PASSED
================================================================================
T/V                N    NB     P     Q               Time                 Gflops
--------------------------------------------------------------------------------
WR00L2R4       10000   150     1     6               5.71             1.1674e+02
HPL_pdgesv() start time Tue May  5 02:42:38 2020

HPL_pdgesv() end time   Tue May  5 02:42:44 2020

--------------------------------------------------------------------------------
||Ax-b||_oo/(eps*(||A||_oo*||x||_oo+||b||_oo)*N)=   2.22894768e-03 ...... PASSED
================================================================================
T/V                N    NB     P     Q               Time                 Gflops
--------------------------------------------------------------------------------
WR00C2L2       10000   150     1     6               5.77             1.1560e+02
HPL_pdgesv() start time Tue May  5 02:42:45 2020

HPL_pdgesv() end time   Tue May  5 02:42:51 2020

--------------------------------------------------------------------------------
||Ax-b||_oo/(eps*(||A||_oo*||x||_oo+||b||_oo)*N)=   2.11221327e-03 ...... PASSED
================================================================================
T/V                N    NB     P     Q               Time                 Gflops
--------------------------------------------------------------------------------
WR00C2L4       10000   150     1     6               5.66             1.1777e+02
HPL_pdgesv() start time Tue May  5 02:42:52 2020

HPL_pdgesv() end time   Tue May  5 02:42:58 2020

--------------------------------------------------------------------------------
||Ax-b||_oo/(eps*(||A||_oo*||x||_oo+||b||_oo)*N)=   1.83291541e-03 ...... PASSED
================================================================================
T/V                N    NB     P     Q               Time                 Gflops
--------------------------------------------------------------------------------
WR00C2C2       10000   150     1     6               5.64             1.1818e+02
HPL_pdgesv() start time Tue May  5 02:42:59 2020

HPL_pdgesv() end time   Tue May  5 02:43:05 2020

--------------------------------------------------------------------------------
||Ax-b||_oo/(eps*(||A||_oo*||x||_oo+||b||_oo)*N)=   2.11221327e-03 ...... PASSED
================================================================================
T/V                N    NB     P     Q               Time                 Gflops
--------------------------------------------------------------------------------
WR00C2C4       10000   150     1     6               5.86             1.1376e+02
HPL_pdgesv() start time Tue May  5 02:43:06 2020

HPL_pdgesv() end time   Tue May  5 02:43:12 2020

--------------------------------------------------------------------------------
||Ax-b||_oo/(eps*(||A||_oo*||x||_oo+||b||_oo)*N)=   1.83291541e-03 ...... PASSED
================================================================================
T/V                N    NB     P     Q               Time                 Gflops
--------------------------------------------------------------------------------
WR00C2R2       10000   150     1     6               5.63             1.1835e+02
HPL_pdgesv() start time Tue May  5 02:43:13 2020

HPL_pdgesv() end time   Tue May  5 02:43:19 2020

--------------------------------------------------------------------------------
||Ax-b||_oo/(eps*(||A||_oo*||x||_oo+||b||_oo)*N)=   2.25414748e-03 ...... PASSED
================================================================================
T/V                N    NB     P     Q               Time                 Gflops
--------------------------------------------------------------------------------
WR00C2R4       10000   150     1     6               5.56             1.1985e+02
HPL_pdgesv() start time Tue May  5 02:43:20 2020

HPL_pdgesv() end time   Tue May  5 02:43:26 2020

--------------------------------------------------------------------------------
||Ax-b||_oo/(eps*(||A||_oo*||x||_oo+||b||_oo)*N)=   2.22894768e-03 ...... PASSED
================================================================================
T/V                N    NB     P     Q               Time                 Gflops
--------------------------------------------------------------------------------
WR00R2L2       10000   150     1     6               5.70             1.1695e+02
HPL_pdgesv() start time Tue May  5 02:43:27 2020

HPL_pdgesv() end time   Tue May  5 02:43:33 2020

--------------------------------------------------------------------------------
||Ax-b||_oo/(eps*(||A||_oo*||x||_oo+||b||_oo)*N)=   2.11221327e-03 ...... PASSED
================================================================================
T/V                N    NB     P     Q               Time                 Gflops
--------------------------------------------------------------------------------
WR00R2L4       10000   150     1     6               5.75             1.1595e+02
HPL_pdgesv() start time Tue May  5 02:43:34 2020

HPL_pdgesv() end time   Tue May  5 02:43:40 2020

--------------------------------------------------------------------------------
||Ax-b||_oo/(eps*(||A||_oo*||x||_oo+||b||_oo)*N)=   1.83291541e-03 ...... PASSED
================================================================================
T/V                N    NB     P     Q               Time                 Gflops
--------------------------------------------------------------------------------
WR00R2C2       10000   150     1     6               5.87             1.1356e+02
HPL_pdgesv() start time Tue May  5 02:43:41 2020

HPL_pdgesv() end time   Tue May  5 02:43:47 2020

--------------------------------------------------------------------------------
||Ax-b||_oo/(eps*(||A||_oo*||x||_oo+||b||_oo)*N)=   2.11221327e-03 ...... PASSED
================================================================================
T/V                N    NB     P     Q               Time                 Gflops
--------------------------------------------------------------------------------
WR00R2C4       10000   150     1     6               5.63             1.1838e+02
HPL_pdgesv() start time Tue May  5 02:43:48 2020

HPL_pdgesv() end time   Tue May  5 02:43:54 2020

--------------------------------------------------------------------------------
||Ax-b||_oo/(eps*(||A||_oo*||x||_oo+||b||_oo)*N)=   1.83291541e-03 ...... PASSED
================================================================================
T/V                N    NB     P     Q               Time                 Gflops
--------------------------------------------------------------------------------
WR00R2R2       10000   150     1     6               5.85             1.1405e+02
HPL_pdgesv() start time Tue May  5 02:43:55 2020

HPL_pdgesv() end time   Tue May  5 02:44:01 2020

--------------------------------------------------------------------------------
||Ax-b||_oo/(eps*(||A||_oo*||x||_oo+||b||_oo)*N)=   2.25414748e-03 ...... PASSED
================================================================================
T/V                N    NB     P     Q               Time                 Gflops
--------------------------------------------------------------------------------
WR00R2R4       10000   150     1     6               5.79             1.1512e+02
HPL_pdgesv() start time Tue May  5 02:44:03 2020

HPL_pdgesv() end time   Tue May  5 02:44:08 2020

--------------------------------------------------------------------------------
||Ax-b||_oo/(eps*(||A||_oo*||x||_oo+||b||_oo)*N)=   2.22894768e-03 ...... PASSED
================================================================================
T/V                N    NB     P     Q               Time                 Gflops
--------------------------------------------------------------------------------
WR00L2L2       15000    10     1     6              47.31             4.7561e+01
HPL_pdgesv() start time Tue May  5 02:44:11 2020

HPL_pdgesv() end time   Tue May  5 02:44:58 2020

--------------------------------------------------------------------------------
||Ax-b||_oo/(eps*(||A||_oo*||x||_oo+||b||_oo)*N)=   1.84793103e-03 ...... PASSED
================================================================================
T/V                N    NB     P     Q               Time                 Gflops
--------------------------------------------------------------------------------
WR00L2L4       15000    10     1     6              47.99             4.6895e+01
HPL_pdgesv() start time Tue May  5 02:45:01 2020

HPL_pdgesv() end time   Tue May  5 02:45:49 2020

--------------------------------------------------------------------------------
||Ax-b||_oo/(eps*(||A||_oo*||x||_oo+||b||_oo)*N)=   2.00152646e-03 ...... PASSED
================================================================================
T/V                N    NB     P     Q               Time                 Gflops
--------------------------------------------------------------------------------
WR00L2C2       15000    10     1     6              47.19             4.7683e+01
HPL_pdgesv() start time Tue May  5 02:45:52 2020

HPL_pdgesv() end time   Tue May  5 02:46:39 2020

--------------------------------------------------------------------------------
||Ax-b||_oo/(eps*(||A||_oo*||x||_oo+||b||_oo)*N)=   1.84793103e-03 ...... PASSED
================================================================================
T/V                N    NB     P     Q               Time                 Gflops
--------------------------------------------------------------------------------
WR00L2C4       15000    10     1     6              48.17             4.6714e+01
HPL_pdgesv() start time Tue May  5 02:46:42 2020

HPL_pdgesv() end time   Tue May  5 02:47:30 2020

--------------------------------------------------------------------------------
||Ax-b||_oo/(eps*(||A||_oo*||x||_oo+||b||_oo)*N)=   2.00152646e-03 ...... PASSED
================================================================================
T/V                N    NB     P     Q               Time                 Gflops
--------------------------------------------------------------------------------
WR00L2R2       15000    10     1     6              47.85             4.7027e+01
HPL_pdgesv() start time Tue May  5 02:47:33 2020

HPL_pdgesv() end time   Tue May  5 02:48:21 2020

--------------------------------------------------------------------------------
||Ax-b||_oo/(eps*(||A||_oo*||x||_oo+||b||_oo)*N)=   1.91401094e-03 ...... PASSED
================================================================================
T/V                N    NB     P     Q               Time                 Gflops
--------------------------------------------------------------------------------
WR00L2R4       15000    10     1     6              46.66             4.8231e+01
HPL_pdgesv() start time Tue May  5 02:48:24 2020

HPL_pdgesv() end time   Tue May  5 02:49:10 2020

--------------------------------------------------------------------------------
||Ax-b||_oo/(eps*(||A||_oo*||x||_oo+||b||_oo)*N)=   1.82844150e-03 ...... PASSED
================================================================================
T/V                N    NB     P     Q               Time                 Gflops
--------------------------------------------------------------------------------
WR00C2L2       15000    10     1     6              47.27             4.7607e+01
HPL_pdgesv() start time Tue May  5 02:49:13 2020

HPL_pdgesv() end time   Tue May  5 02:50:01 2020

--------------------------------------------------------------------------------
||Ax-b||_oo/(eps*(||A||_oo*||x||_oo+||b||_oo)*N)=   1.84793103e-03 ...... PASSED
================================================================================
T/V                N    NB     P     Q               Time                 Gflops
--------------------------------------------------------------------------------
WR00C2L4       15000    10     1     6              43.78             5.1398e+01
HPL_pdgesv() start time Tue May  5 02:50:03 2020

HPL_pdgesv() end time   Tue May  5 02:50:47 2020

--------------------------------------------------------------------------------
||Ax-b||_oo/(eps*(||A||_oo*||x||_oo+||b||_oo)*N)=   2.00152646e-03 ...... PASSED
================================================================================
T/V                N    NB     P     Q               Time                 Gflops
--------------------------------------------------------------------------------
WR00C2C2       15000    10     1     6              42.19             5.3334e+01
HPL_pdgesv() start time Tue May  5 02:50:50 2020

HPL_pdgesv() end time   Tue May  5 02:51:32 2020

--------------------------------------------------------------------------------
||Ax-b||_oo/(eps*(||A||_oo*||x||_oo+||b||_oo)*N)=   1.84793103e-03 ...... PASSED
================================================================================
T/V                N    NB     P     Q               Time                 Gflops
--------------------------------------------------------------------------------
WR00C2C4       15000    10     1     6              43.26             5.2018e+01
HPL_pdgesv() start time Tue May  5 02:51:35 2020

HPL_pdgesv() end time   Tue May  5 02:52:19 2020

--------------------------------------------------------------------------------
||Ax-b||_oo/(eps*(||A||_oo*||x||_oo+||b||_oo)*N)=   2.00152646e-03 ...... PASSED
================================================================================
T/V                N    NB     P     Q               Time                 Gflops
--------------------------------------------------------------------------------
WR00C2R2       15000    10     1     6              42.14             5.3407e+01
HPL_pdgesv() start time Tue May  5 02:52:21 2020

HPL_pdgesv() end time   Tue May  5 02:53:04 2020

--------------------------------------------------------------------------------
||Ax-b||_oo/(eps*(||A||_oo*||x||_oo+||b||_oo)*N)=   1.91401094e-03 ...... PASSED
================================================================================
T/V                N    NB     P     Q               Time                 Gflops
--------------------------------------------------------------------------------
WR00C2R4       15000    10     1     6              46.40             4.8499e+01
HPL_pdgesv() start time Tue May  5 02:53:06 2020

HPL_pdgesv() end time   Tue May  5 02:53:53 2020

--------------------------------------------------------------------------------
||Ax-b||_oo/(eps*(||A||_oo*||x||_oo+||b||_oo)*N)=   1.82844150e-03 ...... PASSED
================================================================================
T/V                N    NB     P     Q               Time                 Gflops
--------------------------------------------------------------------------------
WR00R2L2       15000    10     1     6              46.03             4.8886e+01
HPL_pdgesv() start time Tue May  5 02:53:56 2020

HPL_pdgesv() end time   Tue May  5 02:54:42 2020

--------------------------------------------------------------------------------
||Ax-b||_oo/(eps*(||A||_oo*||x||_oo+||b||_oo)*N)=   1.84793103e-03 ...... PASSED
================================================================================
T/V                N    NB     P     Q               Time                 Gflops
--------------------------------------------------------------------------------
WR00R2L4       15000    10     1     6              44.61             5.0444e+01
HPL_pdgesv() start time Tue May  5 02:54:45 2020

HPL_pdgesv() end time   Tue May  5 02:55:29 2020

--------------------------------------------------------------------------------
||Ax-b||_oo/(eps*(||A||_oo*||x||_oo+||b||_oo)*N)=   2.00152646e-03 ...... PASSED
================================================================================
T/V                N    NB     P     Q               Time                 Gflops
--------------------------------------------------------------------------------
WR00R2C2       15000    10     1     6              46.07             4.8851e+01
HPL_pdgesv() start time Tue May  5 02:55:32 2020

HPL_pdgesv() end time   Tue May  5 02:56:18 2020

--------------------------------------------------------------------------------
||Ax-b||_oo/(eps*(||A||_oo*||x||_oo+||b||_oo)*N)=   1.84793103e-03 ...... PASSED
================================================================================
T/V                N    NB     P     Q               Time                 Gflops
--------------------------------------------------------------------------------
WR00R2C4       15000    10     1     6              47.49             4.7387e+01
HPL_pdgesv() start time Tue May  5 02:56:21 2020

HPL_pdgesv() end time   Tue May  5 02:57:09 2020

--------------------------------------------------------------------------------
||Ax-b||_oo/(eps*(||A||_oo*||x||_oo+||b||_oo)*N)=   2.00152646e-03 ...... PASSED
================================================================================
T/V                N    NB     P     Q               Time                 Gflops
--------------------------------------------------------------------------------
WR00R2R2       15000    10     1     6              45.20             4.9792e+01
HPL_pdgesv() start time Tue May  5 02:57:12 2020

HPL_pdgesv() end time   Tue May  5 02:57:57 2020

--------------------------------------------------------------------------------
||Ax-b||_oo/(eps*(||A||_oo*||x||_oo+||b||_oo)*N)=   1.91401094e-03 ...... PASSED
================================================================================
T/V                N    NB     P     Q               Time                 Gflops
--------------------------------------------------------------------------------
WR00R2R4       15000    10     1     6              43.24             5.2046e+01
HPL_pdgesv() start time Tue May  5 02:58:00 2020

HPL_pdgesv() end time   Tue May  5 02:58:43 2020

--------------------------------------------------------------------------------
||Ax-b||_oo/(eps*(||A||_oo*||x||_oo+||b||_oo)*N)=   1.82844150e-03 ...... PASSED
================================================================================
T/V                N    NB     P     Q               Time                 Gflops
--------------------------------------------------------------------------------
WR00L2L2       15000    50     1     6              18.39             1.2239e+02
HPL_pdgesv() start time Tue May  5 02:58:46 2020

HPL_pdgesv() end time   Tue May  5 02:59:04 2020

--------------------------------------------------------------------------------
||Ax-b||_oo/(eps*(||A||_oo*||x||_oo+||b||_oo)*N)=   1.77060716e-03 ...... PASSED
================================================================================
T/V                N    NB     P     Q               Time                 Gflops
--------------------------------------------------------------------------------
WR00L2L4       15000    50     1     6              18.20             1.2363e+02
HPL_pdgesv() start time Tue May  5 02:59:07 2020

HPL_pdgesv() end time   Tue May  5 02:59:25 2020

--------------------------------------------------------------------------------
||Ax-b||_oo/(eps*(||A||_oo*||x||_oo+||b||_oo)*N)=   1.95091421e-03 ...... PASSED
================================================================================
T/V                N    NB     P     Q               Time                 Gflops
--------------------------------------------------------------------------------
WR00L2C2       15000    50     1     6              18.16             1.2395e+02
HPL_pdgesv() start time Tue May  5 02:59:28 2020

HPL_pdgesv() end time   Tue May  5 02:59:46 2020

--------------------------------------------------------------------------------
||Ax-b||_oo/(eps*(||A||_oo*||x||_oo+||b||_oo)*N)=   1.77060716e-03 ...... PASSED
================================================================================
T/V                N    NB     P     Q               Time                 Gflops
--------------------------------------------------------------------------------
WR00L2C4       15000    50     1     6              18.18             1.2378e+02
HPL_pdgesv() start time Tue May  5 02:59:49 2020

HPL_pdgesv() end time   Tue May  5 03:00:07 2020

--------------------------------------------------------------------------------
||Ax-b||_oo/(eps*(||A||_oo*||x||_oo+||b||_oo)*N)=   1.95091421e-03 ...... PASSED
================================================================================
T/V                N    NB     P     Q               Time                 Gflops
--------------------------------------------------------------------------------
WR00L2R2       15000    50     1     6              18.17             1.2382e+02
HPL_pdgesv() start time Tue May  5 03:00:10 2020

HPL_pdgesv() end time   Tue May  5 03:00:28 2020

--------------------------------------------------------------------------------
||Ax-b||_oo/(eps*(||A||_oo*||x||_oo+||b||_oo)*N)=   1.89106173e-03 ...... PASSED
================================================================================
T/V                N    NB     P     Q               Time                 Gflops
--------------------------------------------------------------------------------
WR00L2R4       15000    50     1     6              18.03             1.2484e+02
HPL_pdgesv() start time Tue May  5 03:00:31 2020

HPL_pdgesv() end time   Tue May  5 03:00:49 2020

--------------------------------------------------------------------------------
||Ax-b||_oo/(eps*(||A||_oo*||x||_oo+||b||_oo)*N)=   1.80883664e-03 ...... PASSED
================================================================================
T/V                N    NB     P     Q               Time                 Gflops
--------------------------------------------------------------------------------
WR00C2L2       15000    50     1     6              18.24             1.2335e+02
HPL_pdgesv() start time Tue May  5 03:00:52 2020

HPL_pdgesv() end time   Tue May  5 03:01:10 2020

--------------------------------------------------------------------------------
||Ax-b||_oo/(eps*(||A||_oo*||x||_oo+||b||_oo)*N)=   1.77060716e-03 ...... PASSED
================================================================================
T/V                N    NB     P     Q               Time                 Gflops
--------------------------------------------------------------------------------
WR00C2L4       15000    50     1     6              18.13             1.2411e+02
HPL_pdgesv() start time Tue May  5 03:01:13 2020

HPL_pdgesv() end time   Tue May  5 03:01:31 2020

--------------------------------------------------------------------------------
||Ax-b||_oo/(eps*(||A||_oo*||x||_oo+||b||_oo)*N)=   1.95091421e-03 ...... PASSED
================================================================================
T/V                N    NB     P     Q               Time                 Gflops
--------------------------------------------------------------------------------
WR00C2C2       15000    50     1     6              18.29             1.2307e+02
HPL_pdgesv() start time Tue May  5 03:01:33 2020

HPL_pdgesv() end time   Tue May  5 03:01:52 2020

--------------------------------------------------------------------------------
||Ax-b||_oo/(eps*(||A||_oo*||x||_oo+||b||_oo)*N)=   1.77060716e-03 ...... PASSED
================================================================================
T/V                N    NB     P     Q               Time                 Gflops
--------------------------------------------------------------------------------
WR00C2C4       15000    50     1     6              18.50             1.2167e+02
HPL_pdgesv() start time Tue May  5 03:01:54 2020

HPL_pdgesv() end time   Tue May  5 03:02:13 2020

--------------------------------------------------------------------------------
||Ax-b||_oo/(eps*(||A||_oo*||x||_oo+||b||_oo)*N)=   1.95091421e-03 ...... PASSED
================================================================================
T/V                N    NB     P     Q               Time                 Gflops
--------------------------------------------------------------------------------
WR00C2R2       15000    50     1     6              18.52             1.2148e+02
HPL_pdgesv() start time Tue May  5 03:02:16 2020

HPL_pdgesv() end time   Tue May  5 03:02:34 2020

--------------------------------------------------------------------------------
||Ax-b||_oo/(eps*(||A||_oo*||x||_oo+||b||_oo)*N)=   1.89106173e-03 ...... PASSED
================================================================================
T/V                N    NB     P     Q               Time                 Gflops
--------------------------------------------------------------------------------
WR00C2R4       15000    50     1     6              18.03             1.2480e+02
HPL_pdgesv() start time Tue May  5 03:02:37 2020

HPL_pdgesv() end time   Tue May  5 03:02:55 2020

--------------------------------------------------------------------------------
||Ax-b||_oo/(eps*(||A||_oo*||x||_oo+||b||_oo)*N)=   1.80883664e-03 ...... PASSED
================================================================================
T/V                N    NB     P     Q               Time                 Gflops
--------------------------------------------------------------------------------
WR00R2L2       15000    50     1     6              18.31             1.2292e+02
HPL_pdgesv() start time Tue May  5 03:02:58 2020

HPL_pdgesv() end time   Tue May  5 03:03:16 2020

--------------------------------------------------------------------------------
||Ax-b||_oo/(eps*(||A||_oo*||x||_oo+||b||_oo)*N)=   1.77060716e-03 ...... PASSED
================================================================================
T/V                N    NB     P     Q               Time                 Gflops
--------------------------------------------------------------------------------
WR00R2L4       15000    50     1     6              18.61             1.2091e+02
HPL_pdgesv() start time Tue May  5 03:03:19 2020

HPL_pdgesv() end time   Tue May  5 03:03:37 2020

--------------------------------------------------------------------------------
||Ax-b||_oo/(eps*(||A||_oo*||x||_oo+||b||_oo)*N)=   1.95091421e-03 ...... PASSED
================================================================================
T/V                N    NB     P     Q               Time                 Gflops
--------------------------------------------------------------------------------
WR00R2C2       15000    50     1     6              18.09             1.2438e+02
HPL_pdgesv() start time Tue May  5 03:03:40 2020

HPL_pdgesv() end time   Tue May  5 03:03:58 2020

--------------------------------------------------------------------------------
||Ax-b||_oo/(eps*(||A||_oo*||x||_oo+||b||_oo)*N)=   1.77060716e-03 ...... PASSED
================================================================================
T/V                N    NB     P     Q               Time                 Gflops
--------------------------------------------------------------------------------
WR00R2C4       15000    50     1     6              17.97             1.2520e+02
HPL_pdgesv() start time Tue May  5 03:04:01 2020

HPL_pdgesv() end time   Tue May  5 03:04:19 2020

--------------------------------------------------------------------------------
||Ax-b||_oo/(eps*(||A||_oo*||x||_oo+||b||_oo)*N)=   1.95091421e-03 ...... PASSED
================================================================================
T/V                N    NB     P     Q               Time                 Gflops
--------------------------------------------------------------------------------
WR00R2R2       15000    50     1     6              18.20             1.2366e+02
HPL_pdgesv() start time Tue May  5 03:04:22 2020

HPL_pdgesv() end time   Tue May  5 03:04:40 2020

--------------------------------------------------------------------------------
||Ax-b||_oo/(eps*(||A||_oo*||x||_oo+||b||_oo)*N)=   1.89106173e-03 ...... PASSED
================================================================================
T/V                N    NB     P     Q               Time                 Gflops
--------------------------------------------------------------------------------
WR00R2R4       15000    50     1     6              18.21             1.2357e+02
HPL_pdgesv() start time Tue May  5 03:04:43 2020

HPL_pdgesv() end time   Tue May  5 03:05:01 2020

--------------------------------------------------------------------------------
||Ax-b||_oo/(eps*(||A||_oo*||x||_oo+||b||_oo)*N)=   1.80883664e-03 ...... PASSED
================================================================================
T/V                N    NB     P     Q               Time                 Gflops
--------------------------------------------------------------------------------
WR00L2L2       15000   150     1     6              14.30             1.5741e+02
HPL_pdgesv() start time Tue May  5 03:05:03 2020

HPL_pdgesv() end time   Tue May  5 03:05:18 2020

--------------------------------------------------------------------------------
||Ax-b||_oo/(eps*(||A||_oo*||x||_oo+||b||_oo)*N)=   1.69478248e-03 ...... PASSED
================================================================================
T/V                N    NB     P     Q               Time                 Gflops
--------------------------------------------------------------------------------
WR00L2L4       15000   150     1     6              14.15             1.5909e+02
HPL_pdgesv() start time Tue May  5 03:05:21 2020

HPL_pdgesv() end time   Tue May  5 03:05:35 2020

--------------------------------------------------------------------------------
||Ax-b||_oo/(eps*(||A||_oo*||x||_oo+||b||_oo)*N)=   1.78239891e-03 ...... PASSED
================================================================================
T/V                N    NB     P     Q               Time                 Gflops
--------------------------------------------------------------------------------
WR00L2C2       15000   150     1     6              14.15             1.5900e+02
HPL_pdgesv() start time Tue May  5 03:05:37 2020

HPL_pdgesv() end time   Tue May  5 03:05:52 2020

--------------------------------------------------------------------------------
||Ax-b||_oo/(eps*(||A||_oo*||x||_oo+||b||_oo)*N)=   1.69478248e-03 ...... PASSED
================================================================================
T/V                N    NB     P     Q               Time                 Gflops
--------------------------------------------------------------------------------
WR00L2C4       15000   150     1     6              14.04             1.6028e+02
HPL_pdgesv() start time Tue May  5 03:05:54 2020

HPL_pdgesv() end time   Tue May  5 03:06:08 2020

--------------------------------------------------------------------------------
||Ax-b||_oo/(eps*(||A||_oo*||x||_oo+||b||_oo)*N)=   1.78239891e-03 ...... PASSED
================================================================================
T/V                N    NB     P     Q               Time                 Gflops
--------------------------------------------------------------------------------
WR00L2R2       15000   150     1     6              13.96             1.6115e+02
HPL_pdgesv() start time Tue May  5 03:06:11 2020

HPL_pdgesv() end time   Tue May  5 03:06:25 2020

--------------------------------------------------------------------------------
||Ax-b||_oo/(eps*(||A||_oo*||x||_oo+||b||_oo)*N)=   1.86632501e-03 ...... PASSED
================================================================================
T/V                N    NB     P     Q               Time                 Gflops
--------------------------------------------------------------------------------
WR00L2R4       15000   150     1     6              14.06             1.6005e+02
HPL_pdgesv() start time Tue May  5 03:06:28 2020

HPL_pdgesv() end time   Tue May  5 03:06:42 2020

--------------------------------------------------------------------------------
||Ax-b||_oo/(eps*(||A||_oo*||x||_oo+||b||_oo)*N)=   1.68509537e-03 ...... PASSED
================================================================================
T/V                N    NB     P     Q               Time                 Gflops
--------------------------------------------------------------------------------
WR00C2L2       15000   150     1     6              14.02             1.6046e+02
HPL_pdgesv() start time Tue May  5 03:06:45 2020

HPL_pdgesv() end time   Tue May  5 03:06:59 2020

--------------------------------------------------------------------------------
||Ax-b||_oo/(eps*(||A||_oo*||x||_oo+||b||_oo)*N)=   1.69478248e-03 ...... PASSED
================================================================================
T/V                N    NB     P     Q               Time                 Gflops
--------------------------------------------------------------------------------
WR00C2L4       15000   150     1     6              13.93             1.6149e+02
HPL_pdgesv() start time Tue May  5 03:07:02 2020

HPL_pdgesv() end time   Tue May  5 03:07:15 2020

--------------------------------------------------------------------------------
||Ax-b||_oo/(eps*(||A||_oo*||x||_oo+||b||_oo)*N)=   1.78239891e-03 ...... PASSED
================================================================================
T/V                N    NB     P     Q               Time                 Gflops
--------------------------------------------------------------------------------
WR00C2C2       15000   150     1     6              14.05             1.6013e+02
HPL_pdgesv() start time Tue May  5 03:07:18 2020

HPL_pdgesv() end time   Tue May  5 03:07:32 2020

--------------------------------------------------------------------------------
||Ax-b||_oo/(eps*(||A||_oo*||x||_oo+||b||_oo)*N)=   1.69478248e-03 ...... PASSED
================================================================================
T/V                N    NB     P     Q               Time                 Gflops
--------------------------------------------------------------------------------
WR00C2C4       15000   150     1     6              14.05             1.6013e+02
HPL_pdgesv() start time Tue May  5 03:07:35 2020

HPL_pdgesv() end time   Tue May  5 03:07:49 2020

--------------------------------------------------------------------------------
||Ax-b||_oo/(eps*(||A||_oo*||x||_oo+||b||_oo)*N)=   1.78239891e-03 ...... PASSED
================================================================================
T/V                N    NB     P     Q               Time                 Gflops
--------------------------------------------------------------------------------
WR00C2R2       15000   150     1     6              13.94             1.6144e+02
HPL_pdgesv() start time Tue May  5 03:07:52 2020

HPL_pdgesv() end time   Tue May  5 03:08:06 2020

--------------------------------------------------------------------------------
||Ax-b||_oo/(eps*(||A||_oo*||x||_oo+||b||_oo)*N)=   1.86632501e-03 ...... PASSED
================================================================================
T/V                N    NB     P     Q               Time                 Gflops
--------------------------------------------------------------------------------
WR00C2R4       15000   150     1     6              14.17             1.5882e+02
HPL_pdgesv() start time Tue May  5 03:08:09 2020

HPL_pdgesv() end time   Tue May  5 03:08:23 2020

--------------------------------------------------------------------------------
||Ax-b||_oo/(eps*(||A||_oo*||x||_oo+||b||_oo)*N)=   1.68509537e-03 ...... PASSED
================================================================================
T/V                N    NB     P     Q               Time                 Gflops
--------------------------------------------------------------------------------
WR00R2L2       15000   150     1     6              14.24             1.5808e+02
HPL_pdgesv() start time Tue May  5 03:08:26 2020

HPL_pdgesv() end time   Tue May  5 03:08:40 2020

--------------------------------------------------------------------------------
||Ax-b||_oo/(eps*(||A||_oo*||x||_oo+||b||_oo)*N)=   1.69478248e-03 ...... PASSED
================================================================================
T/V                N    NB     P     Q               Time                 Gflops
--------------------------------------------------------------------------------
WR00R2L4       15000   150     1     6              14.09             1.5967e+02
HPL_pdgesv() start time Tue May  5 03:08:43 2020

HPL_pdgesv() end time   Tue May  5 03:08:57 2020

--------------------------------------------------------------------------------
||Ax-b||_oo/(eps*(||A||_oo*||x||_oo+||b||_oo)*N)=   1.78239891e-03 ...... PASSED
================================================================================
T/V                N    NB     P     Q               Time                 Gflops
--------------------------------------------------------------------------------
WR00R2C2       15000   150     1     6              14.27             1.5771e+02
HPL_pdgesv() start time Tue May  5 03:08:59 2020

HPL_pdgesv() end time   Tue May  5 03:09:14 2020

--------------------------------------------------------------------------------
||Ax-b||_oo/(eps*(||A||_oo*||x||_oo+||b||_oo)*N)=   1.69478248e-03 ...... PASSED
================================================================================
T/V                N    NB     P     Q               Time                 Gflops
--------------------------------------------------------------------------------
WR00R2C4       15000   150     1     6              14.48             1.5540e+02
HPL_pdgesv() start time Tue May  5 03:09:16 2020

HPL_pdgesv() end time   Tue May  5 03:09:31 2020

--------------------------------------------------------------------------------
||Ax-b||_oo/(eps*(||A||_oo*||x||_oo+||b||_oo)*N)=   1.78239891e-03 ...... PASSED
================================================================================
T/V                N    NB     P     Q               Time                 Gflops
--------------------------------------------------------------------------------
WR00R2R2       15000   150     1     6              17.12             1.3143e+02
HPL_pdgesv() start time Tue May  5 03:09:34 2020

HPL_pdgesv() end time   Tue May  5 03:09:51 2020

--------------------------------------------------------------------------------
||Ax-b||_oo/(eps*(||A||_oo*||x||_oo+||b||_oo)*N)=   1.86632501e-03 ...... PASSED
================================================================================
T/V                N    NB     P     Q               Time                 Gflops
--------------------------------------------------------------------------------
WR00R2R4       15000   150     1     6              17.01             1.3233e+02
HPL_pdgesv() start time Tue May  5 03:09:54 2020

HPL_pdgesv() end time   Tue May  5 03:10:11 2020

--------------------------------------------------------------------------------
||Ax-b||_oo/(eps*(||A||_oo*||x||_oo+||b||_oo)*N)=   1.68509537e-03 ...... PASSED
================================================================================
T/V                N    NB     P     Q               Time                 Gflops
--------------------------------------------------------------------------------
WR00L2L2       20000    10     1     6              83.08             6.4199e+01
HPL_pdgesv() start time Tue May  5 03:10:15 2020

HPL_pdgesv() end time   Tue May  5 03:11:38 2020

--------------------------------------------------------------------------------
||Ax-b||_oo/(eps*(||A||_oo*||x||_oo+||b||_oo)*N)=   1.57089844e-03 ...... PASSED
================================================================================
T/V                N    NB     P     Q               Time                 Gflops
--------------------------------------------------------------------------------
WR00L2L4       20000    10     1     6              82.97             6.4286e+01
HPL_pdgesv() start time Tue May  5 03:11:43 2020

HPL_pdgesv() end time   Tue May  5 03:13:06 2020

--------------------------------------------------------------------------------
||Ax-b||_oo/(eps*(||A||_oo*||x||_oo+||b||_oo)*N)=   1.62239152e-03 ...... PASSED
================================================================================
T/V                N    NB     P     Q               Time                 Gflops
--------------------------------------------------------------------------------
WR00L2C2       20000    10     1     6              83.55             6.3844e+01
HPL_pdgesv() start time Tue May  5 03:13:11 2020

HPL_pdgesv() end time   Tue May  5 03:14:34 2020

--------------------------------------------------------------------------------
||Ax-b||_oo/(eps*(||A||_oo*||x||_oo+||b||_oo)*N)=   1.57089844e-03 ...... PASSED
================================================================================
T/V                N    NB     P     Q               Time                 Gflops
--------------------------------------------------------------------------------
WR00L2C4       20000    10     1     6              83.18             6.4126e+01
HPL_pdgesv() start time Tue May  5 03:14:39 2020

HPL_pdgesv() end time   Tue May  5 03:16:03 2020

--------------------------------------------------------------------------------
||Ax-b||_oo/(eps*(||A||_oo*||x||_oo+||b||_oo)*N)=   1.62239152e-03 ...... PASSED
================================================================================
T/V                N    NB     P     Q               Time                 Gflops
--------------------------------------------------------------------------------
WR00L2R2       20000    10     1     6              83.42             6.3940e+01
HPL_pdgesv() start time Tue May  5 03:16:08 2020

HPL_pdgesv() end time   Tue May  5 03:17:31 2020

--------------------------------------------------------------------------------
||Ax-b||_oo/(eps*(||A||_oo*||x||_oo+||b||_oo)*N)=   1.64175759e-03 ...... PASSED
================================================================================
T/V                N    NB     P     Q               Time                 Gflops
--------------------------------------------------------------------------------
WR00L2R4       20000    10     1     6              82.63             6.4555e+01
HPL_pdgesv() start time Tue May  5 03:17:36 2020

HPL_pdgesv() end time   Tue May  5 03:18:59 2020

--------------------------------------------------------------------------------
||Ax-b||_oo/(eps*(||A||_oo*||x||_oo+||b||_oo)*N)=   1.41646413e-03 ...... PASSED
================================================================================
T/V                N    NB     P     Q               Time                 Gflops
--------------------------------------------------------------------------------
WR00C2L2       20000    10     1     6              82.90             6.4345e+01
HPL_pdgesv() start time Tue May  5 03:19:04 2020

HPL_pdgesv() end time   Tue May  5 03:20:27 2020

--------------------------------------------------------------------------------
||Ax-b||_oo/(eps*(||A||_oo*||x||_oo+||b||_oo)*N)=   1.57089844e-03 ...... PASSED
================================================================================
T/V                N    NB     P     Q               Time                 Gflops
--------------------------------------------------------------------------------
WR00C2L4       20000    10     1     6              83.80             6.3653e+01
HPL_pdgesv() start time Tue May  5 03:20:32 2020

HPL_pdgesv() end time   Tue May  5 03:21:56 2020

--------------------------------------------------------------------------------
||Ax-b||_oo/(eps*(||A||_oo*||x||_oo+||b||_oo)*N)=   1.62239152e-03 ...... PASSED
================================================================================
T/V                N    NB     P     Q               Time                 Gflops
--------------------------------------------------------------------------------
WR00C2C2       20000    10     1     6              83.41             6.3946e+01
HPL_pdgesv() start time Tue May  5 03:22:01 2020

HPL_pdgesv() end time   Tue May  5 03:23:25 2020

--------------------------------------------------------------------------------
||Ax-b||_oo/(eps*(||A||_oo*||x||_oo+||b||_oo)*N)=   1.57089844e-03 ...... PASSED
================================================================================
T/V                N    NB     P     Q               Time                 Gflops
--------------------------------------------------------------------------------
WR00C2C4       20000    10     1     6              83.85             6.3611e+01
HPL_pdgesv() start time Tue May  5 03:23:30 2020

HPL_pdgesv() end time   Tue May  5 03:24:54 2020

--------------------------------------------------------------------------------
||Ax-b||_oo/(eps*(||A||_oo*||x||_oo+||b||_oo)*N)=   1.62239152e-03 ...... PASSED
================================================================================
T/V                N    NB     P     Q               Time                 Gflops
--------------------------------------------------------------------------------
WR00C2R2       20000    10     1     6              81.57             6.5390e+01
HPL_pdgesv() start time Tue May  5 03:24:59 2020

HPL_pdgesv() end time   Tue May  5 03:26:20 2020

--------------------------------------------------------------------------------
||Ax-b||_oo/(eps*(||A||_oo*||x||_oo+||b||_oo)*N)=   1.64175759e-03 ...... PASSED
================================================================================
T/V                N    NB     P     Q               Time                 Gflops
--------------------------------------------------------------------------------
WR00C2R4       20000    10     1     6              82.98             6.4278e+01
HPL_pdgesv() start time Tue May  5 03:26:25 2020

HPL_pdgesv() end time   Tue May  5 03:27:48 2020

--------------------------------------------------------------------------------
||Ax-b||_oo/(eps*(||A||_oo*||x||_oo+||b||_oo)*N)=   1.41646413e-03 ...... PASSED
================================================================================
T/V                N    NB     P     Q               Time                 Gflops
--------------------------------------------------------------------------------
WR00R2L2       20000    10     1     6              83.42             6.3941e+01
HPL_pdgesv() start time Tue May  5 03:27:53 2020

HPL_pdgesv() end time   Tue May  5 03:29:17 2020

--------------------------------------------------------------------------------
||Ax-b||_oo/(eps*(||A||_oo*||x||_oo+||b||_oo)*N)=   1.57089844e-03 ...... PASSED
================================================================================
T/V                N    NB     P     Q               Time                 Gflops
--------------------------------------------------------------------------------
WR00R2L4       20000    10     1     6              84.34             6.3246e+01
HPL_pdgesv() start time Tue May  5 03:29:22 2020

HPL_pdgesv() end time   Tue May  5 03:30:46 2020

--------------------------------------------------------------------------------
||Ax-b||_oo/(eps*(||A||_oo*||x||_oo+||b||_oo)*N)=   1.62239152e-03 ...... PASSED
slurmstepd: error: *** JOB 29808 ON node4 CANCELLED AT 2020-05-05T03:31:20 ***
