================================================================================
HPLinpack 2.3  --  High-Performance Linpack benchmark  --   December 2, 2018
Written by A. Petitet and R. Clint Whaley,  Innovative Computing Laboratory, UTK
Modified by Piotr Luszczek, Innovative Computing Laboratory, UTK
Modified by Julien Langou, University of Colorado Denver
================================================================================

An explanation of the input/output parameters follows:
T/V    : Wall time / encoded variant.
N      : The order of the coefficient matrix A.
NB     : The partitioning blocking factor.
P      : The number of process rows.
Q      : The number of process columns.
Time   : Time in seconds to solve the linear system.
Gflops : Rate of execution for solving the linear system.

The following parameter values will be used:

N      :   10000    15000    25000 
NB     :      32       64      128 
PMAP   : Row-major process mapping
P      :       2 
Q      :       2 
PFACT  :    Left    Crout    Right 
NBMIN  :       2        4 
NDIV   :       2 
RFACT  :    Left    Crout    Right 
BCAST  :   1ring 
DEPTH  :       0 
SWAP   : Mix (threshold = 64)
L1     : transposed form
U      : transposed form
EQUIL  : yes
ALIGN  : 8 double precision words

--------------------------------------------------------------------------------

- The matrix A is randomly generated for each test.
- The following scaled residual check will be computed:
      ||Ax-b||_oo / ( eps * ( || x ||_oo * || A ||_oo + || b ||_oo ) * N )
- The relative machine precision (eps) is taken to be               1.110223e-16
- Computational tests pass if scaled residuals are less than                16.0

================================================================================
T/V                N    NB     P     Q               Time                 Gflops
--------------------------------------------------------------------------------
WR00L2L2       10000    32     2     2              50.79             1.3129e+01
HPL_pdgesv() start time Mon May  4 02:13:50 2020

HPL_pdgesv() end time   Mon May  4 02:14:40 2020

--------------------------------------------------------------------------------
||Ax-b||_oo/(eps*(||A||_oo*||x||_oo+||b||_oo)*N)=   2.56352453e-03 ...... PASSED
================================================================================
T/V                N    NB     P     Q               Time                 Gflops
--------------------------------------------------------------------------------
WR00L2L4       10000    32     2     2              69.77             9.5569e+00
HPL_pdgesv() start time Mon May  4 02:14:42 2020

HPL_pdgesv() end time   Mon May  4 02:15:52 2020

--------------------------------------------------------------------------------
||Ax-b||_oo/(eps*(||A||_oo*||x||_oo+||b||_oo)*N)=   2.37860241e-03 ...... PASSED
================================================================================
T/V                N    NB     P     Q               Time                 Gflops
--------------------------------------------------------------------------------
WR00L2C2       10000    32     2     2              48.83             1.3655e+01
HPL_pdgesv() start time Mon May  4 02:15:54 2020

HPL_pdgesv() end time   Mon May  4 02:16:43 2020

--------------------------------------------------------------------------------
||Ax-b||_oo/(eps*(||A||_oo*||x||_oo+||b||_oo)*N)=   2.56352453e-03 ...... PASSED
================================================================================
T/V                N    NB     P     Q               Time                 Gflops
--------------------------------------------------------------------------------
WR00L2C4       10000    32     2     2              71.56             9.3185e+00
HPL_pdgesv() start time Mon May  4 02:16:45 2020

HPL_pdgesv() end time   Mon May  4 02:17:57 2020

--------------------------------------------------------------------------------
||Ax-b||_oo/(eps*(||A||_oo*||x||_oo+||b||_oo)*N)=   2.37860241e-03 ...... PASSED
================================================================================
T/V                N    NB     P     Q               Time                 Gflops
--------------------------------------------------------------------------------
WR00L2R2       10000    32     2     2              48.74             1.3681e+01
HPL_pdgesv() start time Mon May  4 02:17:59 2020

HPL_pdgesv() end time   Mon May  4 02:18:47 2020

--------------------------------------------------------------------------------
||Ax-b||_oo/(eps*(||A||_oo*||x||_oo+||b||_oo)*N)=   2.52603364e-03 ...... PASSED
================================================================================
T/V                N    NB     P     Q               Time                 Gflops
--------------------------------------------------------------------------------
WR00L2R4       10000    32     2     2              49.85             1.3378e+01
HPL_pdgesv() start time Mon May  4 02:18:49 2020

HPL_pdgesv() end time   Mon May  4 02:19:39 2020

--------------------------------------------------------------------------------
||Ax-b||_oo/(eps*(||A||_oo*||x||_oo+||b||_oo)*N)=   2.40089930e-03 ...... PASSED
================================================================================
T/V                N    NB     P     Q               Time                 Gflops
--------------------------------------------------------------------------------
WR00C2L2       10000    32     2     2              48.92             1.3632e+01
HPL_pdgesv() start time Mon May  4 02:19:41 2020

HPL_pdgesv() end time   Mon May  4 02:20:30 2020

--------------------------------------------------------------------------------
||Ax-b||_oo/(eps*(||A||_oo*||x||_oo+||b||_oo)*N)=   2.56352453e-03 ...... PASSED
================================================================================
T/V                N    NB     P     Q               Time                 Gflops
--------------------------------------------------------------------------------
WR00C2L4       10000    32     2     2              71.17             9.3688e+00
HPL_pdgesv() start time Mon May  4 02:20:32 2020

HPL_pdgesv() end time   Mon May  4 02:21:43 2020

--------------------------------------------------------------------------------
||Ax-b||_oo/(eps*(||A||_oo*||x||_oo+||b||_oo)*N)=   2.37860241e-03 ...... PASSED
================================================================================
T/V                N    NB     P     Q               Time                 Gflops
--------------------------------------------------------------------------------
WR00C2C2       10000    32     2     2              49.30             1.3525e+01
HPL_pdgesv() start time Mon May  4 02:21:45 2020

HPL_pdgesv() end time   Mon May  4 02:22:34 2020

--------------------------------------------------------------------------------
||Ax-b||_oo/(eps*(||A||_oo*||x||_oo+||b||_oo)*N)=   2.56352453e-03 ...... PASSED
================================================================================
T/V                N    NB     P     Q               Time                 Gflops
--------------------------------------------------------------------------------
WR00C2C4       10000    32     2     2              71.83             9.2839e+00
HPL_pdgesv() start time Mon May  4 02:22:37 2020

HPL_pdgesv() end time   Mon May  4 02:23:48 2020

--------------------------------------------------------------------------------
||Ax-b||_oo/(eps*(||A||_oo*||x||_oo+||b||_oo)*N)=   2.37860241e-03 ...... PASSED
================================================================================
T/V                N    NB     P     Q               Time                 Gflops
--------------------------------------------------------------------------------
WR00C2R2       10000    32     2     2              48.76             1.3677e+01
HPL_pdgesv() start time Mon May  4 02:23:50 2020

HPL_pdgesv() end time   Mon May  4 02:24:39 2020

--------------------------------------------------------------------------------
||Ax-b||_oo/(eps*(||A||_oo*||x||_oo+||b||_oo)*N)=   2.52603364e-03 ...... PASSED
================================================================================
T/V                N    NB     P     Q               Time                 Gflops
--------------------------------------------------------------------------------
WR00C2R4       10000    32     2     2              49.57             1.3452e+01
HPL_pdgesv() start time Mon May  4 02:24:41 2020

HPL_pdgesv() end time   Mon May  4 02:25:31 2020

--------------------------------------------------------------------------------
||Ax-b||_oo/(eps*(||A||_oo*||x||_oo+||b||_oo)*N)=   2.40089930e-03 ...... PASSED
================================================================================
T/V                N    NB     P     Q               Time                 Gflops
--------------------------------------------------------------------------------
WR00R2L2       10000    32     2     2              49.11             1.3579e+01
HPL_pdgesv() start time Mon May  4 02:25:33 2020

HPL_pdgesv() end time   Mon May  4 02:26:22 2020

--------------------------------------------------------------------------------
||Ax-b||_oo/(eps*(||A||_oo*||x||_oo+||b||_oo)*N)=   2.56352453e-03 ...... PASSED
================================================================================
T/V                N    NB     P     Q               Time                 Gflops
--------------------------------------------------------------------------------
WR00R2L4       10000    32     2     2              71.14             9.3739e+00
HPL_pdgesv() start time Mon May  4 02:26:24 2020

HPL_pdgesv() end time   Mon May  4 02:27:35 2020

--------------------------------------------------------------------------------
||Ax-b||_oo/(eps*(||A||_oo*||x||_oo+||b||_oo)*N)=   2.37860241e-03 ...... PASSED
================================================================================
T/V                N    NB     P     Q               Time                 Gflops
--------------------------------------------------------------------------------
WR00R2C2       10000    32     2     2              49.05             1.3594e+01
HPL_pdgesv() start time Mon May  4 02:27:37 2020

HPL_pdgesv() end time   Mon May  4 02:28:26 2020

--------------------------------------------------------------------------------
||Ax-b||_oo/(eps*(||A||_oo*||x||_oo+||b||_oo)*N)=   2.56352453e-03 ...... PASSED
================================================================================
T/V                N    NB     P     Q               Time                 Gflops
--------------------------------------------------------------------------------
WR00R2C4       10000    32     2     2              71.77             9.2915e+00
HPL_pdgesv() start time Mon May  4 02:28:28 2020

HPL_pdgesv() end time   Mon May  4 02:29:40 2020

--------------------------------------------------------------------------------
||Ax-b||_oo/(eps*(||A||_oo*||x||_oo+||b||_oo)*N)=   2.37860241e-03 ...... PASSED
================================================================================
T/V                N    NB     P     Q               Time                 Gflops
--------------------------------------------------------------------------------
WR00R2R2       10000    32     2     2              48.65             1.3707e+01
HPL_pdgesv() start time Mon May  4 02:29:42 2020

HPL_pdgesv() end time   Mon May  4 02:30:30 2020

--------------------------------------------------------------------------------
||Ax-b||_oo/(eps*(||A||_oo*||x||_oo+||b||_oo)*N)=   2.52603364e-03 ...... PASSED
================================================================================
T/V                N    NB     P     Q               Time                 Gflops
--------------------------------------------------------------------------------
WR00R2R4       10000    32     2     2              49.81             1.3388e+01
HPL_pdgesv() start time Mon May  4 02:30:32 2020

HPL_pdgesv() end time   Mon May  4 02:31:22 2020

--------------------------------------------------------------------------------
||Ax-b||_oo/(eps*(||A||_oo*||x||_oo+||b||_oo)*N)=   2.40089930e-03 ...... PASSED
================================================================================
T/V                N    NB     P     Q               Time                 Gflops
--------------------------------------------------------------------------------
WR00L2L2       10000    64     2     2              41.17             1.6197e+01
HPL_pdgesv() start time Mon May  4 02:31:24 2020

HPL_pdgesv() end time   Mon May  4 02:32:05 2020

--------------------------------------------------------------------------------
||Ax-b||_oo/(eps*(||A||_oo*||x||_oo+||b||_oo)*N)=   2.93676580e-03 ...... PASSED
================================================================================
T/V                N    NB     P     Q               Time                 Gflops
--------------------------------------------------------------------------------
WR00L2L4       10000    64     2     2              65.90             1.0118e+01
HPL_pdgesv() start time Mon May  4 02:32:07 2020

HPL_pdgesv() end time   Mon May  4 02:33:13 2020

--------------------------------------------------------------------------------
||Ax-b||_oo/(eps*(||A||_oo*||x||_oo+||b||_oo)*N)=   3.01051229e-03 ...... PASSED
================================================================================
T/V                N    NB     P     Q               Time                 Gflops
--------------------------------------------------------------------------------
WR00L2C2       10000    64     2     2              42.96             1.5520e+01
HPL_pdgesv() start time Mon May  4 02:33:15 2020

HPL_pdgesv() end time   Mon May  4 02:33:58 2020

--------------------------------------------------------------------------------
||Ax-b||_oo/(eps*(||A||_oo*||x||_oo+||b||_oo)*N)=   2.93676580e-03 ...... PASSED
================================================================================
T/V                N    NB     P     Q               Time                 Gflops
--------------------------------------------------------------------------------
WR00L2C4       10000    64     2     2              66.63             1.0008e+01
HPL_pdgesv() start time Mon May  4 02:34:00 2020

HPL_pdgesv() end time   Mon May  4 02:35:07 2020

--------------------------------------------------------------------------------
||Ax-b||_oo/(eps*(||A||_oo*||x||_oo+||b||_oo)*N)=   3.01051229e-03 ...... PASSED
================================================================================
T/V                N    NB     P     Q               Time                 Gflops
--------------------------------------------------------------------------------
WR00L2R2       10000    64     2     2              42.22             1.5795e+01
HPL_pdgesv() start time Mon May  4 02:35:08 2020

HPL_pdgesv() end time   Mon May  4 02:35:51 2020

--------------------------------------------------------------------------------
||Ax-b||_oo/(eps*(||A||_oo*||x||_oo+||b||_oo)*N)=   3.02144456e-03 ...... PASSED
================================================================================
T/V                N    NB     P     Q               Time                 Gflops
--------------------------------------------------------------------------------
WR00L2R4       10000    64     2     2              41.29             1.6149e+01
HPL_pdgesv() start time Mon May  4 02:35:53 2020

HPL_pdgesv() end time   Mon May  4 02:36:34 2020

--------------------------------------------------------------------------------
||Ax-b||_oo/(eps*(||A||_oo*||x||_oo+||b||_oo)*N)=   2.95795093e-03 ...... PASSED
================================================================================
T/V                N    NB     P     Q               Time                 Gflops
--------------------------------------------------------------------------------
WR00C2L2       10000    64     2     2              41.68             1.5997e+01
HPL_pdgesv() start time Mon May  4 02:36:36 2020

HPL_pdgesv() end time   Mon May  4 02:37:18 2020

--------------------------------------------------------------------------------
||Ax-b||_oo/(eps*(||A||_oo*||x||_oo+||b||_oo)*N)=   2.93676580e-03 ...... PASSED
================================================================================
T/V                N    NB     P     Q               Time                 Gflops
--------------------------------------------------------------------------------
WR00C2L4       10000    64     2     2              65.70             1.0149e+01
HPL_pdgesv() start time Mon May  4 02:37:19 2020

HPL_pdgesv() end time   Mon May  4 02:38:25 2020

--------------------------------------------------------------------------------
||Ax-b||_oo/(eps*(||A||_oo*||x||_oo+||b||_oo)*N)=   3.01051229e-03 ...... PASSED
================================================================================
T/V                N    NB     P     Q               Time                 Gflops
--------------------------------------------------------------------------------
WR00C2C2       10000    64     2     2              41.15             1.6206e+01
HPL_pdgesv() start time Mon May  4 02:38:27 2020

HPL_pdgesv() end time   Mon May  4 02:39:08 2020

--------------------------------------------------------------------------------
||Ax-b||_oo/(eps*(||A||_oo*||x||_oo+||b||_oo)*N)=   2.93676580e-03 ...... PASSED
================================================================================
T/V                N    NB     P     Q               Time                 Gflops
--------------------------------------------------------------------------------
WR00C2C4       10000    64     2     2              66.20             1.0072e+01
HPL_pdgesv() start time Mon May  4 02:39:10 2020

HPL_pdgesv() end time   Mon May  4 02:40:16 2020

--------------------------------------------------------------------------------
||Ax-b||_oo/(eps*(||A||_oo*||x||_oo+||b||_oo)*N)=   3.01051229e-03 ...... PASSED
================================================================================
T/V                N    NB     P     Q               Time                 Gflops
--------------------------------------------------------------------------------
WR00C2R2       10000    64     2     2              41.79             1.5958e+01
HPL_pdgesv() start time Mon May  4 02:40:18 2020

HPL_pdgesv() end time   Mon May  4 02:41:00 2020

--------------------------------------------------------------------------------
||Ax-b||_oo/(eps*(||A||_oo*||x||_oo+||b||_oo)*N)=   3.02144456e-03 ...... PASSED
================================================================================
T/V                N    NB     P     Q               Time                 Gflops
--------------------------------------------------------------------------------
WR00C2R4       10000    64     2     2              41.31             1.6140e+01
HPL_pdgesv() start time Mon May  4 02:41:02 2020

HPL_pdgesv() end time   Mon May  4 02:41:43 2020

--------------------------------------------------------------------------------
||Ax-b||_oo/(eps*(||A||_oo*||x||_oo+||b||_oo)*N)=   2.95795093e-03 ...... PASSED
================================================================================
T/V                N    NB     P     Q               Time                 Gflops
--------------------------------------------------------------------------------
WR00R2L2       10000    64     2     2              42.29             1.5769e+01
HPL_pdgesv() start time Mon May  4 02:41:45 2020

HPL_pdgesv() end time   Mon May  4 02:42:28 2020

--------------------------------------------------------------------------------
||Ax-b||_oo/(eps*(||A||_oo*||x||_oo+||b||_oo)*N)=   2.93676580e-03 ...... PASSED
================================================================================
T/V                N    NB     P     Q               Time                 Gflops
--------------------------------------------------------------------------------
WR00R2L4       10000    64     2     2              65.80             1.0133e+01
HPL_pdgesv() start time Mon May  4 02:42:30 2020

HPL_pdgesv() end time   Mon May  4 02:43:36 2020

--------------------------------------------------------------------------------
||Ax-b||_oo/(eps*(||A||_oo*||x||_oo+||b||_oo)*N)=   3.01051229e-03 ...... PASSED
================================================================================
T/V                N    NB     P     Q               Time                 Gflops
--------------------------------------------------------------------------------
WR00R2C2       10000    64     2     2              43.77             1.5235e+01
HPL_pdgesv() start time Mon May  4 02:43:37 2020

HPL_pdgesv() end time   Mon May  4 02:44:21 2020

--------------------------------------------------------------------------------
||Ax-b||_oo/(eps*(||A||_oo*||x||_oo+||b||_oo)*N)=   2.93676580e-03 ...... PASSED
================================================================================
T/V                N    NB     P     Q               Time                 Gflops
--------------------------------------------------------------------------------
WR00R2C4       10000    64     2     2              65.98             1.0106e+01
HPL_pdgesv() start time Mon May  4 02:44:23 2020

HPL_pdgesv() end time   Mon May  4 02:45:29 2020

--------------------------------------------------------------------------------
||Ax-b||_oo/(eps*(||A||_oo*||x||_oo+||b||_oo)*N)=   3.01051229e-03 ...... PASSED
================================================================================
T/V                N    NB     P     Q               Time                 Gflops
--------------------------------------------------------------------------------
WR00R2R2       10000    64     2     2              41.27             1.6158e+01
HPL_pdgesv() start time Mon May  4 02:45:31 2020

HPL_pdgesv() end time   Mon May  4 02:46:12 2020

--------------------------------------------------------------------------------
||Ax-b||_oo/(eps*(||A||_oo*||x||_oo+||b||_oo)*N)=   3.02144456e-03 ...... PASSED
================================================================================
T/V                N    NB     P     Q               Time                 Gflops
--------------------------------------------------------------------------------
WR00R2R4       10000    64     2     2              41.06             1.6238e+01
HPL_pdgesv() start time Mon May  4 02:46:14 2020

HPL_pdgesv() end time   Mon May  4 02:46:55 2020

--------------------------------------------------------------------------------
||Ax-b||_oo/(eps*(||A||_oo*||x||_oo+||b||_oo)*N)=   2.95795093e-03 ...... PASSED
================================================================================
T/V                N    NB     P     Q               Time                 Gflops
--------------------------------------------------------------------------------
WR00L2L2       10000   128     2     2              44.60             1.4950e+01
HPL_pdgesv() start time Mon May  4 02:46:57 2020

HPL_pdgesv() end time   Mon May  4 02:47:42 2020

--------------------------------------------------------------------------------
||Ax-b||_oo/(eps*(||A||_oo*||x||_oo+||b||_oo)*N)=   2.73047326e-03 ...... PASSED
================================================================================
T/V                N    NB     P     Q               Time                 Gflops
--------------------------------------------------------------------------------
WR00L2L4       10000   128     2     2              68.88             9.6808e+00
HPL_pdgesv() start time Mon May  4 02:47:44 2020

HPL_pdgesv() end time   Mon May  4 02:48:53 2020

--------------------------------------------------------------------------------
||Ax-b||_oo/(eps*(||A||_oo*||x||_oo+||b||_oo)*N)=   3.08425879e-03 ...... PASSED
================================================================================
T/V                N    NB     P     Q               Time                 Gflops
--------------------------------------------------------------------------------
WR00L2C2       10000   128     2     2              47.07             1.4167e+01
HPL_pdgesv() start time Mon May  4 02:48:55 2020

HPL_pdgesv() end time   Mon May  4 02:49:42 2020

--------------------------------------------------------------------------------
||Ax-b||_oo/(eps*(||A||_oo*||x||_oo+||b||_oo)*N)=   2.73047326e-03 ...... PASSED
================================================================================
T/V                N    NB     P     Q               Time                 Gflops
--------------------------------------------------------------------------------
WR00L2C4       10000   128     2     2              68.39             9.7505e+00
HPL_pdgesv() start time Mon May  4 02:49:44 2020

HPL_pdgesv() end time   Mon May  4 02:50:52 2020

--------------------------------------------------------------------------------
||Ax-b||_oo/(eps*(||A||_oo*||x||_oo+||b||_oo)*N)=   3.08425879e-03 ...... PASSED
================================================================================
T/V                N    NB     P     Q               Time                 Gflops
--------------------------------------------------------------------------------
WR00L2R2       10000   128     2     2              44.90             1.4851e+01
HPL_pdgesv() start time Mon May  4 02:50:54 2020

HPL_pdgesv() end time   Mon May  4 02:51:39 2020

--------------------------------------------------------------------------------
||Ax-b||_oo/(eps*(||A||_oo*||x||_oo+||b||_oo)*N)=   3.36423606e-03 ...... PASSED
================================================================================
T/V                N    NB     P     Q               Time                 Gflops
--------------------------------------------------------------------------------
WR00L2R4       10000   128     2     2              45.49             1.4659e+01
HPL_pdgesv() start time Mon May  4 02:51:41 2020

HPL_pdgesv() end time   Mon May  4 02:52:27 2020

--------------------------------------------------------------------------------
||Ax-b||_oo/(eps*(||A||_oo*||x||_oo+||b||_oo)*N)=   2.79421394e-03 ...... PASSED
================================================================================
T/V                N    NB     P     Q               Time                 Gflops
--------------------------------------------------------------------------------
WR00C2L2       10000   128     2     2              44.65             1.4934e+01
HPL_pdgesv() start time Mon May  4 02:52:29 2020

HPL_pdgesv() end time   Mon May  4 02:53:13 2020

--------------------------------------------------------------------------------
||Ax-b||_oo/(eps*(||A||_oo*||x||_oo+||b||_oo)*N)=   2.73047326e-03 ...... PASSED
================================================================================
T/V                N    NB     P     Q               Time                 Gflops
--------------------------------------------------------------------------------
WR00C2L4       10000   128     2     2              67.67             9.8538e+00
HPL_pdgesv() start time Mon May  4 02:53:15 2020

HPL_pdgesv() end time   Mon May  4 02:54:23 2020

--------------------------------------------------------------------------------
||Ax-b||_oo/(eps*(||A||_oo*||x||_oo+||b||_oo)*N)=   3.08425879e-03 ...... PASSED
================================================================================
T/V                N    NB     P     Q               Time                 Gflops
--------------------------------------------------------------------------------
WR00C2C2       10000   128     2     2              45.52             1.4648e+01
HPL_pdgesv() start time Mon May  4 02:54:25 2020

HPL_pdgesv() end time   Mon May  4 02:55:10 2020

--------------------------------------------------------------------------------
||Ax-b||_oo/(eps*(||A||_oo*||x||_oo+||b||_oo)*N)=   2.73047326e-03 ...... PASSED
================================================================================
T/V                N    NB     P     Q               Time                 Gflops
--------------------------------------------------------------------------------
WR00C2C4       10000   128     2     2              68.30             9.7633e+00
HPL_pdgesv() start time Mon May  4 02:55:12 2020

HPL_pdgesv() end time   Mon May  4 02:56:21 2020

--------------------------------------------------------------------------------
||Ax-b||_oo/(eps*(||A||_oo*||x||_oo+||b||_oo)*N)=   3.08425879e-03 ...... PASSED
================================================================================
T/V                N    NB     P     Q               Time                 Gflops
--------------------------------------------------------------------------------
WR00C2R2       10000   128     2     2              45.09             1.4789e+01
HPL_pdgesv() start time Mon May  4 02:56:23 2020

HPL_pdgesv() end time   Mon May  4 02:57:08 2020

--------------------------------------------------------------------------------
||Ax-b||_oo/(eps*(||A||_oo*||x||_oo+||b||_oo)*N)=   3.36423606e-03 ...... PASSED
================================================================================
T/V                N    NB     P     Q               Time                 Gflops
--------------------------------------------------------------------------------
WR00C2R4       10000   128     2     2              46.35             1.4388e+01
HPL_pdgesv() start time Mon May  4 02:57:10 2020

HPL_pdgesv() end time   Mon May  4 02:57:56 2020

--------------------------------------------------------------------------------
||Ax-b||_oo/(eps*(||A||_oo*||x||_oo+||b||_oo)*N)=   2.79421394e-03 ...... PASSED
================================================================================
T/V                N    NB     P     Q               Time                 Gflops
--------------------------------------------------------------------------------
WR00R2L2       10000   128     2     2              43.89             1.5191e+01
HPL_pdgesv() start time Mon May  4 02:57:58 2020

HPL_pdgesv() end time   Mon May  4 02:58:42 2020

--------------------------------------------------------------------------------
||Ax-b||_oo/(eps*(||A||_oo*||x||_oo+||b||_oo)*N)=   2.73047326e-03 ...... PASSED
================================================================================
T/V                N    NB     P     Q               Time                 Gflops
--------------------------------------------------------------------------------
WR00R2L4       10000   128     2     2              68.71             9.7054e+00
HPL_pdgesv() start time Mon May  4 02:58:44 2020

HPL_pdgesv() end time   Mon May  4 02:59:53 2020

--------------------------------------------------------------------------------
||Ax-b||_oo/(eps*(||A||_oo*||x||_oo+||b||_oo)*N)=   3.08425879e-03 ...... PASSED
================================================================================
T/V                N    NB     P     Q               Time                 Gflops
--------------------------------------------------------------------------------
WR00R2C2       10000   128     2     2              45.37             1.4699e+01
HPL_pdgesv() start time Mon May  4 02:59:55 2020

HPL_pdgesv() end time   Mon May  4 03:00:40 2020

--------------------------------------------------------------------------------
||Ax-b||_oo/(eps*(||A||_oo*||x||_oo+||b||_oo)*N)=   2.73047326e-03 ...... PASSED
================================================================================
T/V                N    NB     P     Q               Time                 Gflops
--------------------------------------------------------------------------------
WR00R2C4       10000   128     2     2              67.56             9.8703e+00
HPL_pdgesv() start time Mon May  4 03:00:42 2020

HPL_pdgesv() end time   Mon May  4 03:01:50 2020

--------------------------------------------------------------------------------
||Ax-b||_oo/(eps*(||A||_oo*||x||_oo+||b||_oo)*N)=   3.08425879e-03 ...... PASSED
================================================================================
T/V                N    NB     P     Q               Time                 Gflops
--------------------------------------------------------------------------------
WR00R2R2       10000   128     2     2              45.26             1.4733e+01
HPL_pdgesv() start time Mon May  4 03:01:52 2020

HPL_pdgesv() end time   Mon May  4 03:02:37 2020

--------------------------------------------------------------------------------
||Ax-b||_oo/(eps*(||A||_oo*||x||_oo+||b||_oo)*N)=   3.36423606e-03 ...... PASSED
================================================================================
T/V                N    NB     P     Q               Time                 Gflops
--------------------------------------------------------------------------------
WR00R2R4       10000   128     2     2              44.74             1.4904e+01
HPL_pdgesv() start time Mon May  4 03:02:39 2020

HPL_pdgesv() end time   Mon May  4 03:03:24 2020

--------------------------------------------------------------------------------
||Ax-b||_oo/(eps*(||A||_oo*||x||_oo+||b||_oo)*N)=   2.79421394e-03 ...... PASSED
================================================================================
T/V                N    NB     P     Q               Time                 Gflops
--------------------------------------------------------------------------------
WR00L2L2       15000    32     2     2              93.15             2.4158e+01
HPL_pdgesv() start time Mon May  4 03:03:27 2020

HPL_pdgesv() end time   Mon May  4 03:05:00 2020

--------------------------------------------------------------------------------
||Ax-b||_oo/(eps*(||A||_oo*||x||_oo+||b||_oo)*N)=   2.60410201e-03 ...... PASSED
================================================================================
T/V                N    NB     P     Q               Time                 Gflops
--------------------------------------------------------------------------------
WR00L2L4       15000    32     2     2             145.89             1.5424e+01
HPL_pdgesv() start time Mon May  4 03:05:04 2020

HPL_pdgesv() end time   Mon May  4 03:07:30 2020

--------------------------------------------------------------------------------
||Ax-b||_oo/(eps*(||A||_oo*||x||_oo+||b||_oo)*N)=   2.84535711e-03 ...... PASSED
================================================================================
T/V                N    NB     P     Q               Time                 Gflops
--------------------------------------------------------------------------------
WR00L2C2       15000    32     2     2              97.70             2.3034e+01
HPL_pdgesv() start time Mon May  4 03:07:35 2020

HPL_pdgesv() end time   Mon May  4 03:09:12 2020

--------------------------------------------------------------------------------
||Ax-b||_oo/(eps*(||A||_oo*||x||_oo+||b||_oo)*N)=   2.60410201e-03 ...... PASSED
================================================================================
T/V                N    NB     P     Q               Time                 Gflops
--------------------------------------------------------------------------------
WR00L2C4       15000    32     2     2             145.63             1.5452e+01
HPL_pdgesv() start time Mon May  4 03:09:17 2020

HPL_pdgesv() end time   Mon May  4 03:11:42 2020

--------------------------------------------------------------------------------
||Ax-b||_oo/(eps*(||A||_oo*||x||_oo+||b||_oo)*N)=   2.84535711e-03 ...... PASSED
================================================================================
T/V                N    NB     P     Q               Time                 Gflops
--------------------------------------------------------------------------------
WR00L2R2       15000    32     2     2              96.64             2.3285e+01
HPL_pdgesv() start time Mon May  4 03:11:47 2020

HPL_pdgesv() end time   Mon May  4 03:13:23 2020

--------------------------------------------------------------------------------
||Ax-b||_oo/(eps*(||A||_oo*||x||_oo+||b||_oo)*N)=   2.13104828e-03 ...... PASSED
================================================================================
T/V                N    NB     P     Q               Time                 Gflops
--------------------------------------------------------------------------------
WR00L2R4       15000    32     2     2              97.33             2.3122e+01
HPL_pdgesv() start time Mon May  4 03:13:28 2020

HPL_pdgesv() end time   Mon May  4 03:15:05 2020

--------------------------------------------------------------------------------
||Ax-b||_oo/(eps*(||A||_oo*||x||_oo+||b||_oo)*N)=   2.66833676e-03 ...... PASSED
================================================================================
T/V                N    NB     P     Q               Time                 Gflops
--------------------------------------------------------------------------------
WR00C2L2       15000    32     2     2              95.24             2.3627e+01
HPL_pdgesv() start time Mon May  4 03:15:09 2020

HPL_pdgesv() end time   Mon May  4 03:16:44 2020

--------------------------------------------------------------------------------
||Ax-b||_oo/(eps*(||A||_oo*||x||_oo+||b||_oo)*N)=   2.60410201e-03 ...... PASSED
================================================================================
T/V                N    NB     P     Q               Time                 Gflops
--------------------------------------------------------------------------------
WR00C2L4       15000    32     2     2             145.18             1.5500e+01
HPL_pdgesv() start time Mon May  4 03:16:49 2020

HPL_pdgesv() end time   Mon May  4 03:19:14 2020

--------------------------------------------------------------------------------
||Ax-b||_oo/(eps*(||A||_oo*||x||_oo+||b||_oo)*N)=   2.84535711e-03 ...... PASSED
================================================================================
T/V                N    NB     P     Q               Time                 Gflops
--------------------------------------------------------------------------------
WR00C2C2       15000    32     2     2              95.37             2.3595e+01
HPL_pdgesv() start time Mon May  4 03:19:18 2020

HPL_pdgesv() end time   Mon May  4 03:20:54 2020

--------------------------------------------------------------------------------
||Ax-b||_oo/(eps*(||A||_oo*||x||_oo+||b||_oo)*N)=   2.60410201e-03 ...... PASSED
================================================================================
T/V                N    NB     P     Q               Time                 Gflops
--------------------------------------------------------------------------------
WR00C2C4       15000    32     2     2             157.80             1.4261e+01
HPL_pdgesv() start time Mon May  4 03:20:58 2020

HPL_pdgesv() end time   Mon May  4 03:23:36 2020

--------------------------------------------------------------------------------
||Ax-b||_oo/(eps*(||A||_oo*||x||_oo+||b||_oo)*N)=   2.84535711e-03 ...... PASSED
================================================================================
T/V                N    NB     P     Q               Time                 Gflops
--------------------------------------------------------------------------------
WR00C2R2       15000    32     2     2              96.22             2.3389e+01
HPL_pdgesv() start time Mon May  4 03:23:40 2020

HPL_pdgesv() end time   Mon May  4 03:25:16 2020

--------------------------------------------------------------------------------
||Ax-b||_oo/(eps*(||A||_oo*||x||_oo+||b||_oo)*N)=   2.13104828e-03 ...... PASSED
================================================================================
T/V                N    NB     P     Q               Time                 Gflops
--------------------------------------------------------------------------------
WR00C2R4       15000    32     2     2              95.47             2.3572e+01
HPL_pdgesv() start time Mon May  4 03:25:21 2020

HPL_pdgesv() end time   Mon May  4 03:26:56 2020

--------------------------------------------------------------------------------
||Ax-b||_oo/(eps*(||A||_oo*||x||_oo+||b||_oo)*N)=   2.66833676e-03 ...... PASSED
================================================================================
T/V                N    NB     P     Q               Time                 Gflops
--------------------------------------------------------------------------------
WR00R2L2       15000    32     2     2              98.59             2.2826e+01
HPL_pdgesv() start time Mon May  4 03:27:00 2020

HPL_pdgesv() end time   Mon May  4 03:28:39 2020

--------------------------------------------------------------------------------
||Ax-b||_oo/(eps*(||A||_oo*||x||_oo+||b||_oo)*N)=   2.60410201e-03 ...... PASSED
================================================================================
T/V                N    NB     P     Q               Time                 Gflops
--------------------------------------------------------------------------------
WR00R2L4       15000    32     2     2             144.60             1.5563e+01
HPL_pdgesv() start time Mon May  4 03:28:43 2020

HPL_pdgesv() end time   Mon May  4 03:31:08 2020

--------------------------------------------------------------------------------
||Ax-b||_oo/(eps*(||A||_oo*||x||_oo+||b||_oo)*N)=   2.84535711e-03 ...... PASSED
================================================================================
T/V                N    NB     P     Q               Time                 Gflops
--------------------------------------------------------------------------------
WR00R2C2       15000    32     2     2              95.84             2.3480e+01
HPL_pdgesv() start time Mon May  4 03:31:12 2020

HPL_pdgesv() end time   Mon May  4 03:32:48 2020

--------------------------------------------------------------------------------
||Ax-b||_oo/(eps*(||A||_oo*||x||_oo+||b||_oo)*N)=   2.60410201e-03 ...... PASSED
================================================================================
T/V                N    NB     P     Q               Time                 Gflops
--------------------------------------------------------------------------------
WR00R2C4       15000    32     2     2             145.37             1.5480e+01
HPL_pdgesv() start time Mon May  4 03:32:52 2020

HPL_pdgesv() end time   Mon May  4 03:35:18 2020

--------------------------------------------------------------------------------
||Ax-b||_oo/(eps*(||A||_oo*||x||_oo+||b||_oo)*N)=   2.84535711e-03 ...... PASSED
================================================================================
T/V                N    NB     P     Q               Time                 Gflops
--------------------------------------------------------------------------------
WR00R2R2       15000    32     2     2              96.08             2.3421e+01
HPL_pdgesv() start time Mon May  4 03:35:22 2020

HPL_pdgesv() end time   Mon May  4 03:36:58 2020

--------------------------------------------------------------------------------
||Ax-b||_oo/(eps*(||A||_oo*||x||_oo+||b||_oo)*N)=   2.13104828e-03 ...... PASSED
================================================================================
T/V                N    NB     P     Q               Time                 Gflops
--------------------------------------------------------------------------------
WR00R2R4       15000    32     2     2              93.45             2.4082e+01
HPL_pdgesv() start time Mon May  4 03:37:02 2020

HPL_pdgesv() end time   Mon May  4 03:38:36 2020

--------------------------------------------------------------------------------
||Ax-b||_oo/(eps*(||A||_oo*||x||_oo+||b||_oo)*N)=   2.66833676e-03 ...... PASSED
================================================================================
T/V                N    NB     P     Q               Time                 Gflops
--------------------------------------------------------------------------------
WR00L2L2       15000    64     2     2              95.87             2.3472e+01
HPL_pdgesv() start time Mon May  4 03:38:40 2020

HPL_pdgesv() end time   Mon May  4 03:40:16 2020

--------------------------------------------------------------------------------
||Ax-b||_oo/(eps*(||A||_oo*||x||_oo+||b||_oo)*N)=   2.66879805e-03 ...... PASSED
================================================================================
T/V                N    NB     P     Q               Time                 Gflops
--------------------------------------------------------------------------------
WR00L2L4       15000    64     2     2             142.53             1.5789e+01
HPL_pdgesv() start time Mon May  4 03:40:20 2020

HPL_pdgesv() end time   Mon May  4 03:42:43 2020

--------------------------------------------------------------------------------
||Ax-b||_oo/(eps*(||A||_oo*||x||_oo+||b||_oo)*N)=   2.37267818e-03 ...... PASSED
================================================================================
T/V                N    NB     P     Q               Time                 Gflops
--------------------------------------------------------------------------------
WR00L2C2       15000    64     2     2              94.41             2.3836e+01
HPL_pdgesv() start time Mon May  4 03:42:47 2020

HPL_pdgesv() end time   Mon May  4 03:44:22 2020

--------------------------------------------------------------------------------
||Ax-b||_oo/(eps*(||A||_oo*||x||_oo+||b||_oo)*N)=   2.66879805e-03 ...... PASSED
================================================================================
T/V                N    NB     P     Q               Time                 Gflops
--------------------------------------------------------------------------------
WR00L2C4       15000    64     2     2             143.47             1.5685e+01
HPL_pdgesv() start time Mon May  4 03:44:26 2020

HPL_pdgesv() end time   Mon May  4 03:46:49 2020

--------------------------------------------------------------------------------
||Ax-b||_oo/(eps*(||A||_oo*||x||_oo+||b||_oo)*N)=   2.37267818e-03 ...... PASSED
================================================================================
T/V                N    NB     P     Q               Time                 Gflops
--------------------------------------------------------------------------------
WR00L2R2       15000    64     2     2              94.20             2.3889e+01
HPL_pdgesv() start time Mon May  4 03:46:54 2020

HPL_pdgesv() end time   Mon May  4 03:48:28 2020

--------------------------------------------------------------------------------
||Ax-b||_oo/(eps*(||A||_oo*||x||_oo+||b||_oo)*N)=   2.39894292e-03 ...... PASSED
================================================================================
T/V                N    NB     P     Q               Time                 Gflops
--------------------------------------------------------------------------------
WR00L2R4       15000    64     2     2             101.44             2.2184e+01
HPL_pdgesv() start time Mon May  4 03:48:32 2020

HPL_pdgesv() end time   Mon May  4 03:50:14 2020

--------------------------------------------------------------------------------
||Ax-b||_oo/(eps*(||A||_oo*||x||_oo+||b||_oo)*N)=   2.47551720e-03 ...... PASSED
================================================================================
T/V                N    NB     P     Q               Time                 Gflops
--------------------------------------------------------------------------------
WR00C2L2       15000    64     2     2              95.50             2.3564e+01
HPL_pdgesv() start time Mon May  4 03:50:18 2020

HPL_pdgesv() end time   Mon May  4 03:51:53 2020

--------------------------------------------------------------------------------
||Ax-b||_oo/(eps*(||A||_oo*||x||_oo+||b||_oo)*N)=   2.66879805e-03 ...... PASSED
================================================================================
T/V                N    NB     P     Q               Time                 Gflops
--------------------------------------------------------------------------------
WR00C2L4       15000    64     2     2             142.48             1.5794e+01
HPL_pdgesv() start time Mon May  4 03:51:58 2020

HPL_pdgesv() end time   Mon May  4 03:54:20 2020

--------------------------------------------------------------------------------
||Ax-b||_oo/(eps*(||A||_oo*||x||_oo+||b||_oo)*N)=   2.37267818e-03 ...... PASSED
================================================================================
T/V                N    NB     P     Q               Time                 Gflops
--------------------------------------------------------------------------------
WR00C2C2       15000    64     2     2              97.19             2.3155e+01
HPL_pdgesv() start time Mon May  4 03:54:24 2020

HPL_pdgesv() end time   Mon May  4 03:56:01 2020

--------------------------------------------------------------------------------
||Ax-b||_oo/(eps*(||A||_oo*||x||_oo+||b||_oo)*N)=   2.66879805e-03 ...... PASSED
================================================================================
T/V                N    NB     P     Q               Time                 Gflops
--------------------------------------------------------------------------------
WR00C2C4       15000    64     2     2             142.24             1.5820e+01
HPL_pdgesv() start time Mon May  4 03:56:06 2020

HPL_pdgesv() end time   Mon May  4 03:58:28 2020

--------------------------------------------------------------------------------
||Ax-b||_oo/(eps*(||A||_oo*||x||_oo+||b||_oo)*N)=   2.37267818e-03 ...... PASSED
================================================================================
T/V                N    NB     P     Q               Time                 Gflops
--------------------------------------------------------------------------------
WR00C2R2       15000    64     2     2              97.49             2.3082e+01
HPL_pdgesv() start time Mon May  4 03:58:32 2020

HPL_pdgesv() end time   Mon May  4 04:00:10 2020

--------------------------------------------------------------------------------
||Ax-b||_oo/(eps*(||A||_oo*||x||_oo+||b||_oo)*N)=   2.39894292e-03 ...... PASSED
================================================================================
T/V                N    NB     P     Q               Time                 Gflops
--------------------------------------------------------------------------------
WR00C2R4       15000    64     2     2              96.46             2.3328e+01
HPL_pdgesv() start time Mon May  4 04:00:14 2020

HPL_pdgesv() end time   Mon May  4 04:01:50 2020

--------------------------------------------------------------------------------
||Ax-b||_oo/(eps*(||A||_oo*||x||_oo+||b||_oo)*N)=   2.47551720e-03 ...... PASSED
================================================================================
T/V                N    NB     P     Q               Time                 Gflops
--------------------------------------------------------------------------------
WR00R2L2       15000    64     2     2              97.49             2.3083e+01
HPL_pdgesv() start time Mon May  4 04:01:55 2020

HPL_pdgesv() end time   Mon May  4 04:03:32 2020

--------------------------------------------------------------------------------
||Ax-b||_oo/(eps*(||A||_oo*||x||_oo+||b||_oo)*N)=   2.66879805e-03 ...... PASSED
================================================================================
T/V                N    NB     P     Q               Time                 Gflops
--------------------------------------------------------------------------------
WR00R2L4       15000    64     2     2             142.66             1.5774e+01
HPL_pdgesv() start time Mon May  4 04:03:37 2020

HPL_pdgesv() end time   Mon May  4 04:05:59 2020

--------------------------------------------------------------------------------
||Ax-b||_oo/(eps*(||A||_oo*||x||_oo+||b||_oo)*N)=   2.37267818e-03 ...... PASSED
================================================================================
T/V                N    NB     P     Q               Time                 Gflops
--------------------------------------------------------------------------------
WR00R2C2       15000    64     2     2              98.54             2.2837e+01
HPL_pdgesv() start time Mon May  4 04:06:03 2020

HPL_pdgesv() end time   Mon May  4 04:07:42 2020

--------------------------------------------------------------------------------
||Ax-b||_oo/(eps*(||A||_oo*||x||_oo+||b||_oo)*N)=   2.66879805e-03 ...... PASSED
================================================================================
T/V                N    NB     P     Q               Time                 Gflops
--------------------------------------------------------------------------------
WR00R2C4       15000    64     2     2             142.50             1.5791e+01
HPL_pdgesv() start time Mon May  4 04:07:46 2020

HPL_pdgesv() end time   Mon May  4 04:10:09 2020

--------------------------------------------------------------------------------
||Ax-b||_oo/(eps*(||A||_oo*||x||_oo+||b||_oo)*N)=   2.37267818e-03 ...... PASSED
================================================================================
T/V                N    NB     P     Q               Time                 Gflops
--------------------------------------------------------------------------------
WR00R2R2       15000    64     2     2              96.19             2.3395e+01
HPL_pdgesv() start time Mon May  4 04:10:13 2020

HPL_pdgesv() end time   Mon May  4 04:11:49 2020

--------------------------------------------------------------------------------
||Ax-b||_oo/(eps*(||A||_oo*||x||_oo+||b||_oo)*N)=   2.39894292e-03 ...... PASSED
================================================================================
T/V                N    NB     P     Q               Time                 Gflops
--------------------------------------------------------------------------------
WR00R2R4       15000    64     2     2              98.22             2.2911e+01
HPL_pdgesv() start time Mon May  4 04:11:54 2020

HPL_pdgesv() end time   Mon May  4 04:13:32 2020

--------------------------------------------------------------------------------
||Ax-b||_oo/(eps*(||A||_oo*||x||_oo+||b||_oo)*N)=   2.47551720e-03 ...... PASSED
================================================================================
T/V                N    NB     P     Q               Time                 Gflops
--------------------------------------------------------------------------------
WR00L2L2       15000   128     2     2             104.39             2.1558e+01
HPL_pdgesv() start time Mon May  4 04:13:36 2020

HPL_pdgesv() end time   Mon May  4 04:15:20 2020

--------------------------------------------------------------------------------
||Ax-b||_oo/(eps*(||A||_oo*||x||_oo+||b||_oo)*N)=   2.37922274e-03 ...... PASSED
================================================================================
T/V                N    NB     P     Q               Time                 Gflops
--------------------------------------------------------------------------------
WR00L2L4       15000   128     2     2             144.41             1.5583e+01
HPL_pdgesv() start time Mon May  4 04:15:25 2020

HPL_pdgesv() end time   Mon May  4 04:17:49 2020

--------------------------------------------------------------------------------
||Ax-b||_oo/(eps*(||A||_oo*||x||_oo+||b||_oo)*N)=   2.72628642e-03 ...... PASSED
================================================================================
T/V                N    NB     P     Q               Time                 Gflops
--------------------------------------------------------------------------------
WR00L2C2       15000   128     2     2             106.43             2.1144e+01
HPL_pdgesv() start time Mon May  4 04:17:53 2020

HPL_pdgesv() end time   Mon May  4 04:19:40 2020

--------------------------------------------------------------------------------
||Ax-b||_oo/(eps*(||A||_oo*||x||_oo+||b||_oo)*N)=   2.37922274e-03 ...... PASSED
================================================================================
T/V                N    NB     P     Q               Time                 Gflops
--------------------------------------------------------------------------------
WR00L2C4       15000   128     2     2             144.65             1.5557e+01
HPL_pdgesv() start time Mon May  4 04:19:44 2020

HPL_pdgesv() end time   Mon May  4 04:22:09 2020

--------------------------------------------------------------------------------
||Ax-b||_oo/(eps*(||A||_oo*||x||_oo+||b||_oo)*N)=   2.72628642e-03 ...... PASSED
================================================================================
T/V                N    NB     P     Q               Time                 Gflops
--------------------------------------------------------------------------------
WR00L2R2       15000   128     2     2             104.38             2.1558e+01
HPL_pdgesv() start time Mon May  4 04:22:13 2020

HPL_pdgesv() end time   Mon May  4 04:23:57 2020

--------------------------------------------------------------------------------
||Ax-b||_oo/(eps*(||A||_oo*||x||_oo+||b||_oo)*N)=   2.42365081e-03 ...... PASSED
================================================================================
T/V                N    NB     P     Q               Time                 Gflops
--------------------------------------------------------------------------------
WR00L2R4       15000   128     2     2             107.13             2.1007e+01
HPL_pdgesv() start time Mon May  4 04:24:02 2020

HPL_pdgesv() end time   Mon May  4 04:25:49 2020

--------------------------------------------------------------------------------
||Ax-b||_oo/(eps*(||A||_oo*||x||_oo+||b||_oo)*N)=   2.65080771e-03 ...... PASSED
================================================================================
T/V                N    NB     P     Q               Time                 Gflops
--------------------------------------------------------------------------------
WR00C2L2       15000   128     2     2             104.38             2.1560e+01
HPL_pdgesv() start time Mon May  4 04:25:53 2020

HPL_pdgesv() end time   Mon May  4 04:27:37 2020

--------------------------------------------------------------------------------
||Ax-b||_oo/(eps*(||A||_oo*||x||_oo+||b||_oo)*N)=   2.37922274e-03 ...... PASSED
================================================================================
T/V                N    NB     P     Q               Time                 Gflops
--------------------------------------------------------------------------------
WR00C2L4       15000   128     2     2             143.83             1.5645e+01
HPL_pdgesv() start time Mon May  4 04:27:42 2020

HPL_pdgesv() end time   Mon May  4 04:30:05 2020

--------------------------------------------------------------------------------
||Ax-b||_oo/(eps*(||A||_oo*||x||_oo+||b||_oo)*N)=   2.72628642e-03 ...... PASSED
================================================================================
T/V                N    NB     P     Q               Time                 Gflops
--------------------------------------------------------------------------------
WR00C2C2       15000   128     2     2             105.06             2.1419e+01
HPL_pdgesv() start time Mon May  4 04:30:10 2020

HPL_pdgesv() end time   Mon May  4 04:31:55 2020

--------------------------------------------------------------------------------
||Ax-b||_oo/(eps*(||A||_oo*||x||_oo+||b||_oo)*N)=   2.37922274e-03 ...... PASSED
================================================================================
T/V                N    NB     P     Q               Time                 Gflops
--------------------------------------------------------------------------------
WR00C2C4       15000   128     2     2             144.18             1.5607e+01
HPL_pdgesv() start time Mon May  4 04:31:59 2020

HPL_pdgesv() end time   Mon May  4 04:34:23 2020

--------------------------------------------------------------------------------
||Ax-b||_oo/(eps*(||A||_oo*||x||_oo+||b||_oo)*N)=   2.72628642e-03 ...... PASSED
================================================================================
T/V                N    NB     P     Q               Time                 Gflops
--------------------------------------------------------------------------------
WR00C2R2       15000   128     2     2             104.84             2.1464e+01
HPL_pdgesv() start time Mon May  4 04:34:27 2020

HPL_pdgesv() end time   Mon May  4 04:36:12 2020

--------------------------------------------------------------------------------
||Ax-b||_oo/(eps*(||A||_oo*||x||_oo+||b||_oo)*N)=   2.42365081e-03 ...... PASSED
================================================================================
T/V                N    NB     P     Q               Time                 Gflops
--------------------------------------------------------------------------------
WR00C2R4       15000   128     2     2             105.75             2.1280e+01
HPL_pdgesv() start time Mon May  4 04:36:16 2020

HPL_pdgesv() end time   Mon May  4 04:38:02 2020

--------------------------------------------------------------------------------
||Ax-b||_oo/(eps*(||A||_oo*||x||_oo+||b||_oo)*N)=   2.65080771e-03 ...... PASSED
================================================================================
T/V                N    NB     P     Q               Time                 Gflops
--------------------------------------------------------------------------------
WR00R2L2       15000   128     2     2              99.87             2.2532e+01
HPL_pdgesv() start time Mon May  4 04:38:06 2020

HPL_pdgesv() end time   Mon May  4 04:39:46 2020

--------------------------------------------------------------------------------
||Ax-b||_oo/(eps*(||A||_oo*||x||_oo+||b||_oo)*N)=   2.37922274e-03 ...... PASSED
================================================================================
T/V                N    NB     P     Q               Time                 Gflops
--------------------------------------------------------------------------------
WR00R2L4       15000   128     2     2             141.26             1.5931e+01
HPL_pdgesv() start time Mon May  4 04:39:50 2020

HPL_pdgesv() end time   Mon May  4 04:42:12 2020

--------------------------------------------------------------------------------
||Ax-b||_oo/(eps*(||A||_oo*||x||_oo+||b||_oo)*N)=   2.72628642e-03 ...... PASSED
================================================================================
T/V                N    NB     P     Q               Time                 Gflops
--------------------------------------------------------------------------------
WR00R2C2       15000   128     2     2             101.87             2.2090e+01
HPL_pdgesv() start time Mon May  4 04:42:16 2020

HPL_pdgesv() end time   Mon May  4 04:43:58 2020

--------------------------------------------------------------------------------
||Ax-b||_oo/(eps*(||A||_oo*||x||_oo+||b||_oo)*N)=   2.37922274e-03 ...... PASSED
================================================================================
T/V                N    NB     P     Q               Time                 Gflops
--------------------------------------------------------------------------------
WR00R2C4       15000   128     2     2             142.92             1.5746e+01
HPL_pdgesv() start time Mon May  4 04:44:02 2020

HPL_pdgesv() end time   Mon May  4 04:46:25 2020

--------------------------------------------------------------------------------
||Ax-b||_oo/(eps*(||A||_oo*||x||_oo+||b||_oo)*N)=   2.72628642e-03 ...... PASSED
================================================================================
T/V                N    NB     P     Q               Time                 Gflops
--------------------------------------------------------------------------------
WR00R2R2       15000   128     2     2              99.90             2.2526e+01
HPL_pdgesv() start time Mon May  4 04:46:29 2020

HPL_pdgesv() end time   Mon May  4 04:48:09 2020

--------------------------------------------------------------------------------
||Ax-b||_oo/(eps*(||A||_oo*||x||_oo+||b||_oo)*N)=   2.42365081e-03 ...... PASSED
================================================================================
T/V                N    NB     P     Q               Time                 Gflops
--------------------------------------------------------------------------------
WR00R2R4       15000   128     2     2             102.61             2.1930e+01
HPL_pdgesv() start time Mon May  4 04:48:13 2020

HPL_pdgesv() end time   Mon May  4 04:49:56 2020

--------------------------------------------------------------------------------
||Ax-b||_oo/(eps*(||A||_oo*||x||_oo+||b||_oo)*N)=   2.65080771e-03 ...... PASSED
--------------------------------------------------------------------------
Primary job  terminated normally, but 1 process returned
a non-zero exit code. Per user-direction, the job has been aborted.
--------------------------------------------------------------------------
--------------------------------------------------------------------------
mpirun noticed that process rank 1 with PID 1255754 on node node6 exited on signal 9 (Killed).
--------------------------------------------------------------------------
slurmstepd: error: Detected 1 oom-kill event(s) in step 29783.batch cgroup. Some of your processes may have been killed by the cgroup out-of-memory handler.
