libibcm: couldn't read ABI version
[1588475020.692899] [node8:626364:0]       cm_iface.c:310  UCX  ERROR ib_cm_open_device() failed: No such file or directory. Check if ib_ucm.ko module is loaded.
[1588475020.698179] [node8:626365:0]       cm_iface.c:310  UCX  ERROR ib_cm_open_device() failed: No such file or directory. Check if ib_ucm.ko module is loaded.
libibcm: couldn't read ABI version
[node8:626365] pml_ucx.c:209 Error: Failed to create UCP worker
[node8:626364] pml_ucx.c:209 Error: Failed to create UCP worker
--------------------------------------------------------------------------
Open MPI failed an OFI Libfabric library call (fi_endpoint).  This is highly
unusual; your job may behave unpredictably (and/or abort) after this.

  Local host: node8
  Location: mtl_ofi_component.c:463
  Error: No such file or directory (2314885392840523778)
--------------------------------------------------------------------------
================================================================================
HPLinpack 2.3  --  High-Performance Linpack benchmark  --   December 2, 2018
Written by A. Petitet and R. Clint Whaley,  Innovative Computing Laboratory, UTK
Modified by Piotr Luszczek, Innovative Computing Laboratory, UTK
Modified by Julien Langou, University of Colorado Denver
================================================================================

An explanation of the input/output parameters follows:
T/V    : Wall time / encoded variant.
N      : The order of the coefficient matrix A.
NB     : The partitioning blocking factor.
P      : The number of process rows.
Q      : The number of process columns.
Time   : Time in seconds to solve the linear system.
Gflops : Rate of execution for solving the linear system.

The following parameter values will be used:

N      :   10000    15000    25000    45000    60000 
NB     :     240      480      720      960 
PMAP   : Row-major process mapping
P      :       1        2 
Q      :       2        1 
PFACT  :    Left    Crout    Right 
NBMIN  :       2        4 
NDIV   :       2 
RFACT  :    Left    Crout    Right 
BCAST  :   1ring 
DEPTH  :       0 
SWAP   : Mix (threshold = 64)
L1     : transposed form
U      : transposed form
EQUIL  : yes
ALIGN  : 8 double precision words

--------------------------------------------------------------------------------

- The matrix A is randomly generated for each test.
- The following scaled residual check will be computed:
      ||Ax-b||_oo / ( eps * ( || x ||_oo * || A ||_oo + || b ||_oo ) * N )
- The relative machine precision (eps) is taken to be               1.110223e-16
- Computational tests pass if scaled residuals are less than                16.0

[node8:626360] 1 more process has sent help message help-mtl-ofi.txt / OFI call fail
[node8:626360] Set MCA parameter "orte_base_help_aggregate" to 0 to see all help / error messages
================================================================================
T/V                N    NB     P     Q               Time                 Gflops
--------------------------------------------------------------------------------
WR00L2L2       10000   240     1     2               9.17             7.2716e+01
HPL_pdgesv() start time Sun May  3 06:03:42 2020

HPL_pdgesv() end time   Sun May  3 06:03:51 2020

--------------------------------------------------------------------------------
||Ax-b||_oo/(eps*(||A||_oo*||x||_oo+||b||_oo)*N)=   3.14404657e-03 ...... PASSED
================================================================================
T/V                N    NB     P     Q               Time                 Gflops
--------------------------------------------------------------------------------
WR00L2L4       10000   240     1     2               8.94             7.4579e+01
HPL_pdgesv() start time Sun May  3 06:03:55 2020

HPL_pdgesv() end time   Sun May  3 06:04:04 2020

--------------------------------------------------------------------------------
||Ax-b||_oo/(eps*(||A||_oo*||x||_oo+||b||_oo)*N)=   2.74159082e-03 ...... PASSED
================================================================================
T/V                N    NB     P     Q               Time                 Gflops
--------------------------------------------------------------------------------
WR00L2C2       10000   240     1     2               8.99             7.4179e+01
HPL_pdgesv() start time Sun May  3 06:04:07 2020

HPL_pdgesv() end time   Sun May  3 06:04:16 2020

--------------------------------------------------------------------------------
||Ax-b||_oo/(eps*(||A||_oo*||x||_oo+||b||_oo)*N)=   3.14404657e-03 ...... PASSED
================================================================================
T/V                N    NB     P     Q               Time                 Gflops
--------------------------------------------------------------------------------
WR00L2C4       10000   240     1     2               8.92             7.4775e+01
HPL_pdgesv() start time Sun May  3 06:04:19 2020

HPL_pdgesv() end time   Sun May  3 06:04:28 2020

--------------------------------------------------------------------------------
||Ax-b||_oo/(eps*(||A||_oo*||x||_oo+||b||_oo)*N)=   2.74159082e-03 ...... PASSED
================================================================================
T/V                N    NB     P     Q               Time                 Gflops
--------------------------------------------------------------------------------
WR00L2R2       10000   240     1     2               8.95             7.4486e+01
HPL_pdgesv() start time Sun May  3 06:04:32 2020

HPL_pdgesv() end time   Sun May  3 06:04:41 2020

--------------------------------------------------------------------------------
||Ax-b||_oo/(eps*(||A||_oo*||x||_oo+||b||_oo)*N)=   3.08277645e-03 ...... PASSED
================================================================================
T/V                N    NB     P     Q               Time                 Gflops
--------------------------------------------------------------------------------
WR00L2R4       10000   240     1     2               8.98             7.4238e+01
HPL_pdgesv() start time Sun May  3 06:04:44 2020

HPL_pdgesv() end time   Sun May  3 06:04:53 2020

--------------------------------------------------------------------------------
||Ax-b||_oo/(eps*(||A||_oo*||x||_oo+||b||_oo)*N)=   2.43792696e-03 ...... PASSED
================================================================================
T/V                N    NB     P     Q               Time                 Gflops
--------------------------------------------------------------------------------
WR00C2L2       10000   240     1     2               9.23             7.2260e+01
HPL_pdgesv() start time Sun May  3 06:04:57 2020

HPL_pdgesv() end time   Sun May  3 06:05:06 2020

--------------------------------------------------------------------------------
||Ax-b||_oo/(eps*(||A||_oo*||x||_oo+||b||_oo)*N)=   3.14404657e-03 ...... PASSED
================================================================================
T/V                N    NB     P     Q               Time                 Gflops
--------------------------------------------------------------------------------
WR00C2L4       10000   240     1     2               8.98             7.4264e+01
HPL_pdgesv() start time Sun May  3 06:05:09 2020

HPL_pdgesv() end time   Sun May  3 06:05:18 2020

--------------------------------------------------------------------------------
||Ax-b||_oo/(eps*(||A||_oo*||x||_oo+||b||_oo)*N)=   2.74159082e-03 ...... PASSED
================================================================================
T/V                N    NB     P     Q               Time                 Gflops
--------------------------------------------------------------------------------
WR00C2C2       10000   240     1     2               8.95             7.4464e+01
HPL_pdgesv() start time Sun May  3 06:05:22 2020

HPL_pdgesv() end time   Sun May  3 06:05:31 2020

--------------------------------------------------------------------------------
||Ax-b||_oo/(eps*(||A||_oo*||x||_oo+||b||_oo)*N)=   3.14404657e-03 ...... PASSED
================================================================================
T/V                N    NB     P     Q               Time                 Gflops
--------------------------------------------------------------------------------
WR00C2C4       10000   240     1     2               8.96             7.4454e+01
HPL_pdgesv() start time Sun May  3 06:05:34 2020

HPL_pdgesv() end time   Sun May  3 06:05:43 2020

--------------------------------------------------------------------------------
||Ax-b||_oo/(eps*(||A||_oo*||x||_oo+||b||_oo)*N)=   2.74159082e-03 ...... PASSED
================================================================================
T/V                N    NB     P     Q               Time                 Gflops
--------------------------------------------------------------------------------
WR00C2R2       10000   240     1     2               9.06             7.3596e+01
HPL_pdgesv() start time Sun May  3 06:05:46 2020

HPL_pdgesv() end time   Sun May  3 06:05:55 2020

--------------------------------------------------------------------------------
||Ax-b||_oo/(eps*(||A||_oo*||x||_oo+||b||_oo)*N)=   3.08277645e-03 ...... PASSED
================================================================================
T/V                N    NB     P     Q               Time                 Gflops
--------------------------------------------------------------------------------
WR00C2R4       10000   240     1     2               8.99             7.4172e+01
HPL_pdgesv() start time Sun May  3 06:05:59 2020

HPL_pdgesv() end time   Sun May  3 06:06:08 2020

--------------------------------------------------------------------------------
||Ax-b||_oo/(eps*(||A||_oo*||x||_oo+||b||_oo)*N)=   2.43792696e-03 ...... PASSED
================================================================================
T/V                N    NB     P     Q               Time                 Gflops
--------------------------------------------------------------------------------
WR00R2L2       10000   240     1     2               9.27             7.1958e+01
HPL_pdgesv() start time Sun May  3 06:06:11 2020

HPL_pdgesv() end time   Sun May  3 06:06:21 2020

--------------------------------------------------------------------------------
||Ax-b||_oo/(eps*(||A||_oo*||x||_oo+||b||_oo)*N)=   3.14404657e-03 ...... PASSED
================================================================================
T/V                N    NB     P     Q               Time                 Gflops
--------------------------------------------------------------------------------
WR00R2L4       10000   240     1     2               9.20             7.2444e+01
HPL_pdgesv() start time Sun May  3 06:06:24 2020

HPL_pdgesv() end time   Sun May  3 06:06:33 2020

--------------------------------------------------------------------------------
||Ax-b||_oo/(eps*(||A||_oo*||x||_oo+||b||_oo)*N)=   2.74159082e-03 ...... PASSED
================================================================================
T/V                N    NB     P     Q               Time                 Gflops
--------------------------------------------------------------------------------
WR00R2C2       10000   240     1     2               9.07             7.3556e+01
HPL_pdgesv() start time Sun May  3 06:06:37 2020

HPL_pdgesv() end time   Sun May  3 06:06:46 2020

--------------------------------------------------------------------------------
||Ax-b||_oo/(eps*(||A||_oo*||x||_oo+||b||_oo)*N)=   3.14404657e-03 ...... PASSED
================================================================================
T/V                N    NB     P     Q               Time                 Gflops
--------------------------------------------------------------------------------
WR00R2C4       10000   240     1     2               9.04             7.3765e+01
HPL_pdgesv() start time Sun May  3 06:06:49 2020

HPL_pdgesv() end time   Sun May  3 06:06:58 2020

--------------------------------------------------------------------------------
||Ax-b||_oo/(eps*(||A||_oo*||x||_oo+||b||_oo)*N)=   2.74159082e-03 ...... PASSED
================================================================================
T/V                N    NB     P     Q               Time                 Gflops
--------------------------------------------------------------------------------
WR00R2R2       10000   240     1     2               9.03             7.3882e+01
HPL_pdgesv() start time Sun May  3 06:07:02 2020

HPL_pdgesv() end time   Sun May  3 06:07:11 2020

--------------------------------------------------------------------------------
||Ax-b||_oo/(eps*(||A||_oo*||x||_oo+||b||_oo)*N)=   3.08277645e-03 ...... PASSED
================================================================================
T/V                N    NB     P     Q               Time                 Gflops
--------------------------------------------------------------------------------
WR00R2R4       10000   240     1     2               9.21             7.2364e+01
HPL_pdgesv() start time Sun May  3 06:07:14 2020

HPL_pdgesv() end time   Sun May  3 06:07:24 2020

--------------------------------------------------------------------------------
||Ax-b||_oo/(eps*(||A||_oo*||x||_oo+||b||_oo)*N)=   2.43792696e-03 ...... PASSED
================================================================================
T/V                N    NB     P     Q               Time                 Gflops
--------------------------------------------------------------------------------
WR00L2L2       10000   480     1     2               9.43             7.0712e+01
HPL_pdgesv() start time Sun May  3 06:07:27 2020

HPL_pdgesv() end time   Sun May  3 06:07:37 2020

--------------------------------------------------------------------------------
||Ax-b||_oo/(eps*(||A||_oo*||x||_oo+||b||_oo)*N)=   2.48811040e-03 ...... PASSED
================================================================================
T/V                N    NB     P     Q               Time                 Gflops
--------------------------------------------------------------------------------
WR00L2L4       10000   480     1     2               9.44             7.0673e+01
HPL_pdgesv() start time Sun May  3 06:07:40 2020

HPL_pdgesv() end time   Sun May  3 06:07:50 2020

--------------------------------------------------------------------------------
||Ax-b||_oo/(eps*(||A||_oo*||x||_oo+||b||_oo)*N)=   2.54098059e-03 ...... PASSED
================================================================================
T/V                N    NB     P     Q               Time                 Gflops
--------------------------------------------------------------------------------
WR00L2C2       10000   480     1     2               9.54             6.9867e+01
HPL_pdgesv() start time Sun May  3 06:07:53 2020

HPL_pdgesv() end time   Sun May  3 06:08:03 2020

--------------------------------------------------------------------------------
||Ax-b||_oo/(eps*(||A||_oo*||x||_oo+||b||_oo)*N)=   2.48811040e-03 ...... PASSED
================================================================================
T/V                N    NB     P     Q               Time                 Gflops
--------------------------------------------------------------------------------
WR00L2C4       10000   480     1     2               9.49             7.0296e+01
HPL_pdgesv() start time Sun May  3 06:08:06 2020

HPL_pdgesv() end time   Sun May  3 06:08:16 2020

--------------------------------------------------------------------------------
||Ax-b||_oo/(eps*(||A||_oo*||x||_oo+||b||_oo)*N)=   2.54098059e-03 ...... PASSED
================================================================================
T/V                N    NB     P     Q               Time                 Gflops
--------------------------------------------------------------------------------
WR00L2R2       10000   480     1     2               9.55             6.9802e+01
HPL_pdgesv() start time Sun May  3 06:08:20 2020

HPL_pdgesv() end time   Sun May  3 06:08:29 2020

--------------------------------------------------------------------------------
||Ax-b||_oo/(eps*(||A||_oo*||x||_oo+||b||_oo)*N)=   2.81793141e-03 ...... PASSED
================================================================================
T/V                N    NB     P     Q               Time                 Gflops
--------------------------------------------------------------------------------
WR00L2R4       10000   480     1     2               9.37             7.1199e+01
HPL_pdgesv() start time Sun May  3 06:08:33 2020

HPL_pdgesv() end time   Sun May  3 06:08:42 2020

--------------------------------------------------------------------------------
||Ax-b||_oo/(eps*(||A||_oo*||x||_oo+||b||_oo)*N)=   2.72330860e-03 ...... PASSED
================================================================================
T/V                N    NB     P     Q               Time                 Gflops
--------------------------------------------------------------------------------
WR00C2L2       10000   480     1     2               9.28             7.1856e+01
HPL_pdgesv() start time Sun May  3 06:08:46 2020

HPL_pdgesv() end time   Sun May  3 06:08:55 2020

--------------------------------------------------------------------------------
||Ax-b||_oo/(eps*(||A||_oo*||x||_oo+||b||_oo)*N)=   2.48811040e-03 ...... PASSED
================================================================================
T/V                N    NB     P     Q               Time                 Gflops
--------------------------------------------------------------------------------
WR00C2L4       10000   480     1     2               9.45             7.0532e+01
HPL_pdgesv() start time Sun May  3 06:08:58 2020

HPL_pdgesv() end time   Sun May  3 06:09:08 2020

--------------------------------------------------------------------------------
||Ax-b||_oo/(eps*(||A||_oo*||x||_oo+||b||_oo)*N)=   2.54098059e-03 ...... PASSED
================================================================================
T/V                N    NB     P     Q               Time                 Gflops
--------------------------------------------------------------------------------
WR00C2C2       10000   480     1     2               9.37             7.1200e+01
HPL_pdgesv() start time Sun May  3 06:09:11 2020

HPL_pdgesv() end time   Sun May  3 06:09:21 2020

--------------------------------------------------------------------------------
||Ax-b||_oo/(eps*(||A||_oo*||x||_oo+||b||_oo)*N)=   2.48811040e-03 ...... PASSED
================================================================================
T/V                N    NB     P     Q               Time                 Gflops
--------------------------------------------------------------------------------
WR00C2C4       10000   480     1     2               9.33             7.1508e+01
HPL_pdgesv() start time Sun May  3 06:09:24 2020

HPL_pdgesv() end time   Sun May  3 06:09:34 2020

--------------------------------------------------------------------------------
||Ax-b||_oo/(eps*(||A||_oo*||x||_oo+||b||_oo)*N)=   2.54098059e-03 ...... PASSED
================================================================================
T/V                N    NB     P     Q               Time                 Gflops
--------------------------------------------------------------------------------
WR00C2R2       10000   480     1     2               9.54             6.9892e+01
HPL_pdgesv() start time Sun May  3 06:09:37 2020

HPL_pdgesv() end time   Sun May  3 06:09:47 2020

--------------------------------------------------------------------------------
||Ax-b||_oo/(eps*(||A||_oo*||x||_oo+||b||_oo)*N)=   2.81793141e-03 ...... PASSED
================================================================================
T/V                N    NB     P     Q               Time                 Gflops
--------------------------------------------------------------------------------
WR00C2R4       10000   480     1     2               9.51             7.0089e+01
HPL_pdgesv() start time Sun May  3 06:09:50 2020

HPL_pdgesv() end time   Sun May  3 06:10:00 2020

--------------------------------------------------------------------------------
||Ax-b||_oo/(eps*(||A||_oo*||x||_oo+||b||_oo)*N)=   2.72330860e-03 ...... PASSED
================================================================================
T/V                N    NB     P     Q               Time                 Gflops
--------------------------------------------------------------------------------
WR00R2L2       10000   480     1     2               9.51             7.0101e+01
HPL_pdgesv() start time Sun May  3 06:10:03 2020

HPL_pdgesv() end time   Sun May  3 06:10:13 2020

--------------------------------------------------------------------------------
||Ax-b||_oo/(eps*(||A||_oo*||x||_oo+||b||_oo)*N)=   2.48811040e-03 ...... PASSED
================================================================================
T/V                N    NB     P     Q               Time                 Gflops
--------------------------------------------------------------------------------
WR00R2L4       10000   480     1     2               9.33             7.1505e+01
HPL_pdgesv() start time Sun May  3 06:10:16 2020

HPL_pdgesv() end time   Sun May  3 06:10:26 2020

--------------------------------------------------------------------------------
||Ax-b||_oo/(eps*(||A||_oo*||x||_oo+||b||_oo)*N)=   2.54098059e-03 ...... PASSED
================================================================================
T/V                N    NB     P     Q               Time                 Gflops
--------------------------------------------------------------------------------
WR00R2C2       10000   480     1     2               9.60             6.9453e+01
HPL_pdgesv() start time Sun May  3 06:10:29 2020

HPL_pdgesv() end time   Sun May  3 06:10:39 2020

--------------------------------------------------------------------------------
||Ax-b||_oo/(eps*(||A||_oo*||x||_oo+||b||_oo)*N)=   2.48811040e-03 ...... PASSED
================================================================================
T/V                N    NB     P     Q               Time                 Gflops
--------------------------------------------------------------------------------
WR00R2C4       10000   480     1     2               9.46             7.0479e+01
HPL_pdgesv() start time Sun May  3 06:10:43 2020

HPL_pdgesv() end time   Sun May  3 06:10:52 2020

--------------------------------------------------------------------------------
||Ax-b||_oo/(eps*(||A||_oo*||x||_oo+||b||_oo)*N)=   2.54098059e-03 ...... PASSED
================================================================================
T/V                N    NB     P     Q               Time                 Gflops
--------------------------------------------------------------------------------
WR00R2R2       10000   480     1     2               9.56             6.9737e+01
HPL_pdgesv() start time Sun May  3 06:10:56 2020

HPL_pdgesv() end time   Sun May  3 06:11:05 2020

--------------------------------------------------------------------------------
||Ax-b||_oo/(eps*(||A||_oo*||x||_oo+||b||_oo)*N)=   2.81793141e-03 ...... PASSED
================================================================================
T/V                N    NB     P     Q               Time                 Gflops
--------------------------------------------------------------------------------
WR00R2R4       10000   480     1     2               9.55             6.9788e+01
HPL_pdgesv() start time Sun May  3 06:11:09 2020

HPL_pdgesv() end time   Sun May  3 06:11:18 2020

--------------------------------------------------------------------------------
||Ax-b||_oo/(eps*(||A||_oo*||x||_oo+||b||_oo)*N)=   2.72330860e-03 ...... PASSED
================================================================================
T/V                N    NB     P     Q               Time                 Gflops
--------------------------------------------------------------------------------
WR00L2L2       10000   720     1     2               9.97             6.6863e+01
HPL_pdgesv() start time Sun May  3 06:11:22 2020

HPL_pdgesv() end time   Sun May  3 06:11:32 2020

--------------------------------------------------------------------------------
||Ax-b||_oo/(eps*(||A||_oo*||x||_oo+||b||_oo)*N)=   2.76333183e-03 ...... PASSED
================================================================================
T/V                N    NB     P     Q               Time                 Gflops
--------------------------------------------------------------------------------
WR00L2L4       10000   720     1     2              10.01             6.6584e+01
HPL_pdgesv() start time Sun May  3 06:11:35 2020

HPL_pdgesv() end time   Sun May  3 06:11:45 2020

--------------------------------------------------------------------------------
||Ax-b||_oo/(eps*(||A||_oo*||x||_oo+||b||_oo)*N)=   2.56117749e-03 ...... PASSED
================================================================================
T/V                N    NB     P     Q               Time                 Gflops
--------------------------------------------------------------------------------
WR00L2C2       10000   720     1     2               9.97             6.6884e+01
HPL_pdgesv() start time Sun May  3 06:11:49 2020

HPL_pdgesv() end time   Sun May  3 06:11:59 2020

--------------------------------------------------------------------------------
||Ax-b||_oo/(eps*(||A||_oo*||x||_oo+||b||_oo)*N)=   2.76333183e-03 ...... PASSED
================================================================================
T/V                N    NB     P     Q               Time                 Gflops
--------------------------------------------------------------------------------
WR00L2C4       10000   720     1     2               9.74             6.8439e+01
HPL_pdgesv() start time Sun May  3 06:12:02 2020

HPL_pdgesv() end time   Sun May  3 06:12:12 2020

--------------------------------------------------------------------------------
||Ax-b||_oo/(eps*(||A||_oo*||x||_oo+||b||_oo)*N)=   2.56117749e-03 ...... PASSED
================================================================================
T/V                N    NB     P     Q               Time                 Gflops
--------------------------------------------------------------------------------
WR00L2R2       10000   720     1     2               9.85             6.7726e+01
HPL_pdgesv() start time Sun May  3 06:12:16 2020

HPL_pdgesv() end time   Sun May  3 06:12:26 2020

--------------------------------------------------------------------------------
||Ax-b||_oo/(eps*(||A||_oo*||x||_oo+||b||_oo)*N)=   2.74875547e-03 ...... PASSED
================================================================================
T/V                N    NB     P     Q               Time                 Gflops
--------------------------------------------------------------------------------
WR00L2R4       10000   720     1     2               9.79             6.8093e+01
HPL_pdgesv() start time Sun May  3 06:12:29 2020

HPL_pdgesv() end time   Sun May  3 06:12:39 2020

--------------------------------------------------------------------------------
||Ax-b||_oo/(eps*(||A||_oo*||x||_oo+||b||_oo)*N)=   2.80409622e-03 ...... PASSED
================================================================================
T/V                N    NB     P     Q               Time                 Gflops
--------------------------------------------------------------------------------
WR00C2L2       10000   720     1     2               9.94             6.7068e+01
HPL_pdgesv() start time Sun May  3 06:12:42 2020

HPL_pdgesv() end time   Sun May  3 06:12:52 2020

--------------------------------------------------------------------------------
||Ax-b||_oo/(eps*(||A||_oo*||x||_oo+||b||_oo)*N)=   2.76333183e-03 ...... PASSED
================================================================================
T/V                N    NB     P     Q               Time                 Gflops
--------------------------------------------------------------------------------
WR00C2L4       10000   720     1     2               9.99             6.6755e+01
HPL_pdgesv() start time Sun May  3 06:12:56 2020

HPL_pdgesv() end time   Sun May  3 06:13:06 2020

--------------------------------------------------------------------------------
||Ax-b||_oo/(eps*(||A||_oo*||x||_oo+||b||_oo)*N)=   2.56117749e-03 ...... PASSED
================================================================================
T/V                N    NB     P     Q               Time                 Gflops
--------------------------------------------------------------------------------
WR00C2C2       10000   720     1     2              10.00             6.6669e+01
HPL_pdgesv() start time Sun May  3 06:13:09 2020

HPL_pdgesv() end time   Sun May  3 06:13:19 2020

--------------------------------------------------------------------------------
||Ax-b||_oo/(eps*(||A||_oo*||x||_oo+||b||_oo)*N)=   2.76333183e-03 ...... PASSED
================================================================================
T/V                N    NB     P     Q               Time                 Gflops
--------------------------------------------------------------------------------
WR00C2C4       10000   720     1     2               9.79             6.8115e+01
HPL_pdgesv() start time Sun May  3 06:13:23 2020

HPL_pdgesv() end time   Sun May  3 06:13:33 2020

--------------------------------------------------------------------------------
||Ax-b||_oo/(eps*(||A||_oo*||x||_oo+||b||_oo)*N)=   2.56117749e-03 ...... PASSED
================================================================================
T/V                N    NB     P     Q               Time                 Gflops
--------------------------------------------------------------------------------
WR00C2R2       10000   720     1     2               9.77             6.8284e+01
HPL_pdgesv() start time Sun May  3 06:13:36 2020

HPL_pdgesv() end time   Sun May  3 06:13:46 2020

--------------------------------------------------------------------------------
||Ax-b||_oo/(eps*(||A||_oo*||x||_oo+||b||_oo)*N)=   2.74875547e-03 ...... PASSED
================================================================================
T/V                N    NB     P     Q               Time                 Gflops
--------------------------------------------------------------------------------
WR00C2R4       10000   720     1     2               9.95             6.6995e+01
HPL_pdgesv() start time Sun May  3 06:13:49 2020

HPL_pdgesv() end time   Sun May  3 06:13:59 2020

--------------------------------------------------------------------------------
||Ax-b||_oo/(eps*(||A||_oo*||x||_oo+||b||_oo)*N)=   2.80409622e-03 ...... PASSED
================================================================================
T/V                N    NB     P     Q               Time                 Gflops
--------------------------------------------------------------------------------
WR00R2L2       10000   720     1     2               9.91             6.7296e+01
HPL_pdgesv() start time Sun May  3 06:14:03 2020

HPL_pdgesv() end time   Sun May  3 06:14:13 2020

--------------------------------------------------------------------------------
||Ax-b||_oo/(eps*(||A||_oo*||x||_oo+||b||_oo)*N)=   2.76333183e-03 ...... PASSED
================================================================================
T/V                N    NB     P     Q               Time                 Gflops
--------------------------------------------------------------------------------
WR00R2L4       10000   720     1     2               9.80             6.8041e+01
HPL_pdgesv() start time Sun May  3 06:14:16 2020

HPL_pdgesv() end time   Sun May  3 06:14:26 2020

--------------------------------------------------------------------------------
||Ax-b||_oo/(eps*(||A||_oo*||x||_oo+||b||_oo)*N)=   2.56117749e-03 ...... PASSED
================================================================================
T/V                N    NB     P     Q               Time                 Gflops
--------------------------------------------------------------------------------
WR00R2C2       10000   720     1     2              10.05             6.6335e+01
HPL_pdgesv() start time Sun May  3 06:14:29 2020

HPL_pdgesv() end time   Sun May  3 06:14:39 2020

--------------------------------------------------------------------------------
||Ax-b||_oo/(eps*(||A||_oo*||x||_oo+||b||_oo)*N)=   2.76333183e-03 ...... PASSED
================================================================================
T/V                N    NB     P     Q               Time                 Gflops
--------------------------------------------------------------------------------
WR00R2C4       10000   720     1     2               9.98             6.6832e+01
HPL_pdgesv() start time Sun May  3 06:14:43 2020

HPL_pdgesv() end time   Sun May  3 06:14:53 2020

--------------------------------------------------------------------------------
||Ax-b||_oo/(eps*(||A||_oo*||x||_oo+||b||_oo)*N)=   2.56117749e-03 ...... PASSED
================================================================================
T/V                N    NB     P     Q               Time                 Gflops
--------------------------------------------------------------------------------
WR00R2R2       10000   720     1     2              10.01             6.6585e+01
HPL_pdgesv() start time Sun May  3 06:14:56 2020

HPL_pdgesv() end time   Sun May  3 06:15:07 2020

--------------------------------------------------------------------------------
||Ax-b||_oo/(eps*(||A||_oo*||x||_oo+||b||_oo)*N)=   2.74875547e-03 ...... PASSED
================================================================================
T/V                N    NB     P     Q               Time                 Gflops
--------------------------------------------------------------------------------
WR00R2R4       10000   720     1     2               9.90             6.7354e+01
HPL_pdgesv() start time Sun May  3 06:15:10 2020

HPL_pdgesv() end time   Sun May  3 06:15:20 2020

--------------------------------------------------------------------------------
||Ax-b||_oo/(eps*(||A||_oo*||x||_oo+||b||_oo)*N)=   2.80409622e-03 ...... PASSED
================================================================================
T/V                N    NB     P     Q               Time                 Gflops
--------------------------------------------------------------------------------
WR00L2L2       10000   960     1     2              10.28             6.4835e+01
HPL_pdgesv() start time Sun May  3 06:15:23 2020

HPL_pdgesv() end time   Sun May  3 06:15:34 2020

--------------------------------------------------------------------------------
||Ax-b||_oo/(eps*(||A||_oo*||x||_oo+||b||_oo)*N)=   2.65265032e-03 ...... PASSED
================================================================================
T/V                N    NB     P     Q               Time                 Gflops
--------------------------------------------------------------------------------
WR00L2L4       10000   960     1     2              10.24             6.5131e+01
HPL_pdgesv() start time Sun May  3 06:15:37 2020

HPL_pdgesv() end time   Sun May  3 06:15:48 2020

--------------------------------------------------------------------------------
||Ax-b||_oo/(eps*(||A||_oo*||x||_oo+||b||_oo)*N)=   2.22721828e-03 ...... PASSED
================================================================================
T/V                N    NB     P     Q               Time                 Gflops
--------------------------------------------------------------------------------
WR00L2C2       10000   960     1     2              10.10             6.6028e+01
HPL_pdgesv() start time Sun May  3 06:15:51 2020

HPL_pdgesv() end time   Sun May  3 06:16:01 2020

--------------------------------------------------------------------------------
||Ax-b||_oo/(eps*(||A||_oo*||x||_oo+||b||_oo)*N)=   2.65265032e-03 ...... PASSED
================================================================================
T/V                N    NB     P     Q               Time                 Gflops
--------------------------------------------------------------------------------
WR00L2C4       10000   960     1     2              10.19             6.5469e+01
HPL_pdgesv() start time Sun May  3 06:16:05 2020

HPL_pdgesv() end time   Sun May  3 06:16:15 2020

--------------------------------------------------------------------------------
||Ax-b||_oo/(eps*(||A||_oo*||x||_oo+||b||_oo)*N)=   2.22721828e-03 ...... PASSED
================================================================================
T/V                N    NB     P     Q               Time                 Gflops
--------------------------------------------------------------------------------
WR00L2R2       10000   960     1     2              10.40             6.4117e+01
HPL_pdgesv() start time Sun May  3 06:16:19 2020

HPL_pdgesv() end time   Sun May  3 06:16:29 2020

--------------------------------------------------------------------------------
||Ax-b||_oo/(eps*(||A||_oo*||x||_oo+||b||_oo)*N)=   2.43202848e-03 ...... PASSED
================================================================================
T/V                N    NB     P     Q               Time                 Gflops
--------------------------------------------------------------------------------
WR00L2R4       10000   960     1     2              10.15             6.5669e+01
HPL_pdgesv() start time Sun May  3 06:16:33 2020

HPL_pdgesv() end time   Sun May  3 06:16:43 2020

--------------------------------------------------------------------------------
||Ax-b||_oo/(eps*(||A||_oo*||x||_oo+||b||_oo)*N)=   2.56370982e-03 ...... PASSED
================================================================================
T/V                N    NB     P     Q               Time                 Gflops
--------------------------------------------------------------------------------
WR00C2L2       10000   960     1     2              10.41             6.4056e+01
HPL_pdgesv() start time Sun May  3 06:16:46 2020

HPL_pdgesv() end time   Sun May  3 06:16:57 2020

--------------------------------------------------------------------------------
||Ax-b||_oo/(eps*(||A||_oo*||x||_oo+||b||_oo)*N)=   2.65265032e-03 ...... PASSED
================================================================================
T/V                N    NB     P     Q               Time                 Gflops
--------------------------------------------------------------------------------
WR00C2L4       10000   960     1     2              10.34             6.4486e+01
HPL_pdgesv() start time Sun May  3 06:17:01 2020

HPL_pdgesv() end time   Sun May  3 06:17:11 2020

--------------------------------------------------------------------------------
||Ax-b||_oo/(eps*(||A||_oo*||x||_oo+||b||_oo)*N)=   2.22721828e-03 ...... PASSED
================================================================================
T/V                N    NB     P     Q               Time                 Gflops
--------------------------------------------------------------------------------
WR00C2C2       10000   960     1     2              10.45             6.3820e+01
HPL_pdgesv() start time Sun May  3 06:17:14 2020

HPL_pdgesv() end time   Sun May  3 06:17:25 2020

--------------------------------------------------------------------------------
||Ax-b||_oo/(eps*(||A||_oo*||x||_oo+||b||_oo)*N)=   2.65265032e-03 ...... PASSED
================================================================================
T/V                N    NB     P     Q               Time                 Gflops
--------------------------------------------------------------------------------
WR00C2C4       10000   960     1     2              10.38             6.4264e+01
HPL_pdgesv() start time Sun May  3 06:17:29 2020

HPL_pdgesv() end time   Sun May  3 06:17:39 2020

--------------------------------------------------------------------------------
||Ax-b||_oo/(eps*(||A||_oo*||x||_oo+||b||_oo)*N)=   2.22721828e-03 ...... PASSED
================================================================================
T/V                N    NB     P     Q               Time                 Gflops
--------------------------------------------------------------------------------
WR00C2R2       10000   960     1     2              10.38             6.4230e+01
HPL_pdgesv() start time Sun May  3 06:17:43 2020

HPL_pdgesv() end time   Sun May  3 06:17:53 2020

--------------------------------------------------------------------------------
||Ax-b||_oo/(eps*(||A||_oo*||x||_oo+||b||_oo)*N)=   2.43202848e-03 ...... PASSED
================================================================================
T/V                N    NB     P     Q               Time                 Gflops
--------------------------------------------------------------------------------
WR00C2R4       10000   960     1     2              10.37             6.4294e+01
HPL_pdgesv() start time Sun May  3 06:17:57 2020

HPL_pdgesv() end time   Sun May  3 06:18:07 2020

--------------------------------------------------------------------------------
||Ax-b||_oo/(eps*(||A||_oo*||x||_oo+||b||_oo)*N)=   2.56370982e-03 ...... PASSED
================================================================================
T/V                N    NB     P     Q               Time                 Gflops
--------------------------------------------------------------------------------
WR00R2L2       10000   960     1     2              10.16             6.5637e+01
HPL_pdgesv() start time Sun May  3 06:18:10 2020

HPL_pdgesv() end time   Sun May  3 06:18:21 2020

--------------------------------------------------------------------------------
||Ax-b||_oo/(eps*(||A||_oo*||x||_oo+||b||_oo)*N)=   2.65265032e-03 ...... PASSED
================================================================================
T/V                N    NB     P     Q               Time                 Gflops
--------------------------------------------------------------------------------
WR00R2L4       10000   960     1     2              10.32             6.4644e+01
HPL_pdgesv() start time Sun May  3 06:18:24 2020

HPL_pdgesv() end time   Sun May  3 06:18:35 2020

--------------------------------------------------------------------------------
||Ax-b||_oo/(eps*(||A||_oo*||x||_oo+||b||_oo)*N)=   2.22721828e-03 ...... PASSED
================================================================================
T/V                N    NB     P     Q               Time                 Gflops
--------------------------------------------------------------------------------
WR00R2C2       10000   960     1     2              10.43             6.3902e+01
HPL_pdgesv() start time Sun May  3 06:18:38 2020

HPL_pdgesv() end time   Sun May  3 06:18:49 2020

--------------------------------------------------------------------------------
||Ax-b||_oo/(eps*(||A||_oo*||x||_oo+||b||_oo)*N)=   2.65265032e-03 ...... PASSED
================================================================================
T/V                N    NB     P     Q               Time                 Gflops
--------------------------------------------------------------------------------
WR00R2C4       10000   960     1     2              10.35             6.4452e+01
HPL_pdgesv() start time Sun May  3 06:18:52 2020

HPL_pdgesv() end time   Sun May  3 06:19:03 2020

--------------------------------------------------------------------------------
||Ax-b||_oo/(eps*(||A||_oo*||x||_oo+||b||_oo)*N)=   2.22721828e-03 ...... PASSED
================================================================================
T/V                N    NB     P     Q               Time                 Gflops
--------------------------------------------------------------------------------
WR00R2R2       10000   960     1     2              10.30             6.4719e+01
HPL_pdgesv() start time Sun May  3 06:19:06 2020

HPL_pdgesv() end time   Sun May  3 06:19:16 2020

--------------------------------------------------------------------------------
||Ax-b||_oo/(eps*(||A||_oo*||x||_oo+||b||_oo)*N)=   2.43202848e-03 ...... PASSED
================================================================================
T/V                N    NB     P     Q               Time                 Gflops
--------------------------------------------------------------------------------
WR00R2R4       10000   960     1     2              10.41             6.4026e+01
HPL_pdgesv() start time Sun May  3 06:19:20 2020

HPL_pdgesv() end time   Sun May  3 06:19:30 2020

--------------------------------------------------------------------------------
||Ax-b||_oo/(eps*(||A||_oo*||x||_oo+||b||_oo)*N)=   2.56370982e-03 ...... PASSED
================================================================================
T/V                N    NB     P     Q               Time                 Gflops
--------------------------------------------------------------------------------
WR00L2L2       15000   240     1     2              29.12             7.7291e+01
HPL_pdgesv() start time Sun May  3 06:19:36 2020

HPL_pdgesv() end time   Sun May  3 06:20:05 2020

--------------------------------------------------------------------------------
||Ax-b||_oo/(eps*(||A||_oo*||x||_oo+||b||_oo)*N)=   2.97647903e-03 ...... PASSED
================================================================================
T/V                N    NB     P     Q               Time                 Gflops
--------------------------------------------------------------------------------
WR00L2L4       15000   240     1     2              29.15             7.7209e+01
HPL_pdgesv() start time Sun May  3 06:20:13 2020

HPL_pdgesv() end time   Sun May  3 06:20:42 2020

--------------------------------------------------------------------------------
||Ax-b||_oo/(eps*(||A||_oo*||x||_oo+||b||_oo)*N)=   2.51954164e-03 ...... PASSED
================================================================================
T/V                N    NB     P     Q               Time                 Gflops
--------------------------------------------------------------------------------
WR00L2C2       15000   240     1     2              29.30             7.6790e+01
HPL_pdgesv() start time Sun May  3 06:20:50 2020

HPL_pdgesv() end time   Sun May  3 06:21:20 2020

--------------------------------------------------------------------------------
||Ax-b||_oo/(eps*(||A||_oo*||x||_oo+||b||_oo)*N)=   2.97647903e-03 ...... PASSED
================================================================================
T/V                N    NB     P     Q               Time                 Gflops
--------------------------------------------------------------------------------
WR00L2C4       15000   240     1     2              28.84             7.8024e+01
HPL_pdgesv() start time Sun May  3 06:21:27 2020

HPL_pdgesv() end time   Sun May  3 06:21:56 2020

--------------------------------------------------------------------------------
||Ax-b||_oo/(eps*(||A||_oo*||x||_oo+||b||_oo)*N)=   2.51954164e-03 ...... PASSED
================================================================================
T/V                N    NB     P     Q               Time                 Gflops
--------------------------------------------------------------------------------
WR00L2R2       15000   240     1     2              29.27             7.6878e+01
HPL_pdgesv() start time Sun May  3 06:22:04 2020

HPL_pdgesv() end time   Sun May  3 06:22:33 2020

--------------------------------------------------------------------------------
||Ax-b||_oo/(eps*(||A||_oo*||x||_oo+||b||_oo)*N)=   2.74816890e-03 ...... PASSED
================================================================================
T/V                N    NB     P     Q               Time                 Gflops
--------------------------------------------------------------------------------
WR00L2R4       15000   240     1     2              29.16             7.7177e+01
HPL_pdgesv() start time Sun May  3 06:22:41 2020

HPL_pdgesv() end time   Sun May  3 06:23:10 2020

--------------------------------------------------------------------------------
||Ax-b||_oo/(eps*(||A||_oo*||x||_oo+||b||_oo)*N)=   2.54992917e-03 ...... PASSED
================================================================================
T/V                N    NB     P     Q               Time                 Gflops
--------------------------------------------------------------------------------
WR00C2L2       15000   240     1     2              29.21             7.7051e+01
HPL_pdgesv() start time Sun May  3 06:23:18 2020

HPL_pdgesv() end time   Sun May  3 06:23:47 2020

--------------------------------------------------------------------------------
||Ax-b||_oo/(eps*(||A||_oo*||x||_oo+||b||_oo)*N)=   2.97647903e-03 ...... PASSED
================================================================================
T/V                N    NB     P     Q               Time                 Gflops
--------------------------------------------------------------------------------
WR00C2L4       15000   240     1     2              28.30             7.9512e+01
HPL_pdgesv() start time Sun May  3 06:23:55 2020

HPL_pdgesv() end time   Sun May  3 06:24:23 2020

--------------------------------------------------------------------------------
||Ax-b||_oo/(eps*(||A||_oo*||x||_oo+||b||_oo)*N)=   2.51954164e-03 ...... PASSED
================================================================================
T/V                N    NB     P     Q               Time                 Gflops
--------------------------------------------------------------------------------
WR00C2C2       15000   240     1     2              28.17             7.9875e+01
HPL_pdgesv() start time Sun May  3 06:24:31 2020

HPL_pdgesv() end time   Sun May  3 06:24:59 2020

--------------------------------------------------------------------------------
||Ax-b||_oo/(eps*(||A||_oo*||x||_oo+||b||_oo)*N)=   2.97647903e-03 ...... PASSED
================================================================================
T/V                N    NB     P     Q               Time                 Gflops
--------------------------------------------------------------------------------
WR00C2C4       15000   240     1     2              28.23             7.9724e+01
HPL_pdgesv() start time Sun May  3 06:25:07 2020

HPL_pdgesv() end time   Sun May  3 06:25:35 2020

--------------------------------------------------------------------------------
||Ax-b||_oo/(eps*(||A||_oo*||x||_oo+||b||_oo)*N)=   2.51954164e-03 ...... PASSED
================================================================================
T/V                N    NB     P     Q               Time                 Gflops
--------------------------------------------------------------------------------
WR00C2R2       15000   240     1     2              28.35             7.9371e+01
HPL_pdgesv() start time Sun May  3 06:25:43 2020

HPL_pdgesv() end time   Sun May  3 06:26:11 2020

--------------------------------------------------------------------------------
||Ax-b||_oo/(eps*(||A||_oo*||x||_oo+||b||_oo)*N)=   2.74816890e-03 ...... PASSED
================================================================================
T/V                N    NB     P     Q               Time                 Gflops
--------------------------------------------------------------------------------
WR00C2R4       15000   240     1     2              28.48             7.9011e+01
HPL_pdgesv() start time Sun May  3 06:26:19 2020

HPL_pdgesv() end time   Sun May  3 06:26:47 2020

--------------------------------------------------------------------------------
||Ax-b||_oo/(eps*(||A||_oo*||x||_oo+||b||_oo)*N)=   2.54992917e-03 ...... PASSED
================================================================================
T/V                N    NB     P     Q               Time                 Gflops
--------------------------------------------------------------------------------
WR00R2L2       15000   240     1     2              28.45             7.9101e+01
HPL_pdgesv() start time Sun May  3 06:26:55 2020

HPL_pdgesv() end time   Sun May  3 06:27:23 2020

--------------------------------------------------------------------------------
||Ax-b||_oo/(eps*(||A||_oo*||x||_oo+||b||_oo)*N)=   2.97647903e-03 ...... PASSED
================================================================================
T/V                N    NB     P     Q               Time                 Gflops
--------------------------------------------------------------------------------
WR00R2L4       15000   240     1     2              28.50             7.8961e+01
HPL_pdgesv() start time Sun May  3 06:27:31 2020

HPL_pdgesv() end time   Sun May  3 06:27:59 2020

--------------------------------------------------------------------------------
||Ax-b||_oo/(eps*(||A||_oo*||x||_oo+||b||_oo)*N)=   2.51954164e-03 ...... PASSED
================================================================================
T/V                N    NB     P     Q               Time                 Gflops
--------------------------------------------------------------------------------
WR00R2C2       15000   240     1     2              28.45             7.9097e+01
HPL_pdgesv() start time Sun May  3 06:28:07 2020

HPL_pdgesv() end time   Sun May  3 06:28:35 2020

--------------------------------------------------------------------------------
||Ax-b||_oo/(eps*(||A||_oo*||x||_oo+||b||_oo)*N)=   2.97647903e-03 ...... PASSED
================================================================================
T/V                N    NB     P     Q               Time                 Gflops
--------------------------------------------------------------------------------
WR00R2C4       15000   240     1     2              28.37             7.9331e+01
HPL_pdgesv() start time Sun May  3 06:28:43 2020

HPL_pdgesv() end time   Sun May  3 06:29:11 2020

--------------------------------------------------------------------------------
||Ax-b||_oo/(eps*(||A||_oo*||x||_oo+||b||_oo)*N)=   2.51954164e-03 ...... PASSED
================================================================================
T/V                N    NB     P     Q               Time                 Gflops
--------------------------------------------------------------------------------
WR00R2R2       15000   240     1     2              28.26             7.9637e+01
HPL_pdgesv() start time Sun May  3 06:29:19 2020

HPL_pdgesv() end time   Sun May  3 06:29:47 2020

--------------------------------------------------------------------------------
||Ax-b||_oo/(eps*(||A||_oo*||x||_oo+||b||_oo)*N)=   2.74816890e-03 ...... PASSED
================================================================================
T/V                N    NB     P     Q               Time                 Gflops
--------------------------------------------------------------------------------
WR00R2R4       15000   240     1     2              28.23             7.9704e+01
HPL_pdgesv() start time Sun May  3 06:29:55 2020

HPL_pdgesv() end time   Sun May  3 06:30:23 2020

--------------------------------------------------------------------------------
||Ax-b||_oo/(eps*(||A||_oo*||x||_oo+||b||_oo)*N)=   2.54992917e-03 ...... PASSED
================================================================================
T/V                N    NB     P     Q               Time                 Gflops
--------------------------------------------------------------------------------
WR00L2L2       15000   480     1     2              29.54             7.6171e+01
HPL_pdgesv() start time Sun May  3 06:30:31 2020

HPL_pdgesv() end time   Sun May  3 06:31:00 2020

--------------------------------------------------------------------------------
||Ax-b||_oo/(eps*(||A||_oo*||x||_oo+||b||_oo)*N)=   2.59995040e-03 ...... PASSED
================================================================================
T/V                N    NB     P     Q               Time                 Gflops
--------------------------------------------------------------------------------
WR00L2L4       15000   480     1     2              29.18             7.7110e+01
HPL_pdgesv() start time Sun May  3 06:31:08 2020

HPL_pdgesv() end time   Sun May  3 06:31:37 2020

--------------------------------------------------------------------------------
||Ax-b||_oo/(eps*(||A||_oo*||x||_oo+||b||_oo)*N)=   2.82125467e-03 ...... PASSED
================================================================================
T/V                N    NB     P     Q               Time                 Gflops
--------------------------------------------------------------------------------
WR00L2C2       15000   480     1     2              29.00             7.7588e+01
HPL_pdgesv() start time Sun May  3 06:31:45 2020

HPL_pdgesv() end time   Sun May  3 06:32:14 2020

--------------------------------------------------------------------------------
||Ax-b||_oo/(eps*(||A||_oo*||x||_oo+||b||_oo)*N)=   2.59995040e-03 ...... PASSED
================================================================================
T/V                N    NB     P     Q               Time                 Gflops
--------------------------------------------------------------------------------
WR00L2C4       15000   480     1     2              29.10             7.7336e+01
HPL_pdgesv() start time Sun May  3 06:32:22 2020

HPL_pdgesv() end time   Sun May  3 06:32:51 2020

--------------------------------------------------------------------------------
||Ax-b||_oo/(eps*(||A||_oo*||x||_oo+||b||_oo)*N)=   2.82125467e-03 ...... PASSED
================================================================================
T/V                N    NB     P     Q               Time                 Gflops
--------------------------------------------------------------------------------
WR00L2R2       15000   480     1     2              29.27             7.6883e+01
HPL_pdgesv() start time Sun May  3 06:32:58 2020

HPL_pdgesv() end time   Sun May  3 06:33:28 2020

--------------------------------------------------------------------------------
||Ax-b||_oo/(eps*(||A||_oo*||x||_oo+||b||_oo)*N)=   2.43353973e-03 ...... PASSED
================================================================================
T/V                N    NB     P     Q               Time                 Gflops
--------------------------------------------------------------------------------
WR00L2R4       15000   480     1     2              29.10             7.7343e+01
HPL_pdgesv() start time Sun May  3 06:33:35 2020

HPL_pdgesv() end time   Sun May  3 06:34:05 2020

--------------------------------------------------------------------------------
||Ax-b||_oo/(eps*(||A||_oo*||x||_oo+||b||_oo)*N)=   2.60214153e-03 ...... PASSED
================================================================================
T/V                N    NB     P     Q               Time                 Gflops
--------------------------------------------------------------------------------
WR00C2L2       15000   480     1     2              29.10             7.7332e+01
HPL_pdgesv() start time Sun May  3 06:34:12 2020

HPL_pdgesv() end time   Sun May  3 06:34:41 2020

--------------------------------------------------------------------------------
||Ax-b||_oo/(eps*(||A||_oo*||x||_oo+||b||_oo)*N)=   2.59995040e-03 ...... PASSED
================================================================================
T/V                N    NB     P     Q               Time                 Gflops
--------------------------------------------------------------------------------
WR00C2L4       15000   480     1     2              29.24             7.6951e+01
HPL_pdgesv() start time Sun May  3 06:34:49 2020

HPL_pdgesv() end time   Sun May  3 06:35:18 2020

--------------------------------------------------------------------------------
||Ax-b||_oo/(eps*(||A||_oo*||x||_oo+||b||_oo)*N)=   2.82125467e-03 ...... PASSED
================================================================================
T/V                N    NB     P     Q               Time                 Gflops
--------------------------------------------------------------------------------
WR00C2C2       15000   480     1     2              30.33             7.4203e+01
HPL_pdgesv() start time Sun May  3 06:35:26 2020

HPL_pdgesv() end time   Sun May  3 06:35:57 2020

--------------------------------------------------------------------------------
||Ax-b||_oo/(eps*(||A||_oo*||x||_oo+||b||_oo)*N)=   2.59995040e-03 ...... PASSED
================================================================================
T/V                N    NB     P     Q               Time                 Gflops
--------------------------------------------------------------------------------
WR00C2C4       15000   480     1     2              29.30             7.6798e+01
HPL_pdgesv() start time Sun May  3 06:36:04 2020

HPL_pdgesv() end time   Sun May  3 06:36:34 2020

--------------------------------------------------------------------------------
||Ax-b||_oo/(eps*(||A||_oo*||x||_oo+||b||_oo)*N)=   2.82125467e-03 ...... PASSED
================================================================================
T/V                N    NB     P     Q               Time                 Gflops
--------------------------------------------------------------------------------
WR00C2R2       15000   480     1     2              29.41             7.6507e+01
HPL_pdgesv() start time Sun May  3 06:36:42 2020

HPL_pdgesv() end time   Sun May  3 06:37:11 2020

--------------------------------------------------------------------------------
||Ax-b||_oo/(eps*(||A||_oo*||x||_oo+||b||_oo)*N)=   2.43353973e-03 ...... PASSED
================================================================================
T/V                N    NB     P     Q               Time                 Gflops
--------------------------------------------------------------------------------
WR00C2R4       15000   480     1     2              29.16             7.7175e+01
HPL_pdgesv() start time Sun May  3 06:37:19 2020

HPL_pdgesv() end time   Sun May  3 06:37:48 2020

--------------------------------------------------------------------------------
||Ax-b||_oo/(eps*(||A||_oo*||x||_oo+||b||_oo)*N)=   2.60214153e-03 ...... PASSED
================================================================================
T/V                N    NB     P     Q               Time                 Gflops
--------------------------------------------------------------------------------
WR00R2L2       15000   480     1     2              28.98             7.7663e+01
HPL_pdgesv() start time Sun May  3 06:37:56 2020

HPL_pdgesv() end time   Sun May  3 06:38:25 2020

--------------------------------------------------------------------------------
||Ax-b||_oo/(eps*(||A||_oo*||x||_oo+||b||_oo)*N)=   2.59995040e-03 ...... PASSED
================================================================================
T/V                N    NB     P     Q               Time                 Gflops
--------------------------------------------------------------------------------
WR00R2L4       15000   480     1     2              29.10             7.7342e+01
HPL_pdgesv() start time Sun May  3 06:38:32 2020

HPL_pdgesv() end time   Sun May  3 06:39:01 2020

--------------------------------------------------------------------------------
||Ax-b||_oo/(eps*(||A||_oo*||x||_oo+||b||_oo)*N)=   2.82125467e-03 ...... PASSED
================================================================================
T/V                N    NB     P     Q               Time                 Gflops
--------------------------------------------------------------------------------
WR00R2C2       15000   480     1     2              29.20             7.7057e+01
HPL_pdgesv() start time Sun May  3 06:39:09 2020

HPL_pdgesv() end time   Sun May  3 06:39:38 2020

--------------------------------------------------------------------------------
||Ax-b||_oo/(eps*(||A||_oo*||x||_oo+||b||_oo)*N)=   2.59995040e-03 ...... PASSED
================================================================================
T/V                N    NB     P     Q               Time                 Gflops
--------------------------------------------------------------------------------
WR00R2C4       15000   480     1     2              29.12             7.7277e+01
HPL_pdgesv() start time Sun May  3 06:39:46 2020

HPL_pdgesv() end time   Sun May  3 06:40:15 2020

--------------------------------------------------------------------------------
||Ax-b||_oo/(eps*(||A||_oo*||x||_oo+||b||_oo)*N)=   2.82125467e-03 ...... PASSED
================================================================================
T/V                N    NB     P     Q               Time                 Gflops
--------------------------------------------------------------------------------
WR00R2R2       15000   480     1     2              29.09             7.7362e+01
HPL_pdgesv() start time Sun May  3 06:40:23 2020

HPL_pdgesv() end time   Sun May  3 06:40:52 2020

--------------------------------------------------------------------------------
||Ax-b||_oo/(eps*(||A||_oo*||x||_oo+||b||_oo)*N)=   2.43353973e-03 ...... PASSED
================================================================================
T/V                N    NB     P     Q               Time                 Gflops
--------------------------------------------------------------------------------
WR00R2R4       15000   480     1     2              29.04             7.7478e+01
HPL_pdgesv() start time Sun May  3 06:40:59 2020

HPL_pdgesv() end time   Sun May  3 06:41:28 2020

--------------------------------------------------------------------------------
||Ax-b||_oo/(eps*(||A||_oo*||x||_oo+||b||_oo)*N)=   2.60214153e-03 ...... PASSED
================================================================================
T/V                N    NB     P     Q               Time                 Gflops
--------------------------------------------------------------------------------
WR00L2L2       15000   720     1     2              30.08             7.4822e+01
HPL_pdgesv() start time Sun May  3 06:41:36 2020

HPL_pdgesv() end time   Sun May  3 06:42:06 2020

--------------------------------------------------------------------------------
||Ax-b||_oo/(eps*(||A||_oo*||x||_oo+||b||_oo)*N)=   2.50075846e-03 ...... PASSED
================================================================================
T/V                N    NB     P     Q               Time                 Gflops
--------------------------------------------------------------------------------
WR00L2L4       15000   720     1     2              29.94             7.5169e+01
HPL_pdgesv() start time Sun May  3 06:42:14 2020

HPL_pdgesv() end time   Sun May  3 06:42:44 2020

--------------------------------------------------------------------------------
||Ax-b||_oo/(eps*(||A||_oo*||x||_oo+||b||_oo)*N)=   2.53761847e-03 ...... PASSED
================================================================================
T/V                N    NB     P     Q               Time                 Gflops
--------------------------------------------------------------------------------
WR00L2C2       15000   720     1     2              30.13             7.4700e+01
HPL_pdgesv() start time Sun May  3 06:42:52 2020

HPL_pdgesv() end time   Sun May  3 06:43:22 2020

--------------------------------------------------------------------------------
||Ax-b||_oo/(eps*(||A||_oo*||x||_oo+||b||_oo)*N)=   2.50075846e-03 ...... PASSED
================================================================================
T/V                N    NB     P     Q               Time                 Gflops
--------------------------------------------------------------------------------
WR00L2C4       15000   720     1     2              30.03             7.4926e+01
HPL_pdgesv() start time Sun May  3 06:43:30 2020

HPL_pdgesv() end time   Sun May  3 06:44:00 2020

--------------------------------------------------------------------------------
||Ax-b||_oo/(eps*(||A||_oo*||x||_oo+||b||_oo)*N)=   2.53761847e-03 ...... PASSED
================================================================================
T/V                N    NB     P     Q               Time                 Gflops
--------------------------------------------------------------------------------
WR00L2R2       15000   720     1     2              30.04             7.4906e+01
HPL_pdgesv() start time Sun May  3 06:44:08 2020

HPL_pdgesv() end time   Sun May  3 06:44:38 2020

--------------------------------------------------------------------------------
||Ax-b||_oo/(eps*(||A||_oo*||x||_oo+||b||_oo)*N)=   2.52513479e-03 ...... PASSED
================================================================================
T/V                N    NB     P     Q               Time                 Gflops
--------------------------------------------------------------------------------
WR00L2R4       15000   720     1     2              30.00             7.5017e+01
HPL_pdgesv() start time Sun May  3 06:44:46 2020

HPL_pdgesv() end time   Sun May  3 06:45:16 2020

--------------------------------------------------------------------------------
||Ax-b||_oo/(eps*(||A||_oo*||x||_oo+||b||_oo)*N)=   2.69370776e-03 ...... PASSED
================================================================================
T/V                N    NB     P     Q               Time                 Gflops
--------------------------------------------------------------------------------
WR00C2L2       15000   720     1     2              30.08             7.4804e+01
HPL_pdgesv() start time Sun May  3 06:45:24 2020

HPL_pdgesv() end time   Sun May  3 06:45:54 2020

--------------------------------------------------------------------------------
||Ax-b||_oo/(eps*(||A||_oo*||x||_oo+||b||_oo)*N)=   2.50075846e-03 ...... PASSED
================================================================================
T/V                N    NB     P     Q               Time                 Gflops
--------------------------------------------------------------------------------
WR00C2L4       15000   720     1     2              29.92             7.5222e+01
HPL_pdgesv() start time Sun May  3 06:46:02 2020

HPL_pdgesv() end time   Sun May  3 06:46:32 2020

--------------------------------------------------------------------------------
||Ax-b||_oo/(eps*(||A||_oo*||x||_oo+||b||_oo)*N)=   2.53761847e-03 ...... PASSED
================================================================================
T/V                N    NB     P     Q               Time                 Gflops
--------------------------------------------------------------------------------
WR00C2C2       15000   720     1     2              29.85             7.5397e+01
HPL_pdgesv() start time Sun May  3 06:46:39 2020

HPL_pdgesv() end time   Sun May  3 06:47:09 2020

--------------------------------------------------------------------------------
||Ax-b||_oo/(eps*(||A||_oo*||x||_oo+||b||_oo)*N)=   2.50075846e-03 ...... PASSED
================================================================================
T/V                N    NB     P     Q               Time                 Gflops
--------------------------------------------------------------------------------
WR00C2C4       15000   720     1     2              29.91             7.5240e+01
HPL_pdgesv() start time Sun May  3 06:47:17 2020

HPL_pdgesv() end time   Sun May  3 06:47:47 2020

--------------------------------------------------------------------------------
||Ax-b||_oo/(eps*(||A||_oo*||x||_oo+||b||_oo)*N)=   2.53761847e-03 ...... PASSED
================================================================================
T/V                N    NB     P     Q               Time                 Gflops
--------------------------------------------------------------------------------
WR00C2R2       15000   720     1     2              29.95             7.5141e+01
HPL_pdgesv() start time Sun May  3 06:47:55 2020

HPL_pdgesv() end time   Sun May  3 06:48:25 2020

--------------------------------------------------------------------------------
||Ax-b||_oo/(eps*(||A||_oo*||x||_oo+||b||_oo)*N)=   2.52513479e-03 ...... PASSED
================================================================================
T/V                N    NB     P     Q               Time                 Gflops
--------------------------------------------------------------------------------
WR00C2R4       15000   720     1     2              30.11             7.4740e+01
HPL_pdgesv() start time Sun May  3 06:48:33 2020

HPL_pdgesv() end time   Sun May  3 06:49:03 2020

--------------------------------------------------------------------------------
||Ax-b||_oo/(eps*(||A||_oo*||x||_oo+||b||_oo)*N)=   2.69370776e-03 ...... PASSED
================================================================================
T/V                N    NB     P     Q               Time                 Gflops
--------------------------------------------------------------------------------
WR00R2L2       15000   720     1     2              30.12             7.4714e+01
HPL_pdgesv() start time Sun May  3 06:49:11 2020

HPL_pdgesv() end time   Sun May  3 06:49:41 2020

--------------------------------------------------------------------------------
||Ax-b||_oo/(eps*(||A||_oo*||x||_oo+||b||_oo)*N)=   2.50075846e-03 ...... PASSED
================================================================================
T/V                N    NB     P     Q               Time                 Gflops
--------------------------------------------------------------------------------
WR00R2L4       15000   720     1     2              30.25             7.4400e+01
HPL_pdgesv() start time Sun May  3 06:49:48 2020

HPL_pdgesv() end time   Sun May  3 06:50:19 2020

--------------------------------------------------------------------------------
||Ax-b||_oo/(eps*(||A||_oo*||x||_oo+||b||_oo)*N)=   2.53761847e-03 ...... PASSED
================================================================================
T/V                N    NB     P     Q               Time                 Gflops
--------------------------------------------------------------------------------
WR00R2C2       15000   720     1     2              30.13             7.4679e+01
HPL_pdgesv() start time Sun May  3 06:50:27 2020

HPL_pdgesv() end time   Sun May  3 06:50:57 2020

--------------------------------------------------------------------------------
||Ax-b||_oo/(eps*(||A||_oo*||x||_oo+||b||_oo)*N)=   2.50075846e-03 ...... PASSED
================================================================================
T/V                N    NB     P     Q               Time                 Gflops
--------------------------------------------------------------------------------
WR00R2C4       15000   720     1     2              29.73             7.5696e+01
HPL_pdgesv() start time Sun May  3 06:51:04 2020

HPL_pdgesv() end time   Sun May  3 06:51:34 2020

--------------------------------------------------------------------------------
||Ax-b||_oo/(eps*(||A||_oo*||x||_oo+||b||_oo)*N)=   2.53761847e-03 ...... PASSED
================================================================================
T/V                N    NB     P     Q               Time                 Gflops
--------------------------------------------------------------------------------
WR00R2R2       15000   720     1     2              30.10             7.4764e+01
HPL_pdgesv() start time Sun May  3 06:51:42 2020

HPL_pdgesv() end time   Sun May  3 06:52:12 2020

--------------------------------------------------------------------------------
||Ax-b||_oo/(eps*(||A||_oo*||x||_oo+||b||_oo)*N)=   2.52513479e-03 ...... PASSED
================================================================================
T/V                N    NB     P     Q               Time                 Gflops
--------------------------------------------------------------------------------
WR00R2R4       15000   720     1     2              30.01             7.4989e+01
HPL_pdgesv() start time Sun May  3 06:52:20 2020

HPL_pdgesv() end time   Sun May  3 06:52:50 2020

--------------------------------------------------------------------------------
||Ax-b||_oo/(eps*(||A||_oo*||x||_oo+||b||_oo)*N)=   2.69370776e-03 ...... PASSED
================================================================================
T/V                N    NB     P     Q               Time                 Gflops
--------------------------------------------------------------------------------
WR00L2L2       15000   960     1     2              30.76             7.3150e+01
HPL_pdgesv() start time Sun May  3 06:52:58 2020

HPL_pdgesv() end time   Sun May  3 06:53:29 2020

--------------------------------------------------------------------------------
||Ax-b||_oo/(eps*(||A||_oo*||x||_oo+||b||_oo)*N)=   2.74926447e-03 ...... PASSED
================================================================================
T/V                N    NB     P     Q               Time                 Gflops
--------------------------------------------------------------------------------
WR00L2L4       15000   960     1     2              30.58             7.3579e+01
HPL_pdgesv() start time Sun May  3 06:53:36 2020

HPL_pdgesv() end time   Sun May  3 06:54:07 2020

--------------------------------------------------------------------------------
||Ax-b||_oo/(eps*(||A||_oo*||x||_oo+||b||_oo)*N)=   2.18808256e-03 ...... PASSED
================================================================================
T/V                N    NB     P     Q               Time                 Gflops
--------------------------------------------------------------------------------
WR00L2C2       15000   960     1     2              30.83             7.2993e+01
HPL_pdgesv() start time Sun May  3 06:54:15 2020

HPL_pdgesv() end time   Sun May  3 06:54:45 2020

--------------------------------------------------------------------------------
||Ax-b||_oo/(eps*(||A||_oo*||x||_oo+||b||_oo)*N)=   2.74926447e-03 ...... PASSED
================================================================================
T/V                N    NB     P     Q               Time                 Gflops
--------------------------------------------------------------------------------
WR00L2C4       15000   960     1     2              30.51             7.3750e+01
HPL_pdgesv() start time Sun May  3 06:54:53 2020

HPL_pdgesv() end time   Sun May  3 06:55:24 2020

--------------------------------------------------------------------------------
||Ax-b||_oo/(eps*(||A||_oo*||x||_oo+||b||_oo)*N)=   2.18808256e-03 ...... PASSED
================================================================================
T/V                N    NB     P     Q               Time                 Gflops
--------------------------------------------------------------------------------
WR00L2R2       15000   960     1     2              30.62             7.3490e+01
HPL_pdgesv() start time Sun May  3 06:55:31 2020

HPL_pdgesv() end time   Sun May  3 06:56:02 2020

--------------------------------------------------------------------------------
||Ax-b||_oo/(eps*(||A||_oo*||x||_oo+||b||_oo)*N)=   2.24936937e-03 ...... PASSED
================================================================================
T/V                N    NB     P     Q               Time                 Gflops
--------------------------------------------------------------------------------
WR00L2R4       15000   960     1     2              30.87             7.2897e+01
HPL_pdgesv() start time Sun May  3 06:56:10 2020

HPL_pdgesv() end time   Sun May  3 06:56:41 2020

--------------------------------------------------------------------------------
||Ax-b||_oo/(eps*(||A||_oo*||x||_oo+||b||_oo)*N)=   2.62607099e-03 ...... PASSED
================================================================================
T/V                N    NB     P     Q               Time                 Gflops
--------------------------------------------------------------------------------
WR00C2L2       15000   960     1     2              31.04             7.2493e+01
HPL_pdgesv() start time Sun May  3 06:56:48 2020

HPL_pdgesv() end time   Sun May  3 06:57:19 2020

--------------------------------------------------------------------------------
||Ax-b||_oo/(eps*(||A||_oo*||x||_oo+||b||_oo)*N)=   2.74926447e-03 ...... PASSED
================================================================================
T/V                N    NB     P     Q               Time                 Gflops
--------------------------------------------------------------------------------
WR00C2L4       15000   960     1     2              30.78             7.3106e+01
HPL_pdgesv() start time Sun May  3 06:57:27 2020

HPL_pdgesv() end time   Sun May  3 06:57:58 2020

--------------------------------------------------------------------------------
||Ax-b||_oo/(eps*(||A||_oo*||x||_oo+||b||_oo)*N)=   2.18808256e-03 ...... PASSED
================================================================================
T/V                N    NB     P     Q               Time                 Gflops
--------------------------------------------------------------------------------
WR00C2C2       15000   960     1     2              30.64             7.3449e+01
HPL_pdgesv() start time Sun May  3 06:58:05 2020

HPL_pdgesv() end time   Sun May  3 06:58:36 2020

--------------------------------------------------------------------------------
||Ax-b||_oo/(eps*(||A||_oo*||x||_oo+||b||_oo)*N)=   2.74926447e-03 ...... PASSED
================================================================================
T/V                N    NB     P     Q               Time                 Gflops
--------------------------------------------------------------------------------
WR00C2C4       15000   960     1     2              30.50             7.3789e+01
HPL_pdgesv() start time Sun May  3 06:58:44 2020

HPL_pdgesv() end time   Sun May  3 06:59:14 2020

--------------------------------------------------------------------------------
||Ax-b||_oo/(eps*(||A||_oo*||x||_oo+||b||_oo)*N)=   2.18808256e-03 ...... PASSED
================================================================================
T/V                N    NB     P     Q               Time                 Gflops
--------------------------------------------------------------------------------
WR00C2R2       15000   960     1     2              30.60             7.3545e+01
HPL_pdgesv() start time Sun May  3 06:59:22 2020

HPL_pdgesv() end time   Sun May  3 06:59:53 2020

--------------------------------------------------------------------------------
||Ax-b||_oo/(eps*(||A||_oo*||x||_oo+||b||_oo)*N)=   2.24936937e-03 ...... PASSED
================================================================================
T/V                N    NB     P     Q               Time                 Gflops
--------------------------------------------------------------------------------
WR00C2R4       15000   960     1     2              30.72             7.3264e+01
HPL_pdgesv() start time Sun May  3 07:00:00 2020

HPL_pdgesv() end time   Sun May  3 07:00:31 2020

--------------------------------------------------------------------------------
||Ax-b||_oo/(eps*(||A||_oo*||x||_oo+||b||_oo)*N)=   2.62607099e-03 ...... PASSED
================================================================================
T/V                N    NB     P     Q               Time                 Gflops
--------------------------------------------------------------------------------
WR00R2L2       15000   960     1     2              30.81             7.3027e+01
HPL_pdgesv() start time Sun May  3 07:00:39 2020

HPL_pdgesv() end time   Sun May  3 07:01:09 2020

--------------------------------------------------------------------------------
||Ax-b||_oo/(eps*(||A||_oo*||x||_oo+||b||_oo)*N)=   2.74926447e-03 ...... PASSED
================================================================================
T/V                N    NB     P     Q               Time                 Gflops
--------------------------------------------------------------------------------
WR00R2L4       15000   960     1     2              30.73             7.3238e+01
HPL_pdgesv() start time Sun May  3 07:01:17 2020

HPL_pdgesv() end time   Sun May  3 07:01:48 2020

--------------------------------------------------------------------------------
||Ax-b||_oo/(eps*(||A||_oo*||x||_oo+||b||_oo)*N)=   2.18808256e-03 ...... PASSED
================================================================================
T/V                N    NB     P     Q               Time                 Gflops
--------------------------------------------------------------------------------
WR00R2C2       15000   960     1     2              30.55             7.3665e+01
HPL_pdgesv() start time Sun May  3 07:01:55 2020

HPL_pdgesv() end time   Sun May  3 07:02:26 2020

--------------------------------------------------------------------------------
||Ax-b||_oo/(eps*(||A||_oo*||x||_oo+||b||_oo)*N)=   2.74926447e-03 ...... PASSED
================================================================================
T/V                N    NB     P     Q               Time                 Gflops
--------------------------------------------------------------------------------
WR00R2C4       15000   960     1     2              30.75             7.3185e+01
HPL_pdgesv() start time Sun May  3 07:02:34 2020

HPL_pdgesv() end time   Sun May  3 07:03:04 2020

--------------------------------------------------------------------------------
||Ax-b||_oo/(eps*(||A||_oo*||x||_oo+||b||_oo)*N)=   2.18808256e-03 ...... PASSED
================================================================================
T/V                N    NB     P     Q               Time                 Gflops
--------------------------------------------------------------------------------
WR00R2R2       15000   960     1     2              30.63             7.3466e+01
HPL_pdgesv() start time Sun May  3 07:03:12 2020

HPL_pdgesv() end time   Sun May  3 07:03:43 2020

--------------------------------------------------------------------------------
||Ax-b||_oo/(eps*(||A||_oo*||x||_oo+||b||_oo)*N)=   2.24936937e-03 ...... PASSED
================================================================================
T/V                N    NB     P     Q               Time                 Gflops
--------------------------------------------------------------------------------
WR00R2R4       15000   960     1     2              30.55             7.3660e+01
HPL_pdgesv() start time Sun May  3 07:03:50 2020

HPL_pdgesv() end time   Sun May  3 07:04:21 2020

--------------------------------------------------------------------------------
||Ax-b||_oo/(eps*(||A||_oo*||x||_oo+||b||_oo)*N)=   2.62607099e-03 ...... PASSED
--------------------------------------------------------------------------
Primary job  terminated normally, but 1 process returned
a non-zero exit code. Per user-direction, the job has been aborted.
--------------------------------------------------------------------------
--------------------------------------------------------------------------
mpirun noticed that process rank 1 with PID 626365 on node node8 exited on signal 9 (Killed).
--------------------------------------------------------------------------
slurmstepd: error: Detected 1 oom-kill event(s) in step 29617.batch cgroup. Some of your processes may have been killed by the cgroup out-of-memory handler.
