libibcm: couldn't read ABI version
[1590738663.650260] [node9:513993:0]       cm_iface.c:310  UCX  ERROR ib_cm_open_device() failed: No such file or directory. Check if ib_ucm.ko module is loaded.
[node9:513993] pml_ucx.c:209 Error: Failed to create UCP worker
libibcm: couldn't read ABI version
[1590738663.667904] [node9:513994:0]       cm_iface.c:310  UCX  ERROR ib_cm_open_device() failed: No such file or directory. Check if ib_ucm.ko module is loaded.
libibcm: couldn't read ABI version
[1590738663.669975] [node9:513996:0]       cm_iface.c:310  UCX  ERROR ib_cm_open_device() failed: No such file or directory. Check if ib_ucm.ko module is loaded.
[node9:513994] pml_ucx.c:209 Error: Failed to create UCP worker
[node9:513996] pml_ucx.c:209 Error: Failed to create UCP worker
--------------------------------------------------------------------------
Open MPI failed an OFI Libfabric library call (fi_endpoint).  This is highly
unusual; your job may behave unpredictably (and/or abort) after this.

  Local host: node9
  Location: mtl_ofi_component.c:463
  Error: No such file or directory (2)
--------------------------------------------------------------------------
libibcm: couldn't read ABI version
[1590738663.767312] [node9:513992:0]       cm_iface.c:310  UCX  ERROR ib_cm_open_device() failed: No such file or directory. Check if ib_ucm.ko module is loaded.
[1590738663.767988] [node9:513995:0]       cm_iface.c:310  UCX  ERROR ib_cm_open_device() failed: No such file or directory. Check if ib_ucm.ko module is loaded.
libibcm: couldn't read ABI version
libibcm: couldn't read ABI version
[1590738663.768662] [node9:513997:0]       cm_iface.c:310  UCX  ERROR ib_cm_open_device() failed: No such file or directory. Check if ib_ucm.ko module is loaded.
[node9:513992] pml_ucx.c:209 Error: Failed to create UCP worker
[node9:513995] pml_ucx.c:209 Error: Failed to create UCP worker
[node9:513997] pml_ucx.c:209 Error: Failed to create UCP worker
================================================================================
HPLinpack 2.3  --  High-Performance Linpack benchmark  --   December 2, 2018
Written by A. Petitet and R. Clint Whaley,  Innovative Computing Laboratory, UTK
Modified by Piotr Luszczek, Innovative Computing Laboratory, UTK
Modified by Julien Langou, University of Colorado Denver
================================================================================

An explanation of the input/output parameters follows:
T/V    : Wall time / encoded variant.
N      : The order of the coefficient matrix A.
NB     : The partitioning blocking factor.
P      : The number of process rows.
Q      : The number of process columns.
Time   : Time in seconds to solve the linear system.
Gflops : Rate of execution for solving the linear system.

The following parameter values will be used:

N      :   15000 
NB     :      24 
PMAP   : Row-major process mapping
P      :       1 
Q      :       2 
PFACT  :    Left    Crout    Right 
NBMIN  :       2        4 
NDIV   :       2 
RFACT  :    Left    Crout    Right 
BCAST  :   1ring 
DEPTH  :       0 
SWAP   : Mix (threshold = 64)
L1     : transposed form
U      : transposed form
EQUIL  : yes
ALIGN  : 8 double precision words

--------------------------------------------------------------------------------

- The matrix A is randomly generated for each test.
- The following scaled residual check will be computed:
      ||Ax-b||_oo / ( eps * ( || x ||_oo * || A ||_oo + || b ||_oo ) * N )
- The relative machine precision (eps) is taken to be               1.110223e-16
- Computational tests pass if scaled residuals are less than                16.0

[node9:513988] 5 more processes have sent help message help-mtl-ofi.txt / OFI call fail
[node9:513988] Set MCA parameter "orte_base_help_aggregate" to 0 to see all help / error messages
================================================================================
T/V                N    NB     P     Q               Time                 Gflops
--------------------------------------------------------------------------------
WR00L2L2       15000    24     1     2              21.68             1.0378e+02
HPL_pdgesv() start time Fri May 29 10:51:08 2020

HPL_pdgesv() end time   Fri May 29 10:51:29 2020

--------------------------------------------------------------------------------
||Ax-b||_oo/(eps*(||A||_oo*||x||_oo+||b||_oo)*N)=   2.39686711e-03 ...... PASSED
================================================================================
T/V                N    NB     P     Q               Time                 Gflops
--------------------------------------------------------------------------------
WR00L2L4       15000    24     1     2              22.04             1.0209e+02
HPL_pdgesv() start time Fri May 29 10:51:38 2020

HPL_pdgesv() end time   Fri May 29 10:52:00 2020

--------------------------------------------------------------------------------
||Ax-b||_oo/(eps*(||A||_oo*||x||_oo+||b||_oo)*N)=   2.81364337e-03 ...... PASSED
================================================================================
T/V                N    NB     P     Q               Time                 Gflops
--------------------------------------------------------------------------------
WR00L2C2       15000    24     1     2              20.20             1.1139e+02
HPL_pdgesv() start time Fri May 29 10:52:09 2020

HPL_pdgesv() end time   Fri May 29 10:52:29 2020

--------------------------------------------------------------------------------
||Ax-b||_oo/(eps*(||A||_oo*||x||_oo+||b||_oo)*N)=   2.39686711e-03 ...... PASSED
================================================================================
T/V                N    NB     P     Q               Time                 Gflops
--------------------------------------------------------------------------------
WR00L2C4       15000    24     1     2              26.20             8.5888e+01
HPL_pdgesv() start time Fri May 29 10:52:37 2020

HPL_pdgesv() end time   Fri May 29 10:53:04 2020

--------------------------------------------------------------------------------
||Ax-b||_oo/(eps*(||A||_oo*||x||_oo+||b||_oo)*N)=   2.81364337e-03 ...... PASSED
================================================================================
T/V                N    NB     P     Q               Time                 Gflops
--------------------------------------------------------------------------------
WR00L2R2       15000    24     1     2              25.15             8.9482e+01
HPL_pdgesv() start time Fri May 29 10:53:12 2020

HPL_pdgesv() end time   Fri May 29 10:53:37 2020

--------------------------------------------------------------------------------
||Ax-b||_oo/(eps*(||A||_oo*||x||_oo+||b||_oo)*N)=   2.28924220e-03 ...... PASSED
================================================================================
T/V                N    NB     P     Q               Time                 Gflops
--------------------------------------------------------------------------------
WR00L2R4       15000    24     1     2              25.10             8.9672e+01
HPL_pdgesv() start time Fri May 29 10:53:46 2020

HPL_pdgesv() end time   Fri May 29 10:54:11 2020

--------------------------------------------------------------------------------
||Ax-b||_oo/(eps*(||A||_oo*||x||_oo+||b||_oo)*N)=   2.86830633e-03 ...... PASSED
================================================================================
T/V                N    NB     P     Q               Time                 Gflops
--------------------------------------------------------------------------------
WR00C2L2       15000    24     1     2              22.97             9.7960e+01
HPL_pdgesv() start time Fri May 29 10:54:20 2020

HPL_pdgesv() end time   Fri May 29 10:54:43 2020

--------------------------------------------------------------------------------
||Ax-b||_oo/(eps*(||A||_oo*||x||_oo+||b||_oo)*N)=   2.39686711e-03 ...... PASSED
================================================================================
T/V                N    NB     P     Q               Time                 Gflops
--------------------------------------------------------------------------------
WR00C2L4       15000    24     1     2              30.52             7.3741e+01
HPL_pdgesv() start time Fri May 29 10:54:51 2020

HPL_pdgesv() end time   Fri May 29 10:55:22 2020

--------------------------------------------------------------------------------
||Ax-b||_oo/(eps*(||A||_oo*||x||_oo+||b||_oo)*N)=   2.81364337e-03 ...... PASSED
================================================================================
T/V                N    NB     P     Q               Time                 Gflops
--------------------------------------------------------------------------------
WR00C2C2       15000    24     1     2              22.95             9.8060e+01
HPL_pdgesv() start time Fri May 29 10:55:30 2020

HPL_pdgesv() end time   Fri May 29 10:55:53 2020

--------------------------------------------------------------------------------
||Ax-b||_oo/(eps*(||A||_oo*||x||_oo+||b||_oo)*N)=   2.39686711e-03 ...... PASSED
================================================================================
T/V                N    NB     P     Q               Time                 Gflops
--------------------------------------------------------------------------------
WR00C2C4       15000    24     1     2              21.94             1.0255e+02
HPL_pdgesv() start time Fri May 29 10:56:02 2020

HPL_pdgesv() end time   Fri May 29 10:56:24 2020

--------------------------------------------------------------------------------
||Ax-b||_oo/(eps*(||A||_oo*||x||_oo+||b||_oo)*N)=   2.81364337e-03 ...... PASSED
================================================================================
T/V                N    NB     P     Q               Time                 Gflops
--------------------------------------------------------------------------------
WR00C2R2       15000    24     1     2              22.40             1.0045e+02
HPL_pdgesv() start time Fri May 29 10:56:33 2020

HPL_pdgesv() end time   Fri May 29 10:56:55 2020

--------------------------------------------------------------------------------
||Ax-b||_oo/(eps*(||A||_oo*||x||_oo+||b||_oo)*N)=   2.28924220e-03 ...... PASSED
================================================================================
T/V                N    NB     P     Q               Time                 Gflops
--------------------------------------------------------------------------------
WR00C2R4       15000    24     1     2              31.02             7.2555e+01
HPL_pdgesv() start time Fri May 29 10:57:04 2020

HPL_pdgesv() end time   Fri May 29 10:57:35 2020

--------------------------------------------------------------------------------
||Ax-b||_oo/(eps*(||A||_oo*||x||_oo+||b||_oo)*N)=   2.86830633e-03 ...... PASSED
================================================================================
T/V                N    NB     P     Q               Time                 Gflops
--------------------------------------------------------------------------------
WR00R2L2       15000    24     1     2              24.81             9.0703e+01
HPL_pdgesv() start time Fri May 29 10:57:43 2020

HPL_pdgesv() end time   Fri May 29 10:58:08 2020

--------------------------------------------------------------------------------
||Ax-b||_oo/(eps*(||A||_oo*||x||_oo+||b||_oo)*N)=   2.39686711e-03 ...... PASSED
================================================================================
T/V                N    NB     P     Q               Time                 Gflops
--------------------------------------------------------------------------------
WR00R2L4       15000    24     1     2              22.44             1.0029e+02
HPL_pdgesv() start time Fri May 29 10:58:17 2020

HPL_pdgesv() end time   Fri May 29 10:58:39 2020

--------------------------------------------------------------------------------
||Ax-b||_oo/(eps*(||A||_oo*||x||_oo+||b||_oo)*N)=   2.81364337e-03 ...... PASSED
================================================================================
T/V                N    NB     P     Q               Time                 Gflops
--------------------------------------------------------------------------------
WR00R2C2       15000    24     1     2              23.14             9.7249e+01
HPL_pdgesv() start time Fri May 29 10:58:48 2020

HPL_pdgesv() end time   Fri May 29 10:59:11 2020

--------------------------------------------------------------------------------
||Ax-b||_oo/(eps*(||A||_oo*||x||_oo+||b||_oo)*N)=   2.39686711e-03 ...... PASSED
================================================================================
T/V                N    NB     P     Q               Time                 Gflops
--------------------------------------------------------------------------------
WR00R2C4       15000    24     1     2              30.73             7.3224e+01
HPL_pdgesv() start time Fri May 29 10:59:19 2020

HPL_pdgesv() end time   Fri May 29 10:59:50 2020

--------------------------------------------------------------------------------
||Ax-b||_oo/(eps*(||A||_oo*||x||_oo+||b||_oo)*N)=   2.81364337e-03 ...... PASSED
================================================================================
T/V                N    NB     P     Q               Time                 Gflops
--------------------------------------------------------------------------------
WR00R2R2       15000    24     1     2              30.28             7.4329e+01
HPL_pdgesv() start time Fri May 29 10:59:59 2020

HPL_pdgesv() end time   Fri May 29 11:00:29 2020

--------------------------------------------------------------------------------
||Ax-b||_oo/(eps*(||A||_oo*||x||_oo+||b||_oo)*N)=   2.28924220e-03 ...... PASSED
================================================================================
T/V                N    NB     P     Q               Time                 Gflops
--------------------------------------------------------------------------------
WR00R2R4       15000    24     1     2              32.94             6.8312e+01
HPL_pdgesv() start time Fri May 29 11:00:38 2020

HPL_pdgesv() end time   Fri May 29 11:01:10 2020

--------------------------------------------------------------------------------
||Ax-b||_oo/(eps*(||A||_oo*||x||_oo+||b||_oo)*N)=   2.86830633e-03 ...... PASSED
================================================================================

Finished     18 tests with the following results:
             18 tests completed and passed residual checks,
              0 tests completed and failed residual checks,
              0 tests skipped because of illegal input values.
--------------------------------------------------------------------------------

End of Tests.
================================================================================
